<?xml version="1.0" encoding="utf-8"?><testsuites><testsuite name="pytest" errors="0" failures="0" skipped="1" tests="271" time="1702.888" timestamp="2025-05-28T21:41:28.915959+00:00" hostname="fv-az1048-781"><testcase classname="tests.integration.test_pain_point_detection_integration.TestPainPointDetectionIntegration" name="test_pain_point_detection_end_to_end" time="76.071" /><testcase classname="tests.integration.test_pain_point_detection_integration.TestPainPointDetectionIntegration" name="test_anxiety_pain_point_detection" time="3.171" /><testcase classname="tests.integration.test_pain_point_detection_integration.TestPainPointDetectionIntegration" name="test_template_selection_with_pain_point" time="3.142" /><testcase classname="tests.integration.test_response_generation_integration.TestResponseGenerationIntegration" name="test_context_building_with_missing_fields" time="0.994" /><testcase classname="tests.integration.test_response_generation_integration.TestResponseGenerationIntegration" name="test_template_selection" time="1.230" /><testcase classname="tests.integration.test_response_generation_integration.TestResponseGenerationIntegration" name="test_determine_final_context" time="4.771" /><testcase classname="tests.integration.test_topic_detection_integration.TestTopicDetectionIntegration" name="test_topic_detection_in_question_analysis" time="1.189" /><testcase classname="tests.integration.test_topic_detection_integration.TestTopicDetectionIntegration" name="test_extracted_topics_for_retrieval" time="1.736" /><testcase classname="tests.integration.test_topic_detection_integration.TestTopicDetectionIntegration" name="test_emotion_detection" time="1.022" /><testcase classname="tests.test_approach_mapping.TestApproachMapping" name="test_case_insensitivity" time="1.159" /><testcase classname="tests.test_approach_mapping.TestApproachMapping" name="test_common_variations" time="1.093" /><testcase classname="tests.test_approach_mapping.TestApproachMapping" name="test_direct_matches" time="1.101" /><testcase classname="tests.test_approach_mapping.TestApproachMapping" name="test_fallback_for_unknown_approaches" time="1.042" /><testcase classname="tests.test_approach_mapping.TestApproachMapping" name="test_integration_with_pain_point_results" time="1.109" /><testcase classname="tests.test_approach_mapping.TestApproachMapping" name="test_null_or_empty_values" time="1.041" /><testcase classname="tests.test_approach_mapping.TestApproachMapping" name="test_partial_matches" time="1.072" /><testcase classname="tests.test_associative_memory.TestDynamicRAG" name="test_associative_query_chain" time="0.236" /><testcase classname="tests.test_associative_memory.TestDynamicRAG" name="test_caching_with_associations_dynamic_rag" time="0.226" /><testcase classname="tests.test_associative_memory.TestDynamicRAG" name="test_empty_related_topics" time="0.248" /><testcase classname="tests.test_associative_memory.TestDynamicRAG" name="test_format_of_associated_results_dynamic_rag" time="0.234" /><testcase classname="tests.test_associative_memory.TestDynamicRAG" name="test_multi_topic_associations_dynamic_rag" time="0.229" /><testcase classname="tests.test_associative_memory.TestDynamicRAG" name="test_no_associative_results" time="0.225" /><testcase classname="tests.test_associative_memory" name="test_associative_query_chain" time="7.140" /><testcase classname="tests.test_associative_memory" name="test_caching_with_associations" time="7.085" /><testcase classname="tests.test_associative_memory" name="test_format_of_associated_results" time="5.599" /><testcase classname="tests.test_associative_memory" name="test_multi_topic_associations" time="7.410" /><testcase classname="tests.test_basic_mock" name="test_direct_mock" time="0.237" /><testcase classname="tests.test_context_debug" name="test_simple_context_extraction" time="0.232" /><testcase classname="tests.test_context_debug" name="test_real_context_extraction" time="0.995" /><testcase classname="tests.test_context_reuse.TestContextReuse" name="test_approach_type_and_template_selection" time="1.750" /><testcase classname="tests.test_context_reuse.TestContextReuse" name="test_complex_context_handling_in_generation" time="1.732" /><testcase classname="tests.test_context_reuse.TestContextReuse" name="test_context_building_with_different_pain_points" time="1.472" /><testcase classname="tests.test_context_reuse.TestContextReuse" name="test_context_reuse_with_real_embedding" time="3.150" /><testcase classname="tests.test_context_reuse.TestContextReuse" name="test_dict_context_in_save_interaction" time="4.115" /><testcase classname="tests.test_context_reuse.TestContextReuse" name="test_dynamic_retriever_integration_with_context" time="1.707" /><testcase classname="tests.test_context_reuse.TestContextReuse" name="test_embedding_reuse_in_pipeline" time="3.424" /><testcase classname="tests.test_context_reuse.TestContextReuse" name="test_empty_and_edge_case_contexts" time="1.798" /><testcase classname="tests.test_context_reuse.TestContextReuse" name="test_enhance_context_with_relevant_documents" time="1.410" /><testcase classname="tests.test_database.TestDatabaseManager" name="test_init" time="0.213" /><testcase classname="tests.test_database.TestDatabaseManager" name="test_create_user_schema_sync" time="0.209" /><testcase classname="tests.test_database.TestDatabaseManager" name="test_create_user_schema_error" time="0.213" /><testcase classname="tests.test_database.TestDatabaseManager" name="test_get_conversation_history" time="0.228" /><testcase classname="tests.test_database.TestDatabaseManager" name="test_get_conversation_history_empty" time="0.209" /><testcase classname="tests.test_database.TestDatabaseManager" name="test_get_conversation_history_error" time="0.205" /><testcase classname="tests.test_database.TestDatabaseManager" name="test_add_interaction_success" time="0.988" /><testcase classname="tests.test_database.TestDatabaseManager" name="test_add_interaction_rpc_failure_fallback" time="0.209" /><testcase classname="tests.test_database.TestDatabaseManager" name="test_add_interaction_with_empty_question" time="0.206" /><testcase classname="tests.test_database.TestDatabaseManager" name="test_add_interaction_skips_embedding_for_empty_question" time="0.209" /><testcase classname="tests.test_database.TestDatabaseManager" name="test_add_interaction_both_methods_fail" time="0.221" /><testcase classname="tests.test_database.TestDatabaseManager" name="test_find_similar_documents" time="0.206" /><testcase classname="tests.test_database.TestDatabaseManager" name="test_find_similar_documents_type_checking" time="1.002" /><testcase classname="tests.test_database.TestDatabaseManager" name="test_get_conversation_history_empty_session" time="0.208" /><testcase classname="tests.test_database.TestDatabaseManager" name="test_get_topic_interactions" time="0.204" /><testcase classname="tests.test_database.TestDatabaseManager" name="test_get_high_quality_interactions" time="0.204" /><testcase classname="tests.test_database.TestDatabaseManager" name="test_sanitize_schema_name" time="0.220" /><testcase classname="tests.test_database.TestDatabaseManager" name="test_connect_psychological_concepts" time="0.218" /><testcase classname="tests.test_database.TestDatabaseManager" name="test_connect_psychological_concepts_error" time="0.215" /><testcase classname="tests.test_database.TestDatabaseManager" name="test_extract_psychological_themes" time="0.203" /><testcase classname="tests.test_database.TestDatabaseManager" name="test_extract_psychological_themes_empty" time="0.198" /><testcase classname="tests.test_database.TestDatabaseManager" name="test_extract_psychological_themes_content_analysis" time="0.234" /><testcase classname="tests.test_database.TestDatabaseManager" name="test_analyze_emotional_vector_trajectory" time="0.214" /><testcase classname="tests.test_database.TestDatabaseManager" name="test_analyze_emotional_vector_trajectory_empty" time="0.214" /><testcase classname="tests.test_database.TestDatabaseManager" name="test_analyze_emotional_vector_trajectory_invalid_metadata" time="0.208" /><testcase classname="tests.test_database.TestDatabaseManager" name="test_mark_therapeutic_insight" time="0.214" /><testcase classname="tests.test_database.TestDatabaseManager" name="test_mark_therapeutic_insight_null_metadata" time="0.242" /><testcase classname="tests.test_database.TestDatabaseManager" name="test_mark_therapeutic_insight_error" time="0.226" /><testcase classname="tests.test_database.TestDatabaseManager" name="test_schema_creation_with_existing_schema" time="0.208" /><testcase classname="tests.test_database.TestDatabaseManager" name="test_sanitize_inputs" time="1.002" /><testcase classname="tests.test_database.TestDatabaseManager" name="test_database_connection_error_recovery" time="0.225" /><testcase classname="tests.test_database.TestDatabaseManager" name="test_verify_schema_structure" time="0.229" /><testcase classname="tests.test_database.TestDatabaseManager" name="test_verify_schema_structure_with_mocking" time="0.232" /><testcase classname="tests.test_database.TestDatabaseManager" name="test_database_error_handling" time="0.221" /><testcase classname="tests.test_database.TestDatabaseManager" name="test_schema_validation" time="0.210" /><testcase classname="tests.test_database.TestDatabaseManager" name="test_unicode_handling" time="1.156" /><testcase classname="tests.test_database.TestDatabaseManager" name="test_schema_existence_checking" time="0.228" /><testcase classname="tests.test_database.TestDatabaseManager" name="test_basic_text_handling" time="1.069" /><testcase classname="tests.test_database.TestDatabaseManager" name="test_find_similar_documents_via_rpc" time="0.225" /><testcase classname="tests.test_database.TestDatabaseManager" name="test_optimize_vector_operations" time="0.219" /><testcase classname="tests.test_database.TestDatabaseManager" name="test_ensure_vector_indexes" time="0.219" /><testcase classname="tests.test_database.TestDatabaseManager" name="test_update_table_statistics" time="0.215" /><testcase classname="tests.test_database_error_handling.TestDatabaseErrorHandling" name="test_analyze_emotional_response_handles_dict_format" time="1.019" /><testcase classname="tests.test_database_error_handling.TestDatabaseErrorHandling" name="test_analyze_emotional_response_handles_list_format" time="0.750" /><testcase classname="tests.test_database_error_handling.TestDatabaseErrorHandling" name="test_inspect_implementation" time="1.045" /><testcase classname="tests.test_database_functions.TestDatabaseFunctions" name="test_save_and_retrieve_with_session_id" time="8.834" /><testcase classname="tests.test_database_functions.TestDatabaseFunctions" name="test_find_similar_documents_with_session_id" time="14.647" /><testcase classname="tests.test_database_functions.TestDatabaseFunctions" name="test_dynamic_rag_with_session_id" time="13.857" /><testcase classname="tests.test_db_manager_mock" name="test_db_manager_mock_save_interaction" time="0.226" /><testcase classname="tests.test_diagnostic" name="test_diagnostic_rag_processor" time="0.932" /><testcase classname="tests.test_direct_rag" name="test_rag_implementation_check" time="0.958" /><testcase classname="tests.test_dynamic_rag.TestDynamicRAGRetriever" name="test_combined_retrieval_workflow" time="1.045" /><testcase classname="tests.test_dynamic_rag.TestDynamicRAGRetriever" name="test_get_knowledge_by_query" time="1.117" /><testcase classname="tests.test_dynamic_rag.TestDynamicRAGRetriever" name="test_get_knowledge_by_query_caching" time="0.758" /><testcase classname="tests.test_dynamic_rag.TestDynamicRAGRetriever" name="test_get_pain_point" time="1.083" /><testcase classname="tests.test_dynamic_rag.TestDynamicRAGRetriever" name="test_get_past_interactions" time="1.066" /><testcase classname="tests.test_dynamic_rag.TestDynamicRAGRetriever" name="test_get_past_interactions_by_topic" time="0.992" /><testcase classname="tests.test_dynamic_rag.TestDynamicRAGRetriever" name="test_similarity_formatting" time="1.053" /><testcase classname="tests.test_dynamic_rag.TestDynamicRAGRetriever" name="test_template_existence" time="1.038" /><testcase classname="tests.test_dynamic_rag.TestDynamicRAGRetriever" name="test_template_selection_with_anxiety" time="1.034" /><testcase classname="tests.test_dynamic_rag_edge_cases.TestDynamicRAGEdgeCases" name="test_database_error_handling" time="0.229" /><testcase classname="tests.test_dynamic_rag_edge_cases.TestDynamicRAGEdgeCases" name="test_empty_input_handling" time="0.213" /><testcase classname="tests.test_dynamic_rag_edge_cases.TestDynamicRAGEdgeCases" name="test_empty_results_handling" time="0.206" /><testcase classname="tests.test_dynamic_rag_edge_cases.TestDynamicRAGEdgeCases" name="test_special_characters_input" time="0.200" /><testcase classname="tests.test_dynamic_rag_edge_cases.TestDynamicRAGIntegration" name="test_large_scale_caching" time="0.229" /><testcase classname="tests.test_embedding_generation.TestEmbeddingGeneration" name="test_device_handling" time="11.300" /><testcase classname="tests.test_embedding_generation.TestEmbeddingGeneration" name="test_dict_context_storage" time="7.225" /><testcase classname="tests.test_embedding_generation.TestEmbeddingGeneration" name="test_dict_context_storage_edge_cases" time="10.991" /><testcase classname="tests.test_embedding_generation.TestEmbeddingGeneration" name="test_direct_batchencoding_to_device" time="3.655" /><testcase classname="tests.test_embedding_generation.TestEmbeddingGeneration" name="test_embedding_end_to_end" time="7.616" /><testcase classname="tests.test_embedding_generation.TestEmbeddingGeneration" name="test_embedding_when_model_not_loaded" time="3.869" /><testcase classname="tests.test_embedding_generation.TestEmbeddingGeneration" name="test_model_manager_get_embedding_integration" time="4.270" /><testcase classname="tests.test_embedding_generation.TestEmbeddingGeneration" name="test_tokenizer_output_handling" time="4.928" /><testcase classname="tests.test_explainer.TestExplainer" name="test_full_pipeline_example" time="1.732" /><testcase classname="tests.test_mapping_consistency.TestMappingConsistency" name="test_approach_to_template_consistency" time="0.255" /><testcase classname="tests.test_mapping_consistency.TestMappingConsistency" name="test_pain_point_to_topic_consistency" time="5.475" /><testcase classname="tests.test_mapping_consistency.TestMappingConsistency" name="test_topic_to_emotion_consistency" time="0.212" /><testcase classname="tests.test_mapping_consistency.TestMappingConsistency" name="test_approach_visualization" time="4.674" /><testcase classname="tests.test_mapping_consistency.TestMappingConsistency" name="test_grief_related_mappings" time="0.216" /><testcase classname="tests.test_mock_verify" name="test_mock_db_manager_with_spy" time="0.213" /><testcase classname="tests.test_pain_point_detection.TestPainPointDetection" name="test_approach_type_selection" time="1.395" /><testcase classname="tests.test_pain_point_detection.TestPainPointDetection" name="test_dynamic_rag_retriever_integration1" time="3.423" /><testcase classname="tests.test_pain_point_detection.TestPainPointDetection" name="test_dynamic_rag_retriever_integration_with_silent_db" time="2.924" /><testcase classname="tests.test_pain_point_detection.TestPainPointDetection" name="test_emotion_detection_enhancement" time="1.571" /><testcase classname="tests.test_pain_point_detection.TestPainPointDetection" name="test_multiple_pain_points_detected" time="3.326" /><testcase classname="tests.test_pain_point_detection.TestPainPointDetection" name="test_no_pain_points_detected" time="4.216" /><testcase classname="tests.test_pain_point_detection.TestPainPointDetection" name="test_pain_point_detection_system" time="4.546" /><testcase classname="tests.test_pain_point_detection.TestPainPointDetection" name="test_topic_detection_and_storage" time="1.416" /><testcase classname="tests.test_pattern" name="test_rag_processor_consistent_pattern" time="0.920" /><testcase classname="tests.test_quick_fix" name="test_mock_exact_responses" time="0.227" /><testcase classname="tests.test_rag_context_determination" name="test_determine_context" time="0.226" /><testcase classname="tests.test_rag_context_determination" name="test_extract_relevant_interactions" time="0.220" /><testcase classname="tests.test_rag_context_determination" name="test_format_interactions_as_context" time="0.211" /><testcase classname="tests.test_rag_context_determination" name="test_create_context_from_similar_interactions" time="0.224" /><testcase classname="tests.test_rag_context_determination" name="test_context_determination_from_topic" time="0.211" /><testcase classname="tests.test_rag_context_determination" name="test_context_determination_from_category_info" time="0.227" /><testcase classname="tests.test_rag_context_determination" name="test_context_fallback_to_therapeutic_dialogue" time="0.915" /><testcase classname="tests.test_rag_context_determination" name="test_context_from_pain_point" time="0.252" /><testcase classname="tests.test_rag_context_integration.TestRAGContextIntegration" name="test_combined_context_generation" time="8.805" /><testcase classname="tests.test_rag_context_integration.TestRAGContextIntegration" name="test_context_determination_integration" time="11.628" /><testcase classname="tests.test_rag_context_integration.TestRAGContextIntegration" name="test_context_sources_in_metadata" time="11.170" /><testcase classname="tests.test_rag_context_integration.TestRAGContextIntegration" name="test_debug_save_interaction" time="11.385" /><testcase classname="tests.test_rag_context_integration.TestRAGContextIntegration" name="test_fallback_to_legacy_method" time="10.490" /><testcase classname="tests.test_rag_context_integration.TestRAGContextIntegration" name="test_inspect_implementation" time="10.783" /><testcase classname="tests.test_rag_context_integration.TestRAGContextIntegration" name="test_real_context_determination" time="12.694" /><testcase classname="tests.test_rag_debug.TestRAGProcessorSaveInteraction" name="test_rag_processor_save_interaction_call" time="2.015" /><testcase classname="tests.test_rag_direct" name="test_rag_direct_save" time="0.218" /><testcase classname="tests.test_rag_processor.TestRAGProcessor" name="test_init" time="1.057" /><testcase classname="tests.test_rag_processor.TestRAGProcessor" name="test_process_query_new_embedding" time="0.924" /><testcase classname="tests.test_rag_processor.TestRAGProcessor" name="test_process_query_cached_embedding" time="0.909" /><testcase classname="tests.test_rag_processor.TestRAGProcessor" name="test_get_relevant_documents" time="0.912" /><testcase classname="tests.test_rag_processor.TestRAGProcessor" name="test_enhance_context_with_relevant_documents_direct_override" time="0.916" /><testcase classname="tests.test_rag_processor.TestRAGProcessor" name="test_enhance_context_with_no_documents" time="1.616" /><testcase classname="tests.test_rag_processor.TestRAGProcessor" name="test_detect_pain_points_exception_handling" time="0.908" /><testcase classname="tests.test_rag_processor.TestRAGProcessor" name="test_detect_pain_points_no_pain_point" time="1.560" /><testcase classname="tests.test_rag_processor.TestRAGProcessor" name="test_pain_point_detection_variants[pain_point_data0-True]" time="0.918" /><testcase classname="tests.test_rag_processor.TestRAGProcessor" name="test_pain_point_detection_variants[pain_point_data1-False]" time="0.943" /><testcase classname="tests.test_rag_processor.TestRAGProcessor" name="test_pain_point_detection_variants[None-False]" time="0.942" /><testcase classname="tests.test_rag_processor.TestRAGProcessor" name="test_enhance_context_with_relevant_documents" time="0.926" /><testcase classname="tests.test_rag_processor.TestRAGProcessor" name="test_generate_response_toxic_content" time="0.919" /><testcase classname="tests.test_rag_processor.TestRAGProcessor" name="test_generate_response_normal_flow" time="0.912" /><testcase classname="tests.test_rag_processor.TestRAGProcessor" name="test_get_recent_conversation_history" time="0.918" /><testcase classname="tests.test_rag_processor.TestRAGProcessor" name="test_generate_contextual_data" time="0.921" /><testcase classname="tests.test_rag_processor.TestRAGProcessor" name="test_generate_pain_point_approach" time="0.959" /><testcase classname="tests.test_rag_processor.TestRAGProcessor" name="test_json_serialization_in_metadata" time="1.058" /><testcase classname="tests.test_rag_processor.TestRAGProcessor" name="test_datetime_handling" time="0.944" /><testcase classname="tests.test_rag_processor.TestRAGProcessor" name="test_typechecked_validation" time="0.965" /><testcase classname="tests.test_rag_processor.TestRAGProcessor" name="test_json_handling_in_metadata" time="0.913" /><testcase classname="tests.test_rag_processor.TestRAGProcessor" name="test_datetime_processing" time="0.942" /><testcase classname="tests.test_rag_processor.TestRAGProcessor" name="test_dynamic_rag_retriever_integration" time="2.480" /><testcase classname="tests.test_rag_processor.TestRAGProcessor" name="test_dynamic_rag_retriever_integration1" time="2.536" /><testcase classname="tests.test_rag_processor.TestRAGProcessor" name="test_dynamic_rag_retriever_integration_with_silent_db_v1" time="2.396" /><testcase classname="tests.test_rag_processor.TestRAGProcessor" name="test_dynamic_rag_retriever_integration_with_silent_db_v2" time="0.937" /><testcase classname="tests.test_rag_save_interaction" name="test_rag_save_interaction" time="1.003" /><testcase classname="tests.test_response_quality.TestResponseQuality" name="test_response_does_not_contain_illustration_paragraph" time="7.913" /><testcase classname="tests.test_response_quality.TestResponseQuality" name="test_response_addresses_depression_content" time="32.324" /><testcase classname="tests.test_response_quality.TestResponseQuality" name="test_dynamic_retrieval_works_with_mock" time="66.759" /><testcase classname="tests.test_response_quality.TestResponseQuality" name="test_response_handles_depression_topic" time="32.509" /><testcase classname="tests.test_response_quality.TestResponseQuality" name="test_response_handles_stress_topic" time="34.030" /><testcase classname="tests.test_response_quality.TestResponseQuality" name="test_response_handles_burnout_topic" time="29.215" /><testcase classname="tests.test_response_quality.TestResponseQuality" name="test_response_handles_stigma_topic" time="37.633" /><testcase classname="tests.test_response_quality.TestResponseQuality" name="test_response_handles_coping_topic" time="37.646" /><testcase classname="tests.test_response_quality.TestResponseQuality" name="test_response_handles_support_topic" time="46.384" /><testcase classname="tests.test_response_quality.TestResponseQuality" name="test_response_handles_therapy_topic" time="36.174" /><testcase classname="tests.test_response_quality.TestResponseQuality" name="test_response_handles_mindfulness_topic" time="44.752" /><testcase classname="tests.test_response_quality.TestResponseQuality" name="test_response_handles_communication_topic" time="41.777" /><testcase classname="tests.test_response_quality.TestResponseQuality" name="test_response_handles_addiction_topic" time="48.729" /><testcase classname="tests.test_response_quality.TestResponseQuality" name="test_response_handles_suicidal_thoughts_topic" time="47.614" /><testcase classname="tests.test_response_quality.TestResponseQuality" name="test_response_handles_anger_topic" time="52.328" /><testcase classname="tests.test_response_quality.TestResponseQuality" name="test_response_handles_grief_topic" time="41.434" /><testcase classname="tests.test_response_quality.TestResponseQuality" name="test_response_handles_anxiety_topic" time="48.268" /><testcase classname="tests.test_response_quality.TestResponseQuality" name="test_response_handles_trauma_topic" time="57.107" /><testcase classname="tests.test_response_quality.TestResponseQuality" name="test_response_handles_empty_input" time="72.459" /><testcase classname="tests.test_response_quality.TestResponseQuality" name="test_response_handles_invalid_input" time="51.560" /><testcase classname="tests.test_response_quality.TestResponseQuality" name="test_response_handles_long_input" time="33.723" /><testcase classname="tests.test_response_quality.TestResponseQuality" name="test_response_handles_special_characters" time="55.949" /><testcase classname="tests.test_response_quality.TestResponseQuality" name="test_response_handles_multiple_topics" time="73.231" /><testcase classname="tests.test_response_quality.TestResponseQuality" name="test_response_handles_cultural_sensitivity" time="53.663" /><testcase classname="tests.test_response_quality.TestResponseQuality" name="test_response_handles_mental_health_resources" time="70.345" /><testcase classname="tests.test_response_quality.TestResponseQuality" name="test_response_handles_urgent_support" time="67.558" /><testcase classname="tests.test_simple_mock" name="test_mock_called" time="0.531" /><testcase classname="tests.test_simplified" name="test_rag_processor_simplified" time="1.343" /><testcase classname="tests.test_spy_object" name="test_with_autospec_mock" time="1.273" /><testcase classname="tests.test_template_debug.TestTemplateDebugging" name="test_identify_iteration_point" time="0.392" /><testcase classname="tests.test_template_debug.TestTemplateDebugging" name="test_debug_prompt_splitting" time="0.392" /><testcase classname="tests.test_template_debug.TestTemplateDebugging" name="test_isolate_mock_issues" time="0.611" /><testcase classname="tests.test_template_debug.TestTemplateDebugging" name="test_bypass_template_rendering" time="0.393" /><testcase classname="tests.test_template_debug.TestTemplateDebugging" name="test_reproduce_issue_step_by_step" time="0.389" /><testcase classname="tests.test_template_debug.TestTemplateDebugging" name="test_real_template_with_mock_functions" time="0.498" /><testcase classname="tests.test_template_debug.TestTemplateDebugging" name="test_inspect_template_loading_code" time="0.390" /><testcase classname="tests.test_template_debug.TestTemplateDebugging" name="test_pinpoint_template_render_issue" time="0.398" /><testcase classname="tests.test_template_debug.TestTemplateDebugging" name="test_fix_template_implementation" time="0.512" /><testcase classname="tests.test_template_debug.TestTemplateDebugging" name="test_example_with_clean_setup" time="1.119" /><testcase classname="tests.test_template_debug.TestTemplateDebugging" name="test_mapping_consistency" time="0.264" /><testcase classname="tests.test_text_generator.TestTextGenerator" name="test_emotion_detection_happy" time="0.398" /><testcase classname="tests.test_text_generator.TestTextGenerator" name="test_emotion_detection_sad" time="0.433" /><testcase classname="tests.test_text_generator.TestTextGenerator" name="test_emotion_detection_angry" time="0.410" /><testcase classname="tests.test_text_generator.TestTextGenerator" name="test_emotion_detection_anxious" time="0.434" /><testcase classname="tests.test_text_generator.TestTextGenerator" name="test_neutral_emotion_handling" time="0.393" /><testcase classname="tests.test_text_generator.TestTextGenerator" name="test_template_rendering" time="0.417" /><testcase classname="tests.test_text_generator.TestTextGenerator" name="test_conversation_history_integration" time="0.234" /><testcase classname="tests.test_text_generator.TestTextGenerator" name="test_emotion_detection_with_complex_input" time="0.389" /><testcase classname="tests.test_text_generator.TestTextGenerator" name="test_error_handling_in_emotion_detection" time="0.242" /><testcase classname="tests.test_text_generator.TestTextGenerator" name="test_emotion_detection_integration" time="0.408" /><testcase classname="tests.test_text_generator.TestTextGenerator" name="test_debug_emotion_detection" time="0.384" /><testcase classname="tests.test_text_generator.TestTextGenerator" name="test_emotion_detection_happy_alternative" time="0.379" /><testcase classname="tests.test_text_generator_2.TestTherapeuticResponse" name="test_emotion_analysis_and_context_creation" time="1.184" /><testcase classname="tests.test_text_generator_2.TestTherapeuticResponse" name="test_category_information_addition" time="0.616" /><testcase classname="tests.test_text_generator_2.TestTherapeuticResponse" name="test_token_count_checking_and_truncation" time="0.238" /><testcase classname="tests.test_text_generator_2.TestTherapeuticResponse" name="test_conversation_history_integration" time="0.238" /><testcase classname="tests.test_text_generator_2.TestTherapeuticResponse" name="test_short_response_handling" time="0.435" /><testcase classname="tests.test_text_generator_2.TestTherapeuticResponse" name="test_memory_optimization_for_gpu" time="0.002"><skipped type="pytest.skip" message="CUDA not available">/home/runner/work/psy-supabase/psy-supabase/tests/test_text_generator_2.py:183: CUDA not available</skipped></testcase><testcase classname="tests.test_text_generator_2.TestTherapeuticResponse" name="test_error_handling" time="0.247" /><testcase classname="tests.test_text_generator_2.TestTherapeuticResponse" name="test_emotion_analysis_with_debug" time="0.400" /><testcase classname="tests.test_text_generator_2_fix" name="test_token_count_checking_and_truncation" time="0.269" /><testcase classname="tests.test_text_generator_2_fix" name="test_conversation_history_integration" time="0.268" /><testcase classname="tests.test_text_generator_2_fix" name="test_error_handling" time="0.269" /><testcase classname="tests.test_topic_emotion_detection.TestTopicEmotionDetection" name="test_topic_detection_confidence_scores" time="1.137" /><testcase classname="tests.test_topic_emotion_detection.TestTopicEmotionDetection" name="test_emotion_detection_confidence_scores" time="1.396" /><testcase classname="tests.test_topic_emotion_detection.TestTopicEmotionDetection" name="test_subtle_topic_detection" time="1.284" /><testcase classname="tests.test_topic_emotion_detection.TestTopicEmotionDetection" name="test_database_topic_extraction" time="0.253" /><testcase classname="tests.test_topic_emotion_detection.TestTopicEmotionDetection" name="test_greeting_detection" time="1.941" /><testcase classname="tests.test_topic_emotion_detection.TestTopicEmotionDetection" name="test_ambiguous_questions_default_to_supportive_listening" time="1.163" /><testcase classname="tests.test_topic_emotion_detection.TestTopicEmotionDetection" name="test_confidence_threshold_with_priority_topics" time="1.153" /><testcase classname="tests.test_topic_emotion_detection.TestTopicEmotionDetection" name="test_analyze_question_parameters" time="1.036" /><testcase classname="tests.test_topic_emotion_detection.TestTopicEmotionDetection" name="test_topic_mapping_consistency" time="1.115" /><testcase classname="tests.test_topic_emotion_detection.TestTopicEmotionDetection" name="test_emotion_detection_accuracy" time="1.411" /><testcase classname="tests.test_utilities" name="test_detect_repetition_pattern" time="0.239" /><testcase classname="tests.test_utilities" name="test_detect_repetition_pattern_no_fixation" time="0.245" /><testcase classname="tests.test_utilities" name="test_detect_repetition_pattern_empty" time="0.245" /><testcase classname="tests.test_utilities" name="test_detect_repetition_pattern_keep_words_filtering" time="0.245" /><testcase classname="tests.test_utilities" name="test_detect_repetition_pattern_only_common_words" time="0.250" /><testcase classname="tests.test_vector_integration" name="test_database_manager_uses_vector_utils_module" time="0.240" /><testcase classname="tests.test_vector_integration" name="test_database_manager_vector_operations_error_handling" time="0.262" /><testcase classname="tests.test_vector_integration" name="test_vector_utilities_module_imported" time="0.259" /><testcase classname="tests.test_vector_utils" name="test_optimize_vector_operations_all_operations" time="0.246" /><testcase classname="tests.test_vector_utils" name="test_optimize_vector_operations_no_operations" time="0.258" /><testcase classname="tests.test_vector_utils" name="test_batch_enrich_interactions" time="0.258" /><testcase classname="tests.test_vector_utils" name="test_batch_enrich_interactions_no_data" time="0.242" /><testcase classname="tests.test_vector_utils" name="test_ensure_vector_indexes_already_exists" time="0.246" /><testcase classname="tests.test_vector_utils" name="test_ensure_vector_indexes_create_needed" time="0.243" /><testcase classname="tests.test_vector_utils" name="test_update_table_statistics_success" time="0.250" /><testcase classname="tests.test_vector_utils" name="test_update_table_statistics_error" time="0.247" /><testcase classname="tests.test_vector_utils" name="test_vector_format_validation" time="0.249" /><testcase classname="tests.test_vector_utils" name="test_find_similar_interactions_parameter_validation" time="0.244" /><testcase classname="tests.test_vector_utils" name="test_unified_vector_search" time="0.242" /><testcase classname="tests.test_vector_utils_integration.TestVectorUtilsIntegration" name="test_batch_enrich_interactions" time="2.211" /><testcase classname="tests.test_vector_utils_integration.TestVectorUtilsIntegration" name="test_format_vector_for_pgvector" time="1.596" /><testcase classname="tests.test_vector_utils_integration.TestVectorUtilsIntegration" name="test_optimize_vector_operations_integration" time="2.624" /><testcase classname="tests.test_vector_utils_integration.TestVectorUtilsIntegration" name="test_parameter_validation" time="1.595" /><testcase classname="tests.test_vector_utils_integration.TestVectorUtilsIntegration" name="test_real_db_ensure_vector_indexes" time="2.093" /><testcase classname="tests.test_vector_utils_integration.TestVectorUtilsIntegration" name="test_unified_vector_search" time="2.128" /><testcase classname="tests.test_vector_utils_integration.TestVectorUtilsIntegration" name="test_validate_vector_format" time="2.427" /></testsuite></testsuites>