<?xml version="1.0" encoding="utf-8"?><testsuites name="pytest tests"><testsuite name="pytest" errors="0" failures="0" skipped="1" tests="293" time="1762.437" timestamp="2025-06-16T19:06:23.598052+00:00" hostname="fv-az1049-579"><testcase classname="tests.integration.test_pain_point_detection_integration.TestPainPointDetectionIntegration" name="test_pain_point_detection_end_to_end" time="44.354" /><testcase classname="tests.integration.test_pain_point_detection_integration.TestPainPointDetectionIntegration" name="test_anxiety_pain_point_detection" time="2.986" /><testcase classname="tests.integration.test_pain_point_detection_integration.TestPainPointDetectionIntegration" name="test_template_selection_with_pain_point" time="3.046" /><testcase classname="tests.integration.test_response_generation_integration.TestResponseGenerationIntegration" name="test_context_building_with_missing_fields" time="0.828" /><testcase classname="tests.integration.test_response_generation_integration.TestResponseGenerationIntegration" name="test_template_selection" time="0.790" /><testcase classname="tests.integration.test_response_generation_integration.TestResponseGenerationIntegration" name="test_determine_final_context" time="2.424" /><testcase classname="tests.integration.test_topic_detection_integration.TestTopicDetectionIntegration" name="test_topic_detection_in_question_analysis" time="0.961" /><testcase classname="tests.integration.test_topic_detection_integration.TestTopicDetectionIntegration" name="test_extracted_topics_for_retrieval" time="1.391" /><testcase classname="tests.integration.test_topic_detection_integration.TestTopicDetectionIntegration" name="test_emotion_detection" time="0.906" /><testcase classname="tests.test_approach_mapping.TestApproachMapping" name="test_case_insensitivity" time="1.031" /><testcase classname="tests.test_approach_mapping.TestApproachMapping" name="test_common_variations" time="1.015" /><testcase classname="tests.test_approach_mapping.TestApproachMapping" name="test_direct_matches" time="1.030" /><testcase classname="tests.test_approach_mapping.TestApproachMapping" name="test_fallback_for_unknown_approaches" time="0.992" /><testcase classname="tests.test_approach_mapping.TestApproachMapping" name="test_integration_with_pain_point_results" time="0.945" /><testcase classname="tests.test_approach_mapping.TestApproachMapping" name="test_null_or_empty_values" time="0.972" /><testcase classname="tests.test_approach_mapping.TestApproachMapping" name="test_partial_matches" time="0.945" /><testcase classname="tests.test_associative_memory.TestDynamicRAG" name="test_associative_query_chain" time="0.261" /><testcase classname="tests.test_associative_memory.TestDynamicRAG" name="test_caching_with_associations_dynamic_rag" time="0.262" /><testcase classname="tests.test_associative_memory.TestDynamicRAG" name="test_empty_related_topics" time="0.252" /><testcase classname="tests.test_associative_memory.TestDynamicRAG" name="test_format_of_associated_results_dynamic_rag" time="0.256" /><testcase classname="tests.test_associative_memory.TestDynamicRAG" name="test_multi_topic_associations_dynamic_rag" time="0.252" /><testcase classname="tests.test_associative_memory.TestDynamicRAG" name="test_no_associative_results" time="0.269" /><testcase classname="tests.test_associative_memory" name="test_associative_query_chain" time="7.829" /><testcase classname="tests.test_associative_memory" name="test_caching_with_associations" time="8.156" /><testcase classname="tests.test_associative_memory" name="test_format_of_associated_results" time="6.222" /><testcase classname="tests.test_associative_memory" name="test_multi_topic_associations" time="8.065" /><testcase classname="tests.test_basic_mock" name="test_direct_mock" time="0.277" /><testcase classname="tests.test_context_debug" name="test_simple_context_extraction" time="0.261" /><testcase classname="tests.test_context_debug" name="test_real_context_extraction" time="0.808" /><testcase classname="tests.test_context_reuse.TestContextReuse" name="test_approach_type_and_template_selection" time="1.589" /><testcase classname="tests.test_context_reuse.TestContextReuse" name="test_complex_context_handling_in_generation" time="1.650" /><testcase classname="tests.test_context_reuse.TestContextReuse" name="test_context_building_with_different_pain_points" time="1.256" /><testcase classname="tests.test_context_reuse.TestContextReuse" name="test_context_reuse_with_real_embedding" time="2.525" /><testcase classname="tests.test_context_reuse.TestContextReuse" name="test_dict_context_in_save_interaction" time="4.569" /><testcase classname="tests.test_context_reuse.TestContextReuse" name="test_dynamic_retriever_integration_with_context" time="1.571" /><testcase classname="tests.test_context_reuse.TestContextReuse" name="test_embedding_reuse_in_pipeline" time="3.243" /><testcase classname="tests.test_context_reuse.TestContextReuse" name="test_empty_and_edge_case_contexts" time="1.531" /><testcase classname="tests.test_context_reuse.TestContextReuse" name="test_enhance_context_with_relevant_documents" time="1.545" /><testcase classname="tests.test_database.TestDatabaseManager" name="test_init" time="0.261" /><testcase classname="tests.test_database.TestDatabaseManager" name="test_create_user_schema_error" time="0.259" /><testcase classname="tests.test_database.TestDatabaseManager" name="test_get_conversation_history" time="0.260" /><testcase classname="tests.test_database.TestDatabaseManager" name="test_get_conversation_history_empty" time="0.249" /><testcase classname="tests.test_database.TestDatabaseManager" name="test_get_conversation_history_error" time="0.249" /><testcase classname="tests.test_database.TestDatabaseManager" name="test_add_interaction_rpc_failure_fallback" time="0.251" /><testcase classname="tests.test_database.TestDatabaseManager" name="test_add_interaction_both_methods_fail" time="0.248" /><testcase classname="tests.test_database.TestDatabaseManager" name="test_find_similar_documents" time="0.255" /><testcase classname="tests.test_database.TestDatabaseManager" name="test_find_similar_documents_type_checking" time="1.149" /><testcase classname="tests.test_database.TestDatabaseManager" name="test_get_conversation_history_empty_session" time="0.256" /><testcase classname="tests.test_database.TestDatabaseManager" name="test_get_topic_interactions" time="0.257" /><testcase classname="tests.test_database.TestDatabaseManager" name="test_get_high_quality_interactions" time="0.255" /><testcase classname="tests.test_database.TestDatabaseManager" name="test_sanitize_schema_name" time="0.260" /><testcase classname="tests.test_database.TestDatabaseManager" name="test_connect_psychological_concepts" time="0.247" /><testcase classname="tests.test_database.TestDatabaseManager" name="test_connect_psychological_concepts_error" time="0.252" /><testcase classname="tests.test_database.TestDatabaseManager" name="test_extract_psychological_themes" time="0.257" /><testcase classname="tests.test_database.TestDatabaseManager" name="test_extract_psychological_themes_empty" time="0.260" /><testcase classname="tests.test_database.TestDatabaseManager" name="test_extract_psychological_themes_content_analysis" time="0.276" /><testcase classname="tests.test_database.TestDatabaseManager" name="test_analyze_emotional_vector_trajectory" time="0.276" /><testcase classname="tests.test_database.TestDatabaseManager" name="test_analyze_emotional_vector_trajectory_empty" time="0.263" /><testcase classname="tests.test_database.TestDatabaseManager" name="test_analyze_emotional_vector_trajectory_invalid_metadata" time="0.262" /><testcase classname="tests.test_database.TestDatabaseManager" name="test_mark_therapeutic_insight" time="0.254" /><testcase classname="tests.test_database.TestDatabaseManager" name="test_mark_therapeutic_insight_null_metadata" time="0.262" /><testcase classname="tests.test_database.TestDatabaseManager" name="test_mark_therapeutic_insight_error" time="0.245" /><testcase classname="tests.test_database.TestDatabaseManager" name="test_schema_creation_with_existing_schema" time="0.249" /><testcase classname="tests.test_database.TestDatabaseManager" name="test_sanitize_inputs" time="1.150" /><testcase classname="tests.test_database.TestDatabaseManager" name="test_database_connection_error_recovery" time="0.261" /><testcase classname="tests.test_database.TestDatabaseManager" name="test_verify_schema_structure_with_mocking" time="0.288" /><testcase classname="tests.test_database.TestDatabaseManager" name="test_database_error_handling" time="0.274" /><testcase classname="tests.test_database.TestDatabaseManager" name="test_schema_validation" time="0.252" /><testcase classname="tests.test_database.TestDatabaseManager" name="test_unicode_handling" time="1.233" /><testcase classname="tests.test_database.TestDatabaseManager" name="test_schema_existence_checking" time="0.255" /><testcase classname="tests.test_database.TestDatabaseManager" name="test_basic_text_handling" time="1.123" /><testcase classname="tests.test_database.TestDatabaseManager" name="test_find_similar_documents_via_rpc" time="0.247" /><testcase classname="tests.test_database.TestDatabaseManager" name="test_optimize_vector_operations" time="0.256" /><testcase classname="tests.test_database.TestDatabaseManager" name="test_ensure_vector_indexes" time="0.257" /><testcase classname="tests.test_database.TestDatabaseManager" name="test_update_table_statistics" time="0.257" /><testcase classname="tests.test_database.TestDatabaseManager" name="test_create_user_schema_sync" time="0.257" /><testcase classname="tests.test_database.TestDatabaseManager" name="test_add_interaction_success" time="0.267" /><testcase classname="tests.test_database.TestDatabaseManager" name="test_add_interaction_with_empty_question" time="0.257" /><testcase classname="tests.test_database.TestDatabaseManager" name="test_add_interaction_skips_embedding_for_empty_question" time="0.250" /><testcase classname="tests.test_database.TestDatabaseManager" name="test_verify_schema_structure" time="0.246" /><testcase classname="tests.test_database_error_handling.TestDatabaseErrorHandling" name="test_analyze_emotional_response_handles_dict_format" time="0.712" /><testcase classname="tests.test_database_error_handling.TestDatabaseErrorHandling" name="test_analyze_emotional_response_handles_list_format" time="0.907" /><testcase classname="tests.test_database_error_handling.TestDatabaseErrorHandling" name="test_inspect_implementation" time="0.697" /><testcase classname="tests.test_database_functions.TestDatabaseFunctions" name="test_save_and_retrieve_with_session_id" time="8.690" /><testcase classname="tests.test_database_functions.TestDatabaseFunctions" name="test_find_similar_documents_with_session_id" time="18.581" /><testcase classname="tests.test_database_functions.TestDatabaseFunctions" name="test_dynamic_rag_with_session_id" time="20.165" /><testcase classname="tests.test_db_manager_mock" name="test_db_manager_mock_save_interaction" time="0.257" /><testcase classname="tests.test_diagnostic" name="test_diagnostic_rag_processor" time="0.799" /><testcase classname="tests.test_direct_rag" name="test_rag_implementation_check" time="0.800" /><testcase classname="tests.test_dynamic_rag.TestDynamicRAGRetriever" name="test_combined_retrieval_workflow" time="0.723" /><testcase classname="tests.test_dynamic_rag.TestDynamicRAGRetriever" name="test_get_knowledge_by_query" time="0.929" /><testcase classname="tests.test_dynamic_rag.TestDynamicRAGRetriever" name="test_get_knowledge_by_query_caching" time="0.713" /><testcase classname="tests.test_dynamic_rag.TestDynamicRAGRetriever" name="test_get_pain_point" time="0.965" /><testcase classname="tests.test_dynamic_rag.TestDynamicRAGRetriever" name="test_get_past_interactions" time="0.700" /><testcase classname="tests.test_dynamic_rag.TestDynamicRAGRetriever" name="test_get_past_interactions_by_topic" time="0.704" /><testcase classname="tests.test_dynamic_rag.TestDynamicRAGRetriever" name="test_similarity_formatting" time="0.920" /><testcase classname="tests.test_dynamic_rag.TestDynamicRAGRetriever" name="test_template_existence" time="0.748" /><testcase classname="tests.test_dynamic_rag.TestDynamicRAGRetriever" name="test_template_selection_with_anxiety" time="0.730" /><testcase classname="tests.test_dynamic_rag_edge_cases.TestDynamicRAGEdgeCases" name="test_database_error_handling" time="0.258" /><testcase classname="tests.test_dynamic_rag_edge_cases.TestDynamicRAGEdgeCases" name="test_empty_input_handling" time="0.257" /><testcase classname="tests.test_dynamic_rag_edge_cases.TestDynamicRAGEdgeCases" name="test_empty_results_handling" time="0.309" /><testcase classname="tests.test_dynamic_rag_edge_cases.TestDynamicRAGEdgeCases" name="test_special_characters_input" time="0.262" /><testcase classname="tests.test_dynamic_rag_edge_cases.TestDynamicRAGIntegration" name="test_large_scale_caching" time="0.265" /><testcase classname="tests.test_embedding_generation.TestEmbeddingGeneration" name="test_device_handling" time="9.851" /><testcase classname="tests.test_embedding_generation.TestEmbeddingGeneration" name="test_dict_context_storage" time="5.151" /><testcase classname="tests.test_embedding_generation.TestEmbeddingGeneration" name="test_dict_context_storage_edge_cases" time="17.240" /><testcase classname="tests.test_embedding_generation.TestEmbeddingGeneration" name="test_direct_batchencoding_to_device" time="2.965" /><testcase classname="tests.test_embedding_generation.TestEmbeddingGeneration" name="test_embedding_end_to_end" time="5.092" /><testcase classname="tests.test_embedding_generation.TestEmbeddingGeneration" name="test_embedding_when_model_not_loaded" time="2.813" /><testcase classname="tests.test_embedding_generation.TestEmbeddingGeneration" name="test_model_manager_get_embedding_integration" time="2.967" /><testcase classname="tests.test_embedding_generation.TestEmbeddingGeneration" name="test_tokenizer_output_handling" time="2.914" /><testcase classname="tests.test_explainer.TestExplainer" name="test_full_pipeline_example" time="1.428" /><testcase classname="tests.test_mapping_consistency.TestMappingConsistency" name="test_approach_to_template_consistency" time="0.276" /><testcase classname="tests.test_mapping_consistency.TestMappingConsistency" name="test_pain_point_to_topic_consistency" time="3.720" /><testcase classname="tests.test_mapping_consistency.TestMappingConsistency" name="test_topic_to_emotion_consistency" time="0.250" /><testcase classname="tests.test_mapping_consistency.TestMappingConsistency" name="test_approach_visualization" time="4.115" /><testcase classname="tests.test_mapping_consistency.TestMappingConsistency" name="test_grief_related_mappings" time="0.257" /><testcase classname="tests.test_mock_verify" name="test_mock_db_manager_with_spy" time="0.248" /><testcase classname="tests.test_pain_point_database_writing.TestPainPointDatabaseWriting" name="test_pain_point_detection_returns_correct_format" time="0.254" /><testcase classname="tests.test_pain_point_database_writing.TestPainPointDatabaseWriting" name="test_add_interaction_pain_point_integration" time="0.254" /><testcase classname="tests.test_pain_point_database_writing.TestPainPointDatabaseWriting" name="test_pain_point_question_storage" time="0.246" /><testcase classname="tests.test_pain_point_database_writing.TestPainPointDatabaseWriting" name="test_metadata_structure_validation" time="0.246" /><testcase classname="tests.test_pain_point_database_writing.TestPainPointDatabaseWriting" name="test_duplicate_prevention" time="0.247" /><testcase classname="tests.test_pain_point_database_writing.TestPainPointDatabaseWriting" name="test_real_database_integration" time="0.476" /><testcase classname="tests.test_pain_point_detection.TestPainPointDetection" name="test_detect_pain_points_error_handling" time="0.242" /><testcase classname="tests.test_pain_point_detection.TestPainPointDetection" name="test_detect_pain_points_insufficient_data" time="0.244" /><testcase classname="tests.test_pain_point_detection.TestPainPointDetection" name="test_detect_pain_points_no_history" time="0.242" /><testcase classname="tests.test_pain_point_detection.TestPainPointDetection" name="test_detect_pain_points_with_real_data" time="5.388" /><testcase classname="tests.test_pain_point_detection.TestPainPointDetection" name="test_pain_point_detector_config_access" time="0.237" /><testcase classname="tests.test_pain_point_detection.TestPainPointDetection" name="test_pain_point_detector_initialization" time="0.239" /><testcase classname="tests.test_pain_point_detection.TestPainPointDetection" name="test_semantic_chunk_question_basic" time="0.252" /><testcase classname="tests.test_pain_point_detection.TestPainPointDetection" name="test_semantic_chunk_question_empty" time="0.241" /><testcase classname="tests.test_pain_point_detection.TestPainPointDetection" name="test_semantic_chunk_question_max_length" time="0.252" /><testcase classname="tests.test_pain_point_detection.TestPainPointDetection" name="test_semantic_chunk_question_single_sentence" time="0.242" /><testcase classname="tests.test_pain_point_detection" name="test_pain_point_detection_basic_functionality" time="2.129" /><testcase classname="tests.test_pain_point_detection" name="test_semantic_chunking_preserves_content" time="0.263" /><testcase classname="tests.test_pain_point_detection" name="test_pain_point_detection_empty_input" time="0.250" /><testcase classname="tests.test_pain_point_detection" name="test_pain_point_detection_threshold_parameter" time="4.957" /><testcase classname="tests.test_pain_point_detection" name="test_pain_point_detection_min_occurrences_parameter" time="2.081" /><testcase classname="tests.test_pain_point_detection" name="test_pain_point_detector_configuration_loading" time="0.242" /><testcase classname="tests.test_pain_point_detection_v2.TestPainPointDetection" name="test_approach_type_selection" time="1.263" /><testcase classname="tests.test_pain_point_detection_v2.TestPainPointDetection" name="test_dynamic_rag_retriever_integration1" time="2.706" /><testcase classname="tests.test_pain_point_detection_v2.TestPainPointDetection" name="test_dynamic_rag_retriever_integration_with_silent_db" time="2.721" /><testcase classname="tests.test_pain_point_detection_v2.TestPainPointDetection" name="test_emotion_detection_enhancement" time="1.554" /><testcase classname="tests.test_pain_point_detection_v2.TestPainPointDetection" name="test_multiple_pain_points_detected" time="3.851" /><testcase classname="tests.test_pain_point_detection_v2.TestPainPointDetection" name="test_no_pain_points_detected" time="3.007" /><testcase classname="tests.test_pain_point_detection_v2.TestPainPointDetection" name="test_pain_point_detection_system" time="3.890" /><testcase classname="tests.test_pain_point_detection_v2.TestPainPointDetection" name="test_topic_detection_and_storage" time="1.222" /><testcase classname="tests.test_pattern" name="test_rag_processor_consistent_pattern" time="0.844" /><testcase classname="tests.test_quick_fix" name="test_mock_exact_responses" time="0.242" /><testcase classname="tests.test_rag_context_determination" name="test_determine_context" time="0.248" /><testcase classname="tests.test_rag_context_determination" name="test_extract_relevant_interactions" time="0.239" /><testcase classname="tests.test_rag_context_determination" name="test_format_interactions_as_context" time="0.245" /><testcase classname="tests.test_rag_context_determination" name="test_create_context_from_similar_interactions" time="0.241" /><testcase classname="tests.test_rag_context_determination" name="test_context_determination_from_topic" time="0.251" /><testcase classname="tests.test_rag_context_determination" name="test_context_determination_from_category_info" time="0.255" /><testcase classname="tests.test_rag_context_determination" name="test_context_fallback_to_therapeutic_dialogue" time="0.843" /><testcase classname="tests.test_rag_context_determination" name="test_context_from_pain_point" time="0.248" /><testcase classname="tests.test_rag_context_integration.TestRAGContextIntegration" name="test_combined_context_generation" time="11.707" /><testcase classname="tests.test_rag_context_integration.TestRAGContextIntegration" name="test_context_determination_integration" time="14.466" /><testcase classname="tests.test_rag_context_integration.TestRAGContextIntegration" name="test_context_sources_in_metadata" time="15.662" /><testcase classname="tests.test_rag_context_integration.TestRAGContextIntegration" name="test_debug_save_interaction" time="13.037" /><testcase classname="tests.test_rag_context_integration.TestRAGContextIntegration" name="test_fallback_to_legacy_method" time="14.078" /><testcase classname="tests.test_rag_context_integration.TestRAGContextIntegration" name="test_inspect_implementation" time="15.450" /><testcase classname="tests.test_rag_context_integration.TestRAGContextIntegration" name="test_real_context_determination" time="20.570" /><testcase classname="tests.test_rag_debug.TestRAGProcessorSaveInteraction" name="test_rag_processor_save_interaction_call" time="1.752" /><testcase classname="tests.test_rag_direct" name="test_rag_direct_save" time="0.261" /><testcase classname="tests.test_rag_processor.TestRAGProcessor" name="test_init" time="0.856" /><testcase classname="tests.test_rag_processor.TestRAGProcessor" name="test_process_query_new_embedding" time="0.800" /><testcase classname="tests.test_rag_processor.TestRAGProcessor" name="test_process_query_cached_embedding" time="0.806" /><testcase classname="tests.test_rag_processor.TestRAGProcessor" name="test_get_relevant_documents" time="0.812" /><testcase classname="tests.test_rag_processor.TestRAGProcessor" name="test_enhance_context_with_relevant_documents_direct_override" time="0.865" /><testcase classname="tests.test_rag_processor.TestRAGProcessor" name="test_enhance_context_with_no_documents" time="0.809" /><testcase classname="tests.test_rag_processor.TestRAGProcessor" name="test_detect_pain_points_exception_handling" time="0.798" /><testcase classname="tests.test_rag_processor.TestRAGProcessor" name="test_detect_pain_points_no_pain_point" time="0.799" /><testcase classname="tests.test_rag_processor.TestRAGProcessor" name="test_pain_point_detection_variants[pain_point_data0-True]" time="0.877" /><testcase classname="tests.test_rag_processor.TestRAGProcessor" name="test_pain_point_detection_variants[pain_point_data1-False]" time="0.849" /><testcase classname="tests.test_rag_processor.TestRAGProcessor" name="test_pain_point_detection_variants[None-False]" time="0.821" /><testcase classname="tests.test_rag_processor.TestRAGProcessor" name="test_enhance_context_with_relevant_documents" time="0.806" /><testcase classname="tests.test_rag_processor.TestRAGProcessor" name="test_generate_response_toxic_content" time="0.790" /><testcase classname="tests.test_rag_processor.TestRAGProcessor" name="test_generate_response_normal_flow" time="0.797" /><testcase classname="tests.test_rag_processor.TestRAGProcessor" name="test_get_recent_conversation_history" time="0.834" /><testcase classname="tests.test_rag_processor.TestRAGProcessor" name="test_generate_contextual_data" time="0.818" /><testcase classname="tests.test_rag_processor.TestRAGProcessor" name="test_generate_pain_point_approach" time="0.849" /><testcase classname="tests.test_rag_processor.TestRAGProcessor" name="test_json_serialization_in_metadata" time="0.900" /><testcase classname="tests.test_rag_processor.TestRAGProcessor" name="test_datetime_handling" time="0.820" /><testcase classname="tests.test_rag_processor.TestRAGProcessor" name="test_typechecked_validation" time="1.005" /><testcase classname="tests.test_rag_processor.TestRAGProcessor" name="test_json_handling_in_metadata" time="0.814" /><testcase classname="tests.test_rag_processor.TestRAGProcessor" name="test_datetime_processing" time="0.821" /><testcase classname="tests.test_rag_processor.TestRAGProcessor" name="test_dynamic_rag_retriever_integration" time="2.564" /><testcase classname="tests.test_rag_processor.TestRAGProcessor" name="test_dynamic_rag_retriever_integration1" time="2.237" /><testcase classname="tests.test_rag_processor.TestRAGProcessor" name="test_dynamic_rag_retriever_integration_with_silent_db_v1" time="2.232" /><testcase classname="tests.test_rag_processor.TestRAGProcessor" name="test_dynamic_rag_retriever_integration_with_silent_db_v2" time="0.819" /><testcase classname="tests.test_rag_save_interaction" name="test_rag_save_interaction" time="0.868" /><testcase classname="tests.test_response_quality.TestResponseQuality" name="test_response_does_not_contain_illustration_paragraph" time="6.240" /><testcase classname="tests.test_response_quality.TestResponseQuality" name="test_response_addresses_depression_content" time="31.214" /><testcase classname="tests.test_response_quality.TestResponseQuality" name="test_dynamic_retrieval_works_with_mock" time="71.269" /><testcase classname="tests.test_response_quality.TestResponseQuality" name="test_response_handles_depression_topic" time="35.902" /><testcase classname="tests.test_response_quality.TestResponseQuality" name="test_response_handles_stress_topic" time="32.749" /><testcase classname="tests.test_response_quality.TestResponseQuality" name="test_response_handles_burnout_topic" time="31.175" /><testcase classname="tests.test_response_quality.TestResponseQuality" name="test_response_handles_stigma_topic" time="39.154" /><testcase classname="tests.test_response_quality.TestResponseQuality" name="test_response_handles_coping_topic" time="35.661" /><testcase classname="tests.test_response_quality.TestResponseQuality" name="test_response_handles_support_topic" time="41.160" /><testcase classname="tests.test_response_quality.TestResponseQuality" name="test_response_handles_therapy_topic" time="34.616" /><testcase classname="tests.test_response_quality.TestResponseQuality" name="test_response_handles_mindfulness_topic" time="44.570" /><testcase classname="tests.test_response_quality.TestResponseQuality" name="test_response_handles_communication_topic" time="40.135" /><testcase classname="tests.test_response_quality.TestResponseQuality" name="test_response_handles_addiction_topic" time="46.253" /><testcase classname="tests.test_response_quality.TestResponseQuality" name="test_response_handles_suicidal_thoughts_topic" time="40.998" /><testcase classname="tests.test_response_quality.TestResponseQuality" name="test_response_handles_anger_topic" time="59.968" /><testcase classname="tests.test_response_quality.TestResponseQuality" name="test_response_handles_grief_topic" time="45.676" /><testcase classname="tests.test_response_quality.TestResponseQuality" name="test_response_handles_anxiety_topic" time="55.749" /><testcase classname="tests.test_response_quality.TestResponseQuality" name="test_response_handles_trauma_topic" time="57.517" /><testcase classname="tests.test_response_quality.TestResponseQuality" name="test_response_handles_empty_input" time="69.485" /><testcase classname="tests.test_response_quality.TestResponseQuality" name="test_response_handles_invalid_input" time="27.132" /><testcase classname="tests.test_response_quality.TestResponseQuality" name="test_response_handles_long_input" time="7.512" /><testcase classname="tests.test_response_quality.TestResponseQuality" name="test_response_handles_special_characters" time="139.225" /><testcase classname="tests.test_response_quality.TestResponseQuality" name="test_response_handles_multiple_topics" time="64.794" /><testcase classname="tests.test_response_quality.TestResponseQuality" name="test_response_handles_cultural_sensitivity" time="67.088" /><testcase classname="tests.test_response_quality.TestResponseQuality" name="test_response_handles_mental_health_resources" time="75.052" /><testcase classname="tests.test_response_quality.TestResponseQuality" name="test_response_handles_urgent_support" time="79.164" /><testcase classname="tests.test_simple_mock" name="test_mock_called" time="0.308" /><testcase classname="tests.test_simplified" name="test_rag_processor_simplified" time="0.973" /><testcase classname="tests.test_spy_object" name="test_with_autospec_mock" time="0.820" /><testcase classname="tests.test_template_debug.TestTemplateDebugging" name="test_identify_iteration_point" time="0.557" /><testcase classname="tests.test_template_debug.TestTemplateDebugging" name="test_debug_prompt_splitting" time="0.343" /><testcase classname="tests.test_template_debug.TestTemplateDebugging" name="test_isolate_mock_issues" time="0.336" /><testcase classname="tests.test_template_debug.TestTemplateDebugging" name="test_bypass_template_rendering" time="0.614" /><testcase classname="tests.test_template_debug.TestTemplateDebugging" name="test_reproduce_issue_step_by_step" time="0.338" /><testcase classname="tests.test_template_debug.TestTemplateDebugging" name="test_real_template_with_mock_functions" time="0.335" /><testcase classname="tests.test_template_debug.TestTemplateDebugging" name="test_inspect_template_loading_code" time="0.632" /><testcase classname="tests.test_template_debug.TestTemplateDebugging" name="test_pinpoint_template_render_issue" time="0.343" /><testcase classname="tests.test_template_debug.TestTemplateDebugging" name="test_fix_template_implementation" time="0.338" /><testcase classname="tests.test_template_debug.TestTemplateDebugging" name="test_example_with_clean_setup" time="1.244" /><testcase classname="tests.test_template_debug.TestTemplateDebugging" name="test_mapping_consistency" time="0.249" /><testcase classname="tests.test_text_generator.TestTextGenerator" name="test_emotion_detection_happy" time="0.459" /><testcase classname="tests.test_text_generator.TestTextGenerator" name="test_emotion_detection_sad" time="0.360" /><testcase classname="tests.test_text_generator.TestTextGenerator" name="test_emotion_detection_angry" time="0.348" /><testcase classname="tests.test_text_generator.TestTextGenerator" name="test_emotion_detection_anxious" time="0.619" /><testcase classname="tests.test_text_generator.TestTextGenerator" name="test_neutral_emotion_handling" time="0.356" /><testcase classname="tests.test_text_generator.TestTextGenerator" name="test_template_rendering" time="0.371" /><testcase classname="tests.test_text_generator.TestTextGenerator" name="test_conversation_history_integration" time="0.272" /><testcase classname="tests.test_text_generator.TestTextGenerator" name="test_emotion_detection_with_complex_input" time="0.531" /><testcase classname="tests.test_text_generator.TestTextGenerator" name="test_error_handling_in_emotion_detection" time="0.254" /><testcase classname="tests.test_text_generator.TestTextGenerator" name="test_emotion_detection_integration" time="0.336" /><testcase classname="tests.test_text_generator.TestTextGenerator" name="test_debug_emotion_detection" time="0.504" /><testcase classname="tests.test_text_generator.TestTextGenerator" name="test_emotion_detection_happy_alternative" time="0.432" /><testcase classname="tests.test_text_generator_2.TestTherapeuticResponse" name="test_emotion_analysis_and_context_creation" time="0.335" /><testcase classname="tests.test_text_generator_2.TestTherapeuticResponse" name="test_category_information_addition" time="0.559" /><testcase classname="tests.test_text_generator_2.TestTherapeuticResponse" name="test_token_count_checking_and_truncation" time="0.245" /><testcase classname="tests.test_text_generator_2.TestTherapeuticResponse" name="test_conversation_history_integration" time="0.243" /><testcase classname="tests.test_text_generator_2.TestTherapeuticResponse" name="test_short_response_handling" time="0.332" /><testcase classname="tests.test_text_generator_2.TestTherapeuticResponse" name="test_memory_optimization_for_gpu" time="0.002"><skipped type="pytest.skip" message="CUDA not available">/home/runner/work/psy-supabase/psy-supabase/tests/test_text_generator_2.py:183: CUDA not available</skipped></testcase><testcase classname="tests.test_text_generator_2.TestTherapeuticResponse" name="test_error_handling" time="0.251" /><testcase classname="tests.test_text_generator_2.TestTherapeuticResponse" name="test_emotion_analysis_with_debug" time="0.341" /><testcase classname="tests.test_text_generator_2_fix" name="test_token_count_checking_and_truncation" time="0.281" /><testcase classname="tests.test_text_generator_2_fix" name="test_conversation_history_integration" time="0.280" /><testcase classname="tests.test_text_generator_2_fix" name="test_error_handling" time="0.282" /><testcase classname="tests.test_topic_emotion_detection.TestTopicEmotionDetection" name="test_topic_detection_confidence_scores" time="0.914" /><testcase classname="tests.test_topic_emotion_detection.TestTopicEmotionDetection" name="test_emotion_detection_confidence_scores" time="1.059" /><testcase classname="tests.test_topic_emotion_detection.TestTopicEmotionDetection" name="test_subtle_topic_detection" time="0.871" /><testcase classname="tests.test_topic_emotion_detection.TestTopicEmotionDetection" name="test_database_topic_extraction" time="0.264" /><testcase classname="tests.test_topic_emotion_detection.TestTopicEmotionDetection" name="test_greeting_detection" time="1.092" /><testcase classname="tests.test_topic_emotion_detection.TestTopicEmotionDetection" name="test_ambiguous_questions_default_to_supportive_listening" time="0.918" /><testcase classname="tests.test_topic_emotion_detection.TestTopicEmotionDetection" name="test_confidence_threshold_with_priority_topics" time="1.008" /><testcase classname="tests.test_topic_emotion_detection.TestTopicEmotionDetection" name="test_analyze_question_parameters" time="0.841" /><testcase classname="tests.test_topic_emotion_detection.TestTopicEmotionDetection" name="test_topic_mapping_consistency" time="0.909" /><testcase classname="tests.test_topic_emotion_detection.TestTopicEmotionDetection" name="test_emotion_detection_accuracy" time="1.283" /><testcase classname="tests.test_utilities" name="test_detect_repetition_pattern" time="0.362" /><testcase classname="tests.test_utilities" name="test_detect_repetition_pattern_no_fixation" time="0.254" /><testcase classname="tests.test_utilities" name="test_detect_repetition_pattern_empty" time="0.254" /><testcase classname="tests.test_utilities" name="test_detect_repetition_pattern_keep_words_filtering" time="0.245" /><testcase classname="tests.test_utilities" name="test_detect_repetition_pattern_only_common_words" time="0.249" /><testcase classname="tests.test_vector_integration" name="test_database_manager_uses_vector_utils_module" time="0.254" /><testcase classname="tests.test_vector_integration" name="test_database_manager_vector_operations_error_handling" time="0.252" /><testcase classname="tests.test_vector_integration" name="test_vector_utilities_module_imported" time="0.257" /><testcase classname="tests.test_vector_utils" name="test_optimize_vector_operations_all_operations" time="0.259" /><testcase classname="tests.test_vector_utils" name="test_optimize_vector_operations_no_operations" time="0.257" /><testcase classname="tests.test_vector_utils" name="test_batch_enrich_interactions" time="0.262" /><testcase classname="tests.test_vector_utils" name="test_batch_enrich_interactions_no_data" time="0.254" /><testcase classname="tests.test_vector_utils" name="test_ensure_vector_indexes_already_exists" time="0.267" /><testcase classname="tests.test_vector_utils" name="test_ensure_vector_indexes_create_needed" time="0.254" /><testcase classname="tests.test_vector_utils" name="test_update_table_statistics_success" time="0.249" /><testcase classname="tests.test_vector_utils" name="test_update_table_statistics_error" time="0.251" /><testcase classname="tests.test_vector_utils" name="test_vector_format_validation" time="0.253" /><testcase classname="tests.test_vector_utils" name="test_find_similar_interactions_parameter_validation" time="0.247" /><testcase classname="tests.test_vector_utils" name="test_unified_vector_search" time="0.248" /><testcase classname="tests.test_vector_utils_integration.TestVectorUtilsIntegration" name="test_batch_enrich_interactions" time="1.715" /><testcase classname="tests.test_vector_utils_integration.TestVectorUtilsIntegration" name="test_format_vector_for_pgvector" time="1.332" /><testcase classname="tests.test_vector_utils_integration.TestVectorUtilsIntegration" name="test_optimize_vector_operations_integration" time="2.033" /><testcase classname="tests.test_vector_utils_integration.TestVectorUtilsIntegration" name="test_parameter_validation" time="1.277" /><testcase classname="tests.test_vector_utils_integration.TestVectorUtilsIntegration" name="test_real_db_ensure_vector_indexes" time="1.438" /><testcase classname="tests.test_vector_utils_integration.TestVectorUtilsIntegration" name="test_unified_vector_search" time="1.748" /><testcase classname="tests.test_vector_utils_integration.TestVectorUtilsIntegration" name="test_validate_vector_format" time="2.040" /></testsuite></testsuites>