<?xml version="1.0" encoding="utf-8"?><testsuites><testsuite name="pytest" errors="3" failures="10" skipped="53" tests="331" time="1339.052" timestamp="2025-07-20T19:14:35.846365+00:00" hostname="pkrvmq0rgcvqdmg"><testcase classname="tests.integration.test_pain_point_detection_integration.TestPainPointDetectionIntegration" name="test_pain_point_detection_end_to_end" time="78.707" /><testcase classname="tests.integration.test_pain_point_detection_integration.TestPainPointDetectionIntegration" name="test_anxiety_pain_point_detection" time="10.929" /><testcase classname="tests.integration.test_pain_point_detection_integration.TestPainPointDetectionIntegration" name="test_template_selection_with_pain_point" time="10.990" /><testcase classname="tests.integration.test_response_generation_integration.TestResponseGenerationIntegration" name="test_context_building_with_missing_fields" time="0.721" /><testcase classname="tests.integration.test_response_generation_integration.TestResponseGenerationIntegration" name="test_template_selection" time="0.714" /><testcase classname="tests.integration.test_response_generation_integration.TestResponseGenerationIntegration" name="test_determine_final_context" time="2.431" /><testcase classname="tests.integration.test_topic_detection_integration.TestTopicDetectionIntegration" name="test_topic_detection_in_question_analysis" time="0.840" /><testcase classname="tests.integration.test_topic_detection_integration.TestTopicDetectionIntegration" name="test_extracted_topics_for_retrieval" time="1.350" /><testcase classname="tests.integration.test_topic_detection_integration.TestTopicDetectionIntegration" name="test_emotion_detection" time="0.800" /><testcase classname="tests.test_approach_mapping.TestApproachMapping" name="test_case_insensitivity" time="0.314"><skipped type="pytest.skip" message="Unable to connect to database. Skipping integration tests.">/home/runner/work/psy-supabase/psy-supabase/tests/test_approach_mapping.py:68: Unable to connect to database. Skipping integration tests.</skipped></testcase><testcase classname="tests.test_approach_mapping.TestApproachMapping" name="test_common_variations" time="0.228"><skipped type="pytest.skip" message="Unable to connect to database. Skipping integration tests.">/home/runner/work/psy-supabase/psy-supabase/tests/test_approach_mapping.py:36: Unable to connect to database. Skipping integration tests.</skipped></testcase><testcase classname="tests.test_approach_mapping.TestApproachMapping" name="test_direct_matches" time="0.240"><skipped type="pytest.skip" message="Unable to connect to database. Skipping integration tests.">/home/runner/work/psy-supabase/psy-supabase/tests/test_approach_mapping.py:25: Unable to connect to database. Skipping integration tests.</skipped></testcase><testcase classname="tests.test_approach_mapping.TestApproachMapping" name="test_fallback_for_unknown_approaches" time="0.231"><skipped type="pytest.skip" message="Unable to connect to database. Skipping integration tests.">/home/runner/work/psy-supabase/psy-supabase/tests/test_approach_mapping.py:63: Unable to connect to database. Skipping integration tests.</skipped></testcase><testcase classname="tests.test_approach_mapping.TestApproachMapping" name="test_integration_with_pain_point_results" time="0.233"><skipped type="pytest.skip" message="Unable to connect to database. Skipping integration tests.">/home/runner/work/psy-supabase/psy-supabase/tests/test_approach_mapping.py:74: Unable to connect to database. Skipping integration tests.</skipped></testcase><testcase classname="tests.test_approach_mapping.TestApproachMapping" name="test_null_or_empty_values" time="0.235"><skipped type="pytest.skip" message="Unable to connect to database. Skipping integration tests.">/home/runner/work/psy-supabase/psy-supabase/tests/test_approach_mapping.py:50: Unable to connect to database. Skipping integration tests.</skipped></testcase><testcase classname="tests.test_approach_mapping.TestApproachMapping" name="test_partial_matches" time="0.232"><skipped type="pytest.skip" message="Unable to connect to database. Skipping integration tests.">/home/runner/work/psy-supabase/psy-supabase/tests/test_approach_mapping.py:55: Unable to connect to database. Skipping integration tests.</skipped></testcase><testcase classname="tests.test_associative_memory.TestDynamicRAG" name="test_associative_query_chain" time="0.152" /><testcase classname="tests.test_associative_memory.TestDynamicRAG" name="test_caching_with_associations_dynamic_rag" time="0.147" /><testcase classname="tests.test_associative_memory.TestDynamicRAG" name="test_empty_related_topics" time="0.150" /><testcase classname="tests.test_associative_memory.TestDynamicRAG" name="test_format_of_associated_results_dynamic_rag" time="0.148" /><testcase classname="tests.test_associative_memory.TestDynamicRAG" name="test_multi_topic_associations_dynamic_rag" time="0.146" /><testcase classname="tests.test_associative_memory.TestDynamicRAG" name="test_no_associative_results" time="0.152" /><testcase classname="tests.test_associative_memory" name="test_associative_query_chain" time="72.867" /><testcase classname="tests.test_associative_memory" name="test_caching_with_associations" time="65.480" /><testcase classname="tests.test_associative_memory" name="test_format_of_associated_results" time="62.921" /><testcase classname="tests.test_associative_memory" name="test_multi_topic_associations" time="72.847" /><testcase classname="tests.test_basic_mock" name="test_direct_mock" time="0.140" /><testcase classname="tests.test_context_debug" name="test_simple_context_extraction" time="0.141" /><testcase classname="tests.test_context_debug" name="test_real_context_extraction" time="0.801" /><testcase classname="tests.test_context_reuse.TestContextReuse" name="test_approach_type_and_template_selection" time="0.227"><skipped type="pytest.skip" message="Unable to connect to database. Skipping integration tests.">/home/runner/work/psy-supabase/psy-supabase/tests/test_context_reuse.py:491: Unable to connect to database. Skipping integration tests.</skipped></testcase><testcase classname="tests.test_context_reuse.TestContextReuse" name="test_complex_context_handling_in_generation" time="0.240"><skipped type="pytest.skip" message="Unable to connect to database. Skipping integration tests.">/home/runner/work/psy-supabase/psy-supabase/tests/test_context_reuse.py:349: Unable to connect to database. Skipping integration tests.</skipped></testcase><testcase classname="tests.test_context_reuse.TestContextReuse" name="test_context_building_with_different_pain_points" time="0.239"><skipped type="pytest.skip" message="Unable to connect to database. Skipping integration tests.">/home/runner/work/psy-supabase/psy-supabase/tests/test_context_reuse.py:238: Unable to connect to database. Skipping integration tests.</skipped></testcase><testcase classname="tests.test_context_reuse.TestContextReuse" name="test_context_reuse_with_real_embedding" time="0.253"><skipped type="pytest.skip" message="Unable to connect to database. Skipping integration tests.">/home/runner/work/psy-supabase/psy-supabase/tests/test_context_reuse.py:195: Unable to connect to database. Skipping integration tests.</skipped></testcase><testcase classname="tests.test_context_reuse.TestContextReuse" name="test_dict_context_in_save_interaction" time="0.218"><skipped type="pytest.skip" message="Unable to connect to database. Skipping integration tests.">/home/runner/work/psy-supabase/psy-supabase/tests/test_context_reuse.py:170: Unable to connect to database. Skipping integration tests.</skipped></testcase><testcase classname="tests.test_context_reuse.TestContextReuse" name="test_dynamic_retriever_integration_with_context" time="0.235"><skipped type="pytest.skip" message="Unable to connect to database. Skipping integration tests.">/home/runner/work/psy-supabase/psy-supabase/tests/test_context_reuse.py:400: Unable to connect to database. Skipping integration tests.</skipped></testcase><testcase classname="tests.test_context_reuse.TestContextReuse" name="test_embedding_reuse_in_pipeline" time="0.235"><skipped type="pytest.skip" message="Unable to connect to database. Skipping integration tests.">/home/runner/work/psy-supabase/psy-supabase/tests/test_context_reuse.py:59: Unable to connect to database. Skipping integration tests.</skipped></testcase><testcase classname="tests.test_context_reuse.TestContextReuse" name="test_empty_and_edge_case_contexts" time="0.246"><skipped type="pytest.skip" message="Unable to connect to database. Skipping integration tests.">/home/runner/work/psy-supabase/psy-supabase/tests/test_context_reuse.py:441: Unable to connect to database. Skipping integration tests.</skipped></testcase><testcase classname="tests.test_context_reuse.TestContextReuse" name="test_enhance_context_with_relevant_documents" time="0.241"><skipped type="pytest.skip" message="Unable to connect to database. Skipping integration tests.">/home/runner/work/psy-supabase/psy-supabase/tests/test_context_reuse.py:306: Unable to connect to database. Skipping integration tests.</skipped></testcase><testcase classname="tests.test_create_embedding" name="test_create_embedding_returns_float_list" time="0.145" /><testcase classname="tests.test_create_embedding" name="test_create_embedding_uses_cache" time="0.141" /><testcase classname="tests.test_create_embedding" name="test_create_embedding_invalid_type_logs_error" time="0.142" /><testcase classname="tests.test_create_embedding" name="test_create_embedding_handles_exception" time="0.161" /><testcase classname="tests.test_create_embedding" name="test_create_embedding_chunked" time="0.144" /><testcase classname="tests.test_create_embedding" name="test_model_based_chunk_question_called" time="0.140" /><testcase classname="tests.test_database.TestDatabaseManager" name="test_init" time="0.140" /><testcase classname="tests.test_database.TestDatabaseManager" name="test_create_user_schema_error" time="0.156" /><testcase classname="tests.test_database.TestDatabaseManager" name="test_get_conversation_history" time="0.149" /><testcase classname="tests.test_database.TestDatabaseManager" name="test_get_conversation_history_empty" time="0.148" /><testcase classname="tests.test_database.TestDatabaseManager" name="test_get_conversation_history_error" time="0.153" /><testcase classname="tests.test_database.TestDatabaseManager" name="test_add_interaction_rpc_failure_fallback" time="0.150" /><testcase classname="tests.test_database.TestDatabaseManager" name="test_add_interaction_both_methods_fail" time="0.147" /><testcase classname="tests.test_database.TestDatabaseManager" name="test_find_similar_documents" time="0.145" /><testcase classname="tests.test_database.TestDatabaseManager" name="test_find_similar_documents_type_checking" time="5.149" /><testcase classname="tests.test_database.TestDatabaseManager" name="test_get_conversation_history_empty_session" time="0.147" /><testcase classname="tests.test_database.TestDatabaseManager" name="test_get_topic_interactions" time="0.147" /><testcase classname="tests.test_database.TestDatabaseManager" name="test_get_high_quality_interactions" time="0.142" /><testcase classname="tests.test_database.TestDatabaseManager" name="test_sanitize_schema_name" time="0.158" /><testcase classname="tests.test_database.TestDatabaseManager" name="test_connect_psychological_concepts" time="0.163" /><testcase classname="tests.test_database.TestDatabaseManager" name="test_connect_psychological_concepts_error" time="0.150" /><testcase classname="tests.test_database.TestDatabaseManager" name="test_extract_psychological_themes" time="0.146" /><testcase classname="tests.test_database.TestDatabaseManager" name="test_extract_psychological_themes_empty" time="0.147" /><testcase classname="tests.test_database.TestDatabaseManager" name="test_extract_psychological_themes_content_analysis" time="0.146" /><testcase classname="tests.test_database.TestDatabaseManager" name="test_analyze_emotional_vector_trajectory" time="0.156" /><testcase classname="tests.test_database.TestDatabaseManager" name="test_analyze_emotional_vector_trajectory_empty" time="0.146" /><testcase classname="tests.test_database.TestDatabaseManager" name="test_analyze_emotional_vector_trajectory_invalid_metadata" time="0.141" /><testcase classname="tests.test_database.TestDatabaseManager" name="test_mark_therapeutic_insight" time="0.145" /><testcase classname="tests.test_database.TestDatabaseManager" name="test_mark_therapeutic_insight_null_metadata" time="0.152" /><testcase classname="tests.test_database.TestDatabaseManager" name="test_mark_therapeutic_insight_error" time="0.154" /><testcase classname="tests.test_database.TestDatabaseManager" name="test_schema_creation_with_existing_schema" time="0.148" /><testcase classname="tests.test_database.TestDatabaseManager" name="test_sanitize_inputs" time="4.306" /><testcase classname="tests.test_database.TestDatabaseManager" name="test_database_connection_error_recovery" time="0.145" /><testcase classname="tests.test_database.TestDatabaseManager" name="test_verify_schema_structure_with_mocking" time="0.143" /><testcase classname="tests.test_database.TestDatabaseManager" name="test_database_error_handling" time="0.140" /><testcase classname="tests.test_database.TestDatabaseManager" name="test_schema_validation" time="0.148" /><testcase classname="tests.test_database.TestDatabaseManager" name="test_unicode_handling" time="8.415" /><testcase classname="tests.test_database.TestDatabaseManager" name="test_schema_existence_checking" time="0.147" /><testcase classname="tests.test_database.TestDatabaseManager" name="test_basic_text_handling" time="10.061" /><testcase classname="tests.test_database.TestDatabaseManager" name="test_find_similar_documents_via_rpc" time="0.147" /><testcase classname="tests.test_database.TestDatabaseManager" name="test_optimize_vector_operations" time="0.141" /><testcase classname="tests.test_database.TestDatabaseManager" name="test_ensure_vector_indexes" time="0.147" /><testcase classname="tests.test_database.TestDatabaseManager" name="test_update_table_statistics" time="0.144" /><testcase classname="tests.test_database.TestDatabaseManager" name="test_create_user_schema_sync" time="0.157" /><testcase classname="tests.test_database.TestDatabaseManager" name="test_add_interaction_success" time="0.155" /><testcase classname="tests.test_database.TestDatabaseManager" name="test_add_interaction_with_empty_question" time="0.149" /><testcase classname="tests.test_database.TestDatabaseManager" name="test_add_interaction_skips_embedding_for_empty_question" time="0.149" /><testcase classname="tests.test_database.TestDatabaseManager" name="test_verify_schema_structure" time="0.155" /><testcase classname="tests.test_database_error_handling.TestDatabaseErrorHandling" name="test_analyze_emotional_response_handles_dict_format" time="0.264"><skipped type="pytest.skip" message="Unable to connect to database. Skipping integration tests.">/home/runner/work/psy-supabase/psy-supabase/tests/test_database_error_handling.py:40: Unable to connect to database. Skipping integration tests.</skipped></testcase><testcase classname="tests.test_database_error_handling.TestDatabaseErrorHandling" name="test_analyze_emotional_response_handles_list_format" time="0.225"><skipped type="pytest.skip" message="Unable to connect to database. Skipping integration tests.">/home/runner/work/psy-supabase/psy-supabase/tests/test_database_error_handling.py:22: Unable to connect to database. Skipping integration tests.</skipped></testcase><testcase classname="tests.test_database_error_handling.TestDatabaseErrorHandling" name="test_inspect_implementation" time="0.231"><skipped type="pytest.skip" message="Unable to connect to database. Skipping integration tests.">/home/runner/work/psy-supabase/psy-supabase/tests/test_database_error_handling.py:67: Unable to connect to database. Skipping integration tests.</skipped></testcase><testcase classname="tests.test_database_functions.TestDatabaseFunctions" name="test_save_and_retrieve_with_session_id" time="0.261"><error message="failed on setup with &quot;postgrest.exceptions.APIError: {'message': 'JSON could not be generated', 'code': 403, 'hint': 'Refer to full message for details', 'details': 'b\'&lt;!DOCTYPE html&gt;&lt;html lang=&quot;en-US&quot;&gt;&lt;head&gt;&lt;title&gt;Just a moment...&lt;/title&gt;&lt;meta http-equiv=&quot;Content-Type&quot; content=&quot;text/html; charset=UTF-8&quot;&gt;&lt;meta http-equiv=&quot;X-UA-Compatible&quot; content=&quot;IE=Edge&quot;&gt;&lt;meta name=&quot;robots&quot; content=&quot;noindex,nofollow&quot;&gt;&lt;meta name=&quot;viewport&quot; content=&quot;width=device-width,initial-scale=1&quot;&gt;&lt;style&gt;*{box-sizing:border-box;margin:0;padding:0}html{line-height:1.15;-webkit-text-size-adjust:100%;color:#313131;font-family:system-ui,-apple-system,BlinkMacSystemFont,&quot;Segoe UI&quot;,Roboto,&quot;Helvetica Neue&quot;,Arial,&quot;Noto Sans&quot;,sans-serif,&quot;Apple Color Emoji&quot;,&quot;Segoe UI Emoji&quot;,&quot;Segoe UI Symbol&quot;,&quot;Noto Color Emoji&quot;}body{display:flex;flex-direction:column;height:100vh;min-height:100vh}.main-content{margin:8rem auto;padding-left:1.5rem;max-width:60rem}@media (width &lt;= 720px){.main-content{margin-top:4rem}}.h2{line-height:2.25rem;font-size:1.5rem;font-weight:500}@media (width &lt;= 720px){.h2{line-height:1.5rem;font-size:1.25rem}}#challenge-error-text{background-image:url(&quot;data:image/svg+xml;base64,PHN2ZyB4bWxucz0iaHR0cDovL3d3dy53My5vcmcvMjAwMC9zdmciIHdpZHRoPSIzMiIgaGVpZ2h0PSIzMiIgZmlsbD0ibm9uZSI+PHBhdGggZmlsbD0iI0IyMEYwMyIgZD0iTTE2IDNhMTMgMTMgMCAxIDAgMTMgMTNBMTMuMDE1IDEzLjAxNSAwIDAgMCAxNiAzbTAgMjRhMTEgMTEgMCAxIDEgMTEtMTEgMTEuMDEgMTEuMDEgMCAwIDEtMTEgMTEiLz48cGF0aCBmaWxsPSIjQjIwRjAzIiBkPSJNMTcuMDM4IDE4LjYxNUgxNC44N0wxNC41NjMgOS41aDIuNzgzem0tMS4wODQgMS40MjdxLjY2IDAgMS4wNTcuMzg4LjQwNy4zODkuNDA3Ljk5NCAwIC41OTYtLjQwNy45ODQtLjM5Ny4zOS0xLjA1Ny4zODktLjY1IDAtMS4wNTYtLjM4OS0uMzk4LS4zODktLjM5OC0uOTg0IDAtLjU5Ny4zOTgtLjk4NS40MDYtLjM5NyAxLjA1Ni0uMzk3Ii8+PC9zdmc+&quot;);background-repeat:no-repeat;background-size:contain;padding-left:34px}@media (prefers-color-scheme: dark){body{background-color:#222;color:#d9d9d9}}&lt;/style&gt;&lt;meta http-equiv=&quot;refresh&quot; content=&quot;360&quot;&gt;&lt;/head&gt;&lt;body&gt;&lt;div class=&quot;main-wrapper&quot; role=&quot;main&quot;&gt;&lt;div class=&quot;main-content&quot;&gt;&lt;noscript&gt;&lt;div class=&quot;h2&quot;&gt;&lt;span id=&quot;challenge-error-text&quot;&gt;Enable JavaScript and cookies to continue&lt;/span&gt;&lt;/div&gt;&lt;/noscript&gt;&lt;/div&gt;&lt;/div&gt;&lt;script&gt;(function(){window._cf_chl_opt = {cvId: \\\'3\\\',cZone: \\\'supabase.psy-supabase.com\\\',cType: \\\'managed\\\',cRay: \\\'9624d2d00e0067a4\\\',cH: \\\'hRurRTlh8bBv3AlCQnOizCmUR7TOiUZkNwYWd_GdT1k-1753039306-1.2.1.1-lj40mbpTy16Yp.rLvMegcZ6xa_odHhjpU41SLOz8bT64dVAiMfxBIkifZhCn.YSg\\\',cUPMDTk:&quot;/rest/v1/rpc/sql?__cf_chl_tk=leREbxN3GyPvPiiLfiNlyYy.zr9G7qskBR7VoS7j00o-1753039306-1.0.1.1-JEpPLdATxZzhK3gd9LkYqTYSV0r_Uidi_4r8BAPdUTk&quot;,cFPWv: \\\'g\\\',cITimeS: \\\'1753039306\\\',cTplC:0,cTplV:5,cTplB: \\\'cf\\\',fa:&quot;/rest/v1/rpc/sql?__cf_chl_f_tk=leREbxN3GyPvPiiLfiNlyYy.zr9G7qskBR7VoS7j00o-1753039306-1.0.1.1-JEpPLdATxZzhK3gd9LkYqTYSV0r_Uidi_4r8BAPdUTk&quot;,md: \\\'Qfdr9Jk9UXCNExTtUSykMx3W6m.Z1V0AnyLzO9mCr4M-1753039306-1.2.1.1-Yh6hDKbqk4ambIiMFJ1pojlWSYAaCWHR7uVS82Qu3CGRhmDo7UqCh7msacJAA1Zu0gSLCP5dWwUM7DD2BfHdCXMZL5FuWUCD.Hgh9_BZjqLixfEdyU2CgCxDUm9QAHYP71tN4jPw3WxsKwkkduy67HoliK2PzwZy3FRmC3jK_A6_aJfyjYljYLcmknUXWUngjZMT7Cbwi43mGk03HPS3Hni.UYky4lTs.3M0NjzVOy5QAm6aKxxXDQb4gRMP_SznEhwGKSJ.87E3ncfUOP3AUtaRA41RM1edPJvD9.E0khFlE1Zx9fol6UXzBG6ONovnQltG3WsLIC8v.fOYEEcUbdyE4osEgj23eNBoTjNI.pS89rEBZxL5XsJ.HzWyutd4qWjrfVyndiVOaRQ.Ke.ENwZFddMBZbAxJxWFWC3ctz3uv1hVpIDf5pl_YV5lp4_xN5YLae1M4BLLf2Dv85P1iu3a8AXdfNkJJ_ymyEuVTYBqy81JQLGU8xAt72aE8l.6oQfIphEhMjwtk1Fxmo41fWXtw_pVnM26PkLkR0QqK1jxHKGJSvHfklIY4TtmIy3rFC2Q6dGXUO.dv0bDeehjXaNX1G2zAr8WkJi2e2R0ge_j24Vg9tDB_IvZYYp06v8JrhFCgsk7nDhZ.F5eBi3EXzydExjKM.YJOcVGDajsVmxSPd3CA82E5k_Jw8FPg4y0qWmF8I8f9WTfPQ0vifMuIFRSstCcNYOCZZLjmIhr6xoS_d48fNAEEFNrYg0Ss6pLsHVvMsm7DNs1550AAUuevTXJUa0k6otLAnITQXaRHj0mDbuG9.hhqP5viwW6c1U3IqE5e8GRgZA0ZgwCDhxA1l7odEBAFPEp_8EH_pEEFBnv1g3GMKD_zpm7KTbI2A3v2VyS_PxT__yHP8GCNMHBpz8JjFChzvYIloSC_Tzj5kdy3QG.aR17Ap2RP_v15I8IIbpYPRTNiAdhJm.T_9mD9Ts6OTLe719fI4l2r8uWJI84jd8Jbkhrdk4EvIGRjFOmHHgWAdgObGav5YucBwZNkA\\\',mdrd: \\\'\\\',};var a = document.createElement(\\\'script\\\');a.src = \\\'/cdn-cgi/challenge-platform/h/g/orchestrate/chl_page/v1?ray=9624d2d00e0067a4\\\';window._cf_chl_opt.cOgUHash = location.hash === \\\'\\\' &amp;&amp; location.href.indexOf(\\\'#\\\') !== -1 ? \\\'#\\\' : location.hash;window._cf_chl_opt.cOgUQuery = location.search === \\\'\\\' &amp;&amp; location.href.slice(0, location.href.length - window._cf_chl_opt.cOgUHash.length).indexOf(\\\'?\\\') !== -1 ? \\\'?\\\' : location.search;if (window.history &amp;&amp; window.history.replaceState) {var ogU = location.pathname + window._cf_chl_opt.cOgUQuery + window._cf_chl_opt.cOgUHash;history.replaceState(null, null,&quot;/rest/v1/rpc/sql?__cf_chl_rt_tk=leREbxN3GyPvPiiLfiNlyYy.zr9G7qskBR7VoS7j00o-1753039306-1.0.1.1-JEpPLdATxZzhK3gd9LkYqTYSV0r_Uidi_4r8BAPdUTk&quot;+ window._cf_chl_opt.cOgUHash);a.onload = function() {history.replaceState(null, null, ogU);}}document.getElementsByTagName(\\\'head\\\')[0].appendChild(a);}());&lt;/script&gt;&lt;/body&gt;&lt;/html&gt;\''}&quot;">/opt/hostedtoolcache/Python/3.8.18/x64/lib/python3.8/site-packages/postgrest/_sync/request_builder.py:127: in execute
    raise APIError(r.json())
/opt/hostedtoolcache/Python/3.8.18/x64/lib/python3.8/site-packages/httpx/_models.py:766: in json
    return jsonlib.loads(self.content, **kwargs)
/opt/hostedtoolcache/Python/3.8.18/x64/lib/python3.8/json/__init__.py:357: in loads
    return _default_decoder.decode(s)
/opt/hostedtoolcache/Python/3.8.18/x64/lib/python3.8/json/decoder.py:337: in decode
    obj, end = self.raw_decode(s, idx=_w(s, 0).end())
/opt/hostedtoolcache/Python/3.8.18/x64/lib/python3.8/json/decoder.py:355: in raw_decode
    raise JSONDecodeError("Expecting value", s, err.value) from None
E   json.decoder.JSONDecodeError: Expecting value: line 1 column 1 (char 0)

During handling of the above exception, another exception occurred:
tests/test_database_functions.py:54: in setup_method
    check_response = self.db_manager.supabase.rpc("sql", {"command": check_query}).execute()
/opt/hostedtoolcache/Python/3.8.18/x64/lib/python3.8/site-packages/postgrest/_sync/request_builder.py:131: in execute
    raise APIError(generate_default_error_message(r))
E   postgrest.exceptions.APIError: {'message': 'JSON could not be generated', 'code': 403, 'hint': 'Refer to full message for details', 'details': 'b\'&lt;!DOCTYPE html&gt;&lt;html lang="en-US"&gt;&lt;head&gt;&lt;title&gt;Just a moment...&lt;/title&gt;&lt;meta http-equiv="Content-Type" content="text/html; charset=UTF-8"&gt;&lt;meta http-equiv="X-UA-Compatible" content="IE=Edge"&gt;&lt;meta name="robots" content="noindex,nofollow"&gt;&lt;meta name="viewport" content="width=device-width,initial-scale=1"&gt;&lt;style&gt;*{box-sizing:border-box;margin:0;padding:0}html{line-height:1.15;-webkit-text-size-adjust:100%;color:#313131;font-family:system-ui,-apple-system,BlinkMacSystemFont,"Segoe UI",Roboto,"Helvetica Neue",Arial,"Noto Sans",sans-serif,"Apple Color Emoji","Segoe UI Emoji","Segoe UI Symbol","Noto Color Emoji"}body{display:flex;flex-direction:column;height:100vh;min-height:100vh}.main-content{margin:8rem auto;padding-left:1.5rem;max-width:60rem}@media (width &lt;= 720px){.main-content{margin-top:4rem}}.h2{line-height:2.25rem;font-size:1.5rem;font-weight:500}@media (width &lt;= 720px){.h2{line-height:1.5rem;font-size:1.25rem}}#challenge-error-text{background-image:url("data:image/svg+xml;base64,PHN2ZyB4bWxucz0iaHR0cDovL3d3dy53My5vcmcvMjAwMC9zdmciIHdpZHRoPSIzMiIgaGVpZ2h0PSIzMiIgZmlsbD0ibm9uZSI+PHBhdGggZmlsbD0iI0IyMEYwMyIgZD0iTTE2IDNhMTMgMTMgMCAxIDAgMTMgMTNBMTMuMDE1IDEzLjAxNSAwIDAgMCAxNiAzbTAgMjRhMTEgMTEgMCAxIDEgMTEtMTEgMTEuMDEgMTEuMDEgMCAwIDEtMTEgMTEiLz48cGF0aCBmaWxsPSIjQjIwRjAzIiBkPSJNMTcuMDM4IDE4LjYxNUgxNC44N0wxNC41NjMgOS41aDIuNzgzem0tMS4wODQgMS40MjdxLjY2IDAgMS4wNTcuMzg4LjQwNy4zODkuNDA3Ljk5NCAwIC41OTYtLjQwNy45ODQtLjM5Ny4zOS0xLjA1Ny4zODktLjY1IDAtMS4wNTYtLjM4OS0uMzk4LS4zODktLjM5OC0uOTg0IDAtLjU5Ny4zOTgtLjk4NS40MDYtLjM5NyAxLjA1Ni0uMzk3Ii8+PC9zdmc+");background-repeat:no-repeat;background-size:contain;padding-left:34px}@media (prefers-color-scheme: dark){body{background-color:#222;color:#d9d9d9}}&lt;/style&gt;&lt;meta http-equiv="refresh" content="360"&gt;&lt;/head&gt;&lt;body&gt;&lt;div class="main-wrapper" role="main"&gt;&lt;div class="main-content"&gt;&lt;noscript&gt;&lt;div class="h2"&gt;&lt;span id="challenge-error-text"&gt;Enable JavaScript and cookies to continue&lt;/span&gt;&lt;/div&gt;&lt;/noscript&gt;&lt;/div&gt;&lt;/div&gt;&lt;script&gt;(function(){window._cf_chl_opt = {cvId: \\\'3\\\',cZone: \\\'supabase.psy-supabase.com\\\',cType: \\\'managed\\\',cRay: \\\'9624d2d00e0067a4\\\',cH: \\\'hRurRTlh8bBv3AlCQnOizCmUR7TOiUZkNwYWd_GdT1k-1753039306-1.2.1.1-lj40mbpTy16Yp.rLvMegcZ6xa_odHhjpU41SLOz8bT64dVAiMfxBIkifZhCn.YSg\\\',cUPMDTk:"/rest/v1/rpc/sql?__cf_chl_tk=leREbxN3GyPvPiiLfiNlyYy.zr9G7qskBR7VoS7j00o-1753039306-1.0.1.1-JEpPLdATxZzhK3gd9LkYqTYSV0r_Uidi_4r8BAPdUTk",cFPWv: \\\'g\\\',cITimeS: \\\'1753039306\\\',cTplC:0,cTplV:5,cTplB: \\\'cf\\\',fa:"/rest/v1/rpc/sql?__cf_chl_f_tk=leREbxN3GyPvPiiLfiNlyYy.zr9G7qskBR7VoS7j00o-1753039306-1.0.1.1-JEpPLdATxZzhK3gd9LkYqTYSV0r_Uidi_4r8BAPdUTk",md: \\\'Qfdr9Jk9UXCNExTtUSykMx3W6m.Z1V0AnyLzO9mCr4M-1753039306-1.2.1.1-Yh6hDKbqk4ambIiMFJ1pojlWSYAaCWHR7uVS82Qu3CGRhmDo7UqCh7msacJAA1Zu0gSLCP5dWwUM7DD2BfHdCXMZL5FuWUCD.Hgh9_BZjqLixfEdyU2CgCxDUm9QAHYP71tN4jPw3WxsKwkkduy67HoliK2PzwZy3FRmC3jK_A6_aJfyjYljYLcmknUXWUngjZMT7Cbwi43mGk03HPS3Hni.UYky4lTs.3M0NjzVOy5QAm6aKxxXDQb4gRMP_SznEhwGKSJ.87E3ncfUOP3AUtaRA41RM1edPJvD9.E0khFlE1Zx9fol6UXzBG6ONovnQltG3WsLIC8v.fOYEEcUbdyE4osEgj23eNBoTjNI.pS89rEBZxL5XsJ.HzWyutd4qWjrfVyndiVOaRQ.Ke.ENwZFddMBZbAxJxWFWC3ctz3uv1hVpIDf5pl_YV5lp4_xN5YLae1M4BLLf2Dv85P1iu3a8AXdfNkJJ_ymyEuVTYBqy81JQLGU8xAt72aE8l.6oQfIphEhMjwtk1Fxmo41fWXtw_pVnM26PkLkR0QqK1jxHKGJSvHfklIY4TtmIy3rFC2Q6dGXUO.dv0bDeehjXaNX1G2zAr8WkJi2e2R0ge_j24Vg9tDB_IvZYYp06v8JrhFCgsk7nDhZ.F5eBi3EXzydExjKM.YJOcVGDajsVmxSPd3CA82E5k_Jw8FPg4y0qWmF8I8f9WTfPQ0vifMuIFRSstCcNYOCZZLjmIhr6xoS_d48fNAEEFNrYg0Ss6pLsHVvMsm7DNs1550AAUuevTXJUa0k6otLAnITQXaRHj0mDbuG9.hhqP5viwW6c1U3IqE5e8GRgZA0ZgwCDhxA1l7odEBAFPEp_8EH_pEEFBnv1g3GMKD_zpm7KTbI2A3v2VyS_PxT__yHP8GCNMHBpz8JjFChzvYIloSC_Tzj5kdy3QG.aR17Ap2RP_v15I8IIbpYPRTNiAdhJm.T_9mD9Ts6OTLe719fI4l2r8uWJI84jd8Jbkhrdk4EvIGRjFOmHHgWAdgObGav5YucBwZNkA\\\',mdrd: \\\'\\\',};var a = document.createElement(\\\'script\\\');a.src = \\\'/cdn-cgi/challenge-platform/h/g/orchestrate/chl_page/v1?ray=9624d2d00e0067a4\\\';window._cf_chl_opt.cOgUHash = location.hash === \\\'\\\' &amp;&amp; location.href.indexOf(\\\'#\\\') !== -1 ? \\\'#\\\' : location.hash;window._cf_chl_opt.cOgUQuery = location.search === \\\'\\\' &amp;&amp; location.href.slice(0, location.href.length - window._cf_chl_opt.cOgUHash.length).indexOf(\\\'?\\\') !== -1 ? \\\'?\\\' : location.search;if (window.history &amp;&amp; window.history.replaceState) {var ogU = location.pathname + window._cf_chl_opt.cOgUQuery + window._cf_chl_opt.cOgUHash;history.replaceState(null, null,"/rest/v1/rpc/sql?__cf_chl_rt_tk=leREbxN3GyPvPiiLfiNlyYy.zr9G7qskBR7VoS7j00o-1753039306-1.0.1.1-JEpPLdATxZzhK3gd9LkYqTYSV0r_Uidi_4r8BAPdUTk"+ window._cf_chl_opt.cOgUHash);a.onload = function() {history.replaceState(null, null, ogU);}}document.getElementsByTagName(\\\'head\\\')[0].appendChild(a);}());&lt;/script&gt;&lt;/body&gt;&lt;/html&gt;\''}</error></testcase><testcase classname="tests.test_database_functions.TestDatabaseFunctions" name="test_find_similar_documents_with_session_id" time="0.228"><error message="failed on setup with &quot;postgrest.exceptions.APIError: {'message': 'JSON could not be generated', 'code': 403, 'hint': 'Refer to full message for details', 'details': 'b\'&lt;!DOCTYPE html&gt;&lt;html lang=&quot;en-US&quot;&gt;&lt;head&gt;&lt;title&gt;Just a moment...&lt;/title&gt;&lt;meta http-equiv=&quot;Content-Type&quot; content=&quot;text/html; charset=UTF-8&quot;&gt;&lt;meta http-equiv=&quot;X-UA-Compatible&quot; content=&quot;IE=Edge&quot;&gt;&lt;meta name=&quot;robots&quot; content=&quot;noindex,nofollow&quot;&gt;&lt;meta name=&quot;viewport&quot; content=&quot;width=device-width,initial-scale=1&quot;&gt;&lt;style&gt;*{box-sizing:border-box;margin:0;padding:0}html{line-height:1.15;-webkit-text-size-adjust:100%;color:#313131;font-family:system-ui,-apple-system,BlinkMacSystemFont,&quot;Segoe UI&quot;,Roboto,&quot;Helvetica Neue&quot;,Arial,&quot;Noto Sans&quot;,sans-serif,&quot;Apple Color Emoji&quot;,&quot;Segoe UI Emoji&quot;,&quot;Segoe UI Symbol&quot;,&quot;Noto Color Emoji&quot;}body{display:flex;flex-direction:column;height:100vh;min-height:100vh}.main-content{margin:8rem auto;padding-left:1.5rem;max-width:60rem}@media (width &lt;= 720px){.main-content{margin-top:4rem}}.h2{line-height:2.25rem;font-size:1.5rem;font-weight:500}@media (width &lt;= 720px){.h2{line-height:1.5rem;font-size:1.25rem}}#challenge-error-text{background-image:url(&quot;data:image/svg+xml;base64,PHN2ZyB4bWxucz0iaHR0cDovL3d3dy53My5vcmcvMjAwMC9zdmciIHdpZHRoPSIzMiIgaGVpZ2h0PSIzMiIgZmlsbD0ibm9uZSI+PHBhdGggZmlsbD0iI0IyMEYwMyIgZD0iTTE2IDNhMTMgMTMgMCAxIDAgMTMgMTNBMTMuMDE1IDEzLjAxNSAwIDAgMCAxNiAzbTAgMjRhMTEgMTEgMCAxIDEgMTEtMTEgMTEuMDEgMTEuMDEgMCAwIDEtMTEgMTEiLz48cGF0aCBmaWxsPSIjQjIwRjAzIiBkPSJNMTcuMDM4IDE4LjYxNUgxNC44N0wxNC41NjMgOS41aDIuNzgzem0tMS4wODQgMS40MjdxLjY2IDAgMS4wNTcuMzg4LjQwNy4zODkuNDA3Ljk5NCAwIC41OTYtLjQwNy45ODQtLjM5Ny4zOS0xLjA1Ny4zODktLjY1IDAtMS4wNTYtLjM4OS0uMzk4LS4zODktLjM5OC0uOTg0IDAtLjU5Ny4zOTgtLjk4NS40MDYtLjM5NyAxLjA1Ni0uMzk3Ii8+PC9zdmc+&quot;);background-repeat:no-repeat;background-size:contain;padding-left:34px}@media (prefers-color-scheme: dark){body{background-color:#222;color:#d9d9d9}}&lt;/style&gt;&lt;meta http-equiv=&quot;refresh&quot; content=&quot;360&quot;&gt;&lt;/head&gt;&lt;body&gt;&lt;div class=&quot;main-wrapper&quot; role=&quot;main&quot;&gt;&lt;div class=&quot;main-content&quot;&gt;&lt;noscript&gt;&lt;div class=&quot;h2&quot;&gt;&lt;span id=&quot;challenge-error-text&quot;&gt;Enable JavaScript and cookies to continue&lt;/span&gt;&lt;/div&gt;&lt;/noscript&gt;&lt;/div&gt;&lt;/div&gt;&lt;script&gt;(function(){window._cf_chl_opt = {cvId: \\\'3\\\',cZone: \\\'supabase.psy-supabase.com\\\',cType: \\\'managed\\\',cRay: \\\'9624d2d4b80867a9\\\',cH: \\\'toEuSGMjkWBSIDPW.r6kUlwl2Xa.eGkrfmUN8T4lS1Q-1753039306-1.2.1.1-u94A3DXrw47vWHljOX.H2j4TJEKzNhhhSsRuKjkaZMw6Q5485z2Oi0kcIMIKdcGs\\\',cUPMDTk:&quot;/rest/v1/rpc/sql?__cf_chl_tk=lYUyHQfy7o4KFgZVX8FGNba9AJMvGXo19G6SXpOC0as-1753039306-1.0.1.1-88IvPScAebnZwx_zS_qJzN3Xg3kk6WMxTGWG.LELtmU&quot;,cFPWv: \\\'g\\\',cITimeS: \\\'1753039306\\\',cTplC:0,cTplV:5,cTplB: \\\'cf\\\',fa:&quot;/rest/v1/rpc/sql?__cf_chl_f_tk=lYUyHQfy7o4KFgZVX8FGNba9AJMvGXo19G6SXpOC0as-1753039306-1.0.1.1-88IvPScAebnZwx_zS_qJzN3Xg3kk6WMxTGWG.LELtmU&quot;,md: \\\'azXsg53Jk3p8KnWjAGYCGjKyVDi0T1jNuYj36k7tEy0-1753039306-1.2.1.1-RWLp6VXtDW49Z1Gn7URRtjWnsBcMUWZMLA49EqL3S__AspwqpxkAUQOpBouz0thxcY5B8Ub0Yq3SkwVNNNKEW4Snt_1ze4Z9zm5_PftJgHdTnv_ZxAtQjadFOwtWnvMuC4HQ4vY43B0YBB4YSwpbvUDH6sPvO9hFMMXJ7Wbbx3qcMls6YfmXldNt08_FsVd4nBdf6KUp5OjTHw52wi7UWuTdGILR86Sw8.Pi8zcUojA0tG25my49QNqAjUxnPvPo_JSjZ.yJeXr4ujsp.5kY2TO_suD11NFYnTNRIGGfbLoDBgz8Bz3UvYGYvdkiIOdxXQsqNRM5_HRpHhfRh8KKY2QYthkdTQ6DfIJOOLmUZKV8uwJO1FPwoRqR.Mi8NVVHBpAwdvSMECdl17et9eiyd1TiurJ8MYlAGHcfYqwAWi0I5epWJwnVEmz9HX9UEZKz51Col5i3riSj0ZQyauW3gDbZkUJEuxr1TvTn1lpV5HS.86QTpzBKS_ubeHOZyVXxqRwEi4YDxeeYq7TBDNUD6iygUgfeg4S2GMCSKZ4Z79teY.6rzlRZ5_HTvfL.eum9RtUIq.avOiZItkl23GiOQ3m9EiFzpFtJ6xpThZgb_KrCd1AWsF2lZEODcl.j_2.u9OsiGNGO10oqoSwrmB7CCDh.uPQoAbQMYIb6ahW_MyXkksrOxvKl6ElT2h_dGb1k_UWWdxLLDEEPBaNLGFFO9Xn6CHu9OxZCE8jQTWJd764GoqLozNMfNIkrQsjeV4j0yV.BwLYhaX3.51k4o0UiEYoSsVUwD2d6pEmZAskn3xqNr.vzLmPgmm7WVOkR8BUMVdMhjw.1iICUqQPyQkQDQu3J9mKXquUgzejXhgkrfA8rRzeBKtpjG7l691Ox3GDHnD98ydQvF6uquSShZ19p0CiT5Q07o6H_gSwz_77IMINE4jrzBZCDrTKOyA4pE0uGXeVEEZukGSaTAQDDqbI.7luZlmpILmyHqFd_fJc0aHb6wZea9TuKLb6TJpw1R_i8hFfCP0hbw4KsCYyygn0E7Q\\\',mdrd: \\\'\\\',};var a = document.createElement(\\\'script\\\');a.src = \\\'/cdn-cgi/challenge-platform/h/g/orchestrate/chl_page/v1?ray=9624d2d4b80867a9\\\';window._cf_chl_opt.cOgUHash = location.hash === \\\'\\\' &amp;&amp; location.href.indexOf(\\\'#\\\') !== -1 ? \\\'#\\\' : location.hash;window._cf_chl_opt.cOgUQuery = location.search === \\\'\\\' &amp;&amp; location.href.slice(0, location.href.length - window._cf_chl_opt.cOgUHash.length).indexOf(\\\'?\\\') !== -1 ? \\\'?\\\' : location.search;if (window.history &amp;&amp; window.history.replaceState) {var ogU = location.pathname + window._cf_chl_opt.cOgUQuery + window._cf_chl_opt.cOgUHash;history.replaceState(null, null,&quot;/rest/v1/rpc/sql?__cf_chl_rt_tk=lYUyHQfy7o4KFgZVX8FGNba9AJMvGXo19G6SXpOC0as-1753039306-1.0.1.1-88IvPScAebnZwx_zS_qJzN3Xg3kk6WMxTGWG.LELtmU&quot;+ window._cf_chl_opt.cOgUHash);a.onload = function() {history.replaceState(null, null, ogU);}}document.getElementsByTagName(\\\'head\\\')[0].appendChild(a);}());&lt;/script&gt;&lt;/body&gt;&lt;/html&gt;\''}&quot;">/opt/hostedtoolcache/Python/3.8.18/x64/lib/python3.8/site-packages/postgrest/_sync/request_builder.py:127: in execute
    raise APIError(r.json())
/opt/hostedtoolcache/Python/3.8.18/x64/lib/python3.8/site-packages/httpx/_models.py:766: in json
    return jsonlib.loads(self.content, **kwargs)
/opt/hostedtoolcache/Python/3.8.18/x64/lib/python3.8/json/__init__.py:357: in loads
    return _default_decoder.decode(s)
/opt/hostedtoolcache/Python/3.8.18/x64/lib/python3.8/json/decoder.py:337: in decode
    obj, end = self.raw_decode(s, idx=_w(s, 0).end())
/opt/hostedtoolcache/Python/3.8.18/x64/lib/python3.8/json/decoder.py:355: in raw_decode
    raise JSONDecodeError("Expecting value", s, err.value) from None
E   json.decoder.JSONDecodeError: Expecting value: line 1 column 1 (char 0)

During handling of the above exception, another exception occurred:
tests/test_database_functions.py:54: in setup_method
    check_response = self.db_manager.supabase.rpc("sql", {"command": check_query}).execute()
/opt/hostedtoolcache/Python/3.8.18/x64/lib/python3.8/site-packages/postgrest/_sync/request_builder.py:131: in execute
    raise APIError(generate_default_error_message(r))
E   postgrest.exceptions.APIError: {'message': 'JSON could not be generated', 'code': 403, 'hint': 'Refer to full message for details', 'details': 'b\'&lt;!DOCTYPE html&gt;&lt;html lang="en-US"&gt;&lt;head&gt;&lt;title&gt;Just a moment...&lt;/title&gt;&lt;meta http-equiv="Content-Type" content="text/html; charset=UTF-8"&gt;&lt;meta http-equiv="X-UA-Compatible" content="IE=Edge"&gt;&lt;meta name="robots" content="noindex,nofollow"&gt;&lt;meta name="viewport" content="width=device-width,initial-scale=1"&gt;&lt;style&gt;*{box-sizing:border-box;margin:0;padding:0}html{line-height:1.15;-webkit-text-size-adjust:100%;color:#313131;font-family:system-ui,-apple-system,BlinkMacSystemFont,"Segoe UI",Roboto,"Helvetica Neue",Arial,"Noto Sans",sans-serif,"Apple Color Emoji","Segoe UI Emoji","Segoe UI Symbol","Noto Color Emoji"}body{display:flex;flex-direction:column;height:100vh;min-height:100vh}.main-content{margin:8rem auto;padding-left:1.5rem;max-width:60rem}@media (width &lt;= 720px){.main-content{margin-top:4rem}}.h2{line-height:2.25rem;font-size:1.5rem;font-weight:500}@media (width &lt;= 720px){.h2{line-height:1.5rem;font-size:1.25rem}}#challenge-error-text{background-image:url("data:image/svg+xml;base64,PHN2ZyB4bWxucz0iaHR0cDovL3d3dy53My5vcmcvMjAwMC9zdmciIHdpZHRoPSIzMiIgaGVpZ2h0PSIzMiIgZmlsbD0ibm9uZSI+PHBhdGggZmlsbD0iI0IyMEYwMyIgZD0iTTE2IDNhMTMgMTMgMCAxIDAgMTMgMTNBMTMuMDE1IDEzLjAxNSAwIDAgMCAxNiAzbTAgMjRhMTEgMTEgMCAxIDEgMTEtMTEgMTEuMDEgMTEuMDEgMCAwIDEtMTEgMTEiLz48cGF0aCBmaWxsPSIjQjIwRjAzIiBkPSJNMTcuMDM4IDE4LjYxNUgxNC44N0wxNC41NjMgOS41aDIuNzgzem0tMS4wODQgMS40MjdxLjY2IDAgMS4wNTcuMzg4LjQwNy4zODkuNDA3Ljk5NCAwIC41OTYtLjQwNy45ODQtLjM5Ny4zOS0xLjA1Ny4zODktLjY1IDAtMS4wNTYtLjM4OS0uMzk4LS4zODktLjM5OC0uOTg0IDAtLjU5Ny4zOTgtLjk4NS40MDYtLjM5NyAxLjA1Ni0uMzk3Ii8+PC9zdmc+");background-repeat:no-repeat;background-size:contain;padding-left:34px}@media (prefers-color-scheme: dark){body{background-color:#222;color:#d9d9d9}}&lt;/style&gt;&lt;meta http-equiv="refresh" content="360"&gt;&lt;/head&gt;&lt;body&gt;&lt;div class="main-wrapper" role="main"&gt;&lt;div class="main-content"&gt;&lt;noscript&gt;&lt;div class="h2"&gt;&lt;span id="challenge-error-text"&gt;Enable JavaScript and cookies to continue&lt;/span&gt;&lt;/div&gt;&lt;/noscript&gt;&lt;/div&gt;&lt;/div&gt;&lt;script&gt;(function(){window._cf_chl_opt = {cvId: \\\'3\\\',cZone: \\\'supabase.psy-supabase.com\\\',cType: \\\'managed\\\',cRay: \\\'9624d2d4b80867a9\\\',cH: \\\'toEuSGMjkWBSIDPW.r6kUlwl2Xa.eGkrfmUN8T4lS1Q-1753039306-1.2.1.1-u94A3DXrw47vWHljOX.H2j4TJEKzNhhhSsRuKjkaZMw6Q5485z2Oi0kcIMIKdcGs\\\',cUPMDTk:"/rest/v1/rpc/sql?__cf_chl_tk=lYUyHQfy7o4KFgZVX8FGNba9AJMvGXo19G6SXpOC0as-1753039306-1.0.1.1-88IvPScAebnZwx_zS_qJzN3Xg3kk6WMxTGWG.LELtmU",cFPWv: \\\'g\\\',cITimeS: \\\'1753039306\\\',cTplC:0,cTplV:5,cTplB: \\\'cf\\\',fa:"/rest/v1/rpc/sql?__cf_chl_f_tk=lYUyHQfy7o4KFgZVX8FGNba9AJMvGXo19G6SXpOC0as-1753039306-1.0.1.1-88IvPScAebnZwx_zS_qJzN3Xg3kk6WMxTGWG.LELtmU",md: \\\'azXsg53Jk3p8KnWjAGYCGjKyVDi0T1jNuYj36k7tEy0-1753039306-1.2.1.1-RWLp6VXtDW49Z1Gn7URRtjWnsBcMUWZMLA49EqL3S__AspwqpxkAUQOpBouz0thxcY5B8Ub0Yq3SkwVNNNKEW4Snt_1ze4Z9zm5_PftJgHdTnv_ZxAtQjadFOwtWnvMuC4HQ4vY43B0YBB4YSwpbvUDH6sPvO9hFMMXJ7Wbbx3qcMls6YfmXldNt08_FsVd4nBdf6KUp5OjTHw52wi7UWuTdGILR86Sw8.Pi8zcUojA0tG25my49QNqAjUxnPvPo_JSjZ.yJeXr4ujsp.5kY2TO_suD11NFYnTNRIGGfbLoDBgz8Bz3UvYGYvdkiIOdxXQsqNRM5_HRpHhfRh8KKY2QYthkdTQ6DfIJOOLmUZKV8uwJO1FPwoRqR.Mi8NVVHBpAwdvSMECdl17et9eiyd1TiurJ8MYlAGHcfYqwAWi0I5epWJwnVEmz9HX9UEZKz51Col5i3riSj0ZQyauW3gDbZkUJEuxr1TvTn1lpV5HS.86QTpzBKS_ubeHOZyVXxqRwEi4YDxeeYq7TBDNUD6iygUgfeg4S2GMCSKZ4Z79teY.6rzlRZ5_HTvfL.eum9RtUIq.avOiZItkl23GiOQ3m9EiFzpFtJ6xpThZgb_KrCd1AWsF2lZEODcl.j_2.u9OsiGNGO10oqoSwrmB7CCDh.uPQoAbQMYIb6ahW_MyXkksrOxvKl6ElT2h_dGb1k_UWWdxLLDEEPBaNLGFFO9Xn6CHu9OxZCE8jQTWJd764GoqLozNMfNIkrQsjeV4j0yV.BwLYhaX3.51k4o0UiEYoSsVUwD2d6pEmZAskn3xqNr.vzLmPgmm7WVOkR8BUMVdMhjw.1iICUqQPyQkQDQu3J9mKXquUgzejXhgkrfA8rRzeBKtpjG7l691Ox3GDHnD98ydQvF6uquSShZ19p0CiT5Q07o6H_gSwz_77IMINE4jrzBZCDrTKOyA4pE0uGXeVEEZukGSaTAQDDqbI.7luZlmpILmyHqFd_fJc0aHb6wZea9TuKLb6TJpw1R_i8hFfCP0hbw4KsCYyygn0E7Q\\\',mdrd: \\\'\\\',};var a = document.createElement(\\\'script\\\');a.src = \\\'/cdn-cgi/challenge-platform/h/g/orchestrate/chl_page/v1?ray=9624d2d4b80867a9\\\';window._cf_chl_opt.cOgUHash = location.hash === \\\'\\\' &amp;&amp; location.href.indexOf(\\\'#\\\') !== -1 ? \\\'#\\\' : location.hash;window._cf_chl_opt.cOgUQuery = location.search === \\\'\\\' &amp;&amp; location.href.slice(0, location.href.length - window._cf_chl_opt.cOgUHash.length).indexOf(\\\'?\\\') !== -1 ? \\\'?\\\' : location.search;if (window.history &amp;&amp; window.history.replaceState) {var ogU = location.pathname + window._cf_chl_opt.cOgUQuery + window._cf_chl_opt.cOgUHash;history.replaceState(null, null,"/rest/v1/rpc/sql?__cf_chl_rt_tk=lYUyHQfy7o4KFgZVX8FGNba9AJMvGXo19G6SXpOC0as-1753039306-1.0.1.1-88IvPScAebnZwx_zS_qJzN3Xg3kk6WMxTGWG.LELtmU"+ window._cf_chl_opt.cOgUHash);a.onload = function() {history.replaceState(null, null, ogU);}}document.getElementsByTagName(\\\'head\\\')[0].appendChild(a);}());&lt;/script&gt;&lt;/body&gt;&lt;/html&gt;\''}</error></testcase><testcase classname="tests.test_database_functions.TestDatabaseFunctions" name="test_dynamic_rag_with_session_id" time="0.230"><error message="failed on setup with &quot;postgrest.exceptions.APIError: {'message': 'JSON could not be generated', 'code': 403, 'hint': 'Refer to full message for details', 'details': 'b\'&lt;!DOCTYPE html&gt;&lt;html lang=&quot;en-US&quot;&gt;&lt;head&gt;&lt;title&gt;Just a moment...&lt;/title&gt;&lt;meta http-equiv=&quot;Content-Type&quot; content=&quot;text/html; charset=UTF-8&quot;&gt;&lt;meta http-equiv=&quot;X-UA-Compatible&quot; content=&quot;IE=Edge&quot;&gt;&lt;meta name=&quot;robots&quot; content=&quot;noindex,nofollow&quot;&gt;&lt;meta name=&quot;viewport&quot; content=&quot;width=device-width,initial-scale=1&quot;&gt;&lt;style&gt;*{box-sizing:border-box;margin:0;padding:0}html{line-height:1.15;-webkit-text-size-adjust:100%;color:#313131;font-family:system-ui,-apple-system,BlinkMacSystemFont,&quot;Segoe UI&quot;,Roboto,&quot;Helvetica Neue&quot;,Arial,&quot;Noto Sans&quot;,sans-serif,&quot;Apple Color Emoji&quot;,&quot;Segoe UI Emoji&quot;,&quot;Segoe UI Symbol&quot;,&quot;Noto Color Emoji&quot;}body{display:flex;flex-direction:column;height:100vh;min-height:100vh}.main-content{margin:8rem auto;padding-left:1.5rem;max-width:60rem}@media (width &lt;= 720px){.main-content{margin-top:4rem}}.h2{line-height:2.25rem;font-size:1.5rem;font-weight:500}@media (width &lt;= 720px){.h2{line-height:1.5rem;font-size:1.25rem}}#challenge-error-text{background-image:url(&quot;data:image/svg+xml;base64,PHN2ZyB4bWxucz0iaHR0cDovL3d3dy53My5vcmcvMjAwMC9zdmciIHdpZHRoPSIzMiIgaGVpZ2h0PSIzMiIgZmlsbD0ibm9uZSI+PHBhdGggZmlsbD0iI0IyMEYwMyIgZD0iTTE2IDNhMTMgMTMgMCAxIDAgMTMgMTNBMTMuMDE1IDEzLjAxNSAwIDAgMCAxNiAzbTAgMjRhMTEgMTEgMCAxIDEgMTEtMTEgMTEuMDEgMTEuMDEgMCAwIDEtMTEgMTEiLz48cGF0aCBmaWxsPSIjQjIwRjAzIiBkPSJNMTcuMDM4IDE4LjYxNUgxNC44N0wxNC41NjMgOS41aDIuNzgzem0tMS4wODQgMS40MjdxLjY2IDAgMS4wNTcuMzg4LjQwNy4zODkuNDA3Ljk5NCAwIC41OTYtLjQwNy45ODQtLjM5Ny4zOS0xLjA1Ny4zODktLjY1IDAtMS4wNTYtLjM4OS0uMzk4LS4zODktLjM5OC0uOTg0IDAtLjU5Ny4zOTgtLjk4NS40MDYtLjM5NyAxLjA1Ni0uMzk3Ii8+PC9zdmc+&quot;);background-repeat:no-repeat;background-size:contain;padding-left:34px}@media (prefers-color-scheme: dark){body{background-color:#222;color:#d9d9d9}}&lt;/style&gt;&lt;meta http-equiv=&quot;refresh&quot; content=&quot;360&quot;&gt;&lt;/head&gt;&lt;body&gt;&lt;div class=&quot;main-wrapper&quot; role=&quot;main&quot;&gt;&lt;div class=&quot;main-content&quot;&gt;&lt;noscript&gt;&lt;div class=&quot;h2&quot;&gt;&lt;span id=&quot;challenge-error-text&quot;&gt;Enable JavaScript and cookies to continue&lt;/span&gt;&lt;/div&gt;&lt;/noscript&gt;&lt;/div&gt;&lt;/div&gt;&lt;script&gt;(function(){window._cf_chl_opt = {cvId: \\\'3\\\',cZone: \\\'supabase.psy-supabase.com\\\',cType: \\\'managed\\\',cRay: \\\'9624d2d66dc61726\\\',cH: \\\'U63Ep6UPqWCmS4jA.xogS6nQmm80z68DpiOVg.OAJ5A-1753039307-1.2.1.1-ZyyZlHy2Xvs2m2VOt_Lgzg4eO7d5jBRQXqJ2oQlqcC9JR2lvSziELnI_vJtdpegW\\\',cUPMDTk:&quot;/rest/v1/rpc/sql?__cf_chl_tk=CxoVHnKjCepR1ObvjksRSDqtB9SbX1hZrpnLqP7cy5s-1753039307-1.0.1.1-OPbJaYGc01rivbq.IhYFuBxVExDJOsz_QyNp3e_b.oc&quot;,cFPWv: \\\'g\\\',cITimeS: \\\'1753039307\\\',cTplC:0,cTplV:5,cTplB: \\\'cf\\\',fa:&quot;/rest/v1/rpc/sql?__cf_chl_f_tk=CxoVHnKjCepR1ObvjksRSDqtB9SbX1hZrpnLqP7cy5s-1753039307-1.0.1.1-OPbJaYGc01rivbq.IhYFuBxVExDJOsz_QyNp3e_b.oc&quot;,md: \\\'07m_HgUiWErErJyv0yfwZo9zGqo94a3.CDKu2PE5Icw-1753039307-1.2.1.1-gEAbZGDN7KQQDymptK9hsF.4Qi3mPalnLGo9FvI2H_PDF6k272snECRQ8ZBfrnMUSNDIoZKYprUP9WxpsJyOvmu3dTX8DHQXvBzrYl1NHUHXoDQBqYLs86SSlMkj4O.Wd7Knal09ph4n5i1fmtzmau8cdCFaaAltpbU18fKaYJsyz23af5_Y0F7sZ6Nmxl7GGJfadXZBwcY7dKhKBzwunuKRNATP2IrPYuYRvwvDUsIyDClnDjEKcA5O1sfi4Mg9l6_UVzIT207vfS8m7CC_.T_cXmnyyqJbahT9iEgDtleJS64KUIg.9_2wcLTE78NMLhSlMVT_KoaD__phuCICvESRd6udHnNuzFSgNJ52XRdDyhNsd6PvQfsfguHNtvDFNnLvMJ7u4__9TSq_jT0sLFST18gZ3PCEUR3B8wpEozDBjliDpjkpbAlf99BaY1IguOYTsi1E9_jP8TbyHtwl3wrCNJoGx3MagoXvoUyiY8wIgpQhfGTAVBqA70_tzE6K2_gzGQtAR31KF4i6tyoJC9XgxGKgsqXMT51ywo6BQyBAq4gbiPno84jRDXzT8VJYa22cX.5WkE2PQJDj0QmyRB4jT7PNkYHfGJjzVfajZPqg4H.A3Y1SYWohku_2aYMAt4B3jyZ.c._3uy7VVN8VFUa5.Ypst57e5i8FCJ2lCpyjcCWuz0s.rlTsEN4HsdIqMfsZpcQxzEpFCJdfU5eZXkxG6FXN_HrLG6eDPsY_PEnCqh1D4aqfqHXTTdVOR43hOBIzWuhzjvvrQ4I2KisabMxLreH1SJZJds0.bn_.Gwa_Eae_eQVegZBJjRV1lDnWJje_w3FtCO.i8nRBOkJNcNSXAKXXjXycASBtBgpHzhjJ4EeSMgyYqDRVV0SnetpHN2lamEIIj5ar4scbWte2XZMQNukXrsALlHWBwwfuKZ1F9u8Z0NLEoVZbQXZ00jEKMvbzHSl.fHa_jTLPR5wQwmZY.E6JkAKNjfCK8ko600qGEcSeI3QJWYBuvRFEfgb0TmcSGnky9fGCqz58P9SGYg\\\',mdrd: \\\'\\\',};var a = document.createElement(\\\'script\\\');a.src = \\\'/cdn-cgi/challenge-platform/h/g/orchestrate/chl_page/v1?ray=9624d2d66dc61726\\\';window._cf_chl_opt.cOgUHash = location.hash === \\\'\\\' &amp;&amp; location.href.indexOf(\\\'#\\\') !== -1 ? \\\'#\\\' : location.hash;window._cf_chl_opt.cOgUQuery = location.search === \\\'\\\' &amp;&amp; location.href.slice(0, location.href.length - window._cf_chl_opt.cOgUHash.length).indexOf(\\\'?\\\') !== -1 ? \\\'?\\\' : location.search;if (window.history &amp;&amp; window.history.replaceState) {var ogU = location.pathname + window._cf_chl_opt.cOgUQuery + window._cf_chl_opt.cOgUHash;history.replaceState(null, null,&quot;/rest/v1/rpc/sql?__cf_chl_rt_tk=CxoVHnKjCepR1ObvjksRSDqtB9SbX1hZrpnLqP7cy5s-1753039307-1.0.1.1-OPbJaYGc01rivbq.IhYFuBxVExDJOsz_QyNp3e_b.oc&quot;+ window._cf_chl_opt.cOgUHash);a.onload = function() {history.replaceState(null, null, ogU);}}document.getElementsByTagName(\\\'head\\\')[0].appendChild(a);}());&lt;/script&gt;&lt;/body&gt;&lt;/html&gt;\''}&quot;">/opt/hostedtoolcache/Python/3.8.18/x64/lib/python3.8/site-packages/postgrest/_sync/request_builder.py:127: in execute
    raise APIError(r.json())
/opt/hostedtoolcache/Python/3.8.18/x64/lib/python3.8/site-packages/httpx/_models.py:766: in json
    return jsonlib.loads(self.content, **kwargs)
/opt/hostedtoolcache/Python/3.8.18/x64/lib/python3.8/json/__init__.py:357: in loads
    return _default_decoder.decode(s)
/opt/hostedtoolcache/Python/3.8.18/x64/lib/python3.8/json/decoder.py:337: in decode
    obj, end = self.raw_decode(s, idx=_w(s, 0).end())
/opt/hostedtoolcache/Python/3.8.18/x64/lib/python3.8/json/decoder.py:355: in raw_decode
    raise JSONDecodeError("Expecting value", s, err.value) from None
E   json.decoder.JSONDecodeError: Expecting value: line 1 column 1 (char 0)

During handling of the above exception, another exception occurred:
tests/test_database_functions.py:54: in setup_method
    check_response = self.db_manager.supabase.rpc("sql", {"command": check_query}).execute()
/opt/hostedtoolcache/Python/3.8.18/x64/lib/python3.8/site-packages/postgrest/_sync/request_builder.py:131: in execute
    raise APIError(generate_default_error_message(r))
E   postgrest.exceptions.APIError: {'message': 'JSON could not be generated', 'code': 403, 'hint': 'Refer to full message for details', 'details': 'b\'&lt;!DOCTYPE html&gt;&lt;html lang="en-US"&gt;&lt;head&gt;&lt;title&gt;Just a moment...&lt;/title&gt;&lt;meta http-equiv="Content-Type" content="text/html; charset=UTF-8"&gt;&lt;meta http-equiv="X-UA-Compatible" content="IE=Edge"&gt;&lt;meta name="robots" content="noindex,nofollow"&gt;&lt;meta name="viewport" content="width=device-width,initial-scale=1"&gt;&lt;style&gt;*{box-sizing:border-box;margin:0;padding:0}html{line-height:1.15;-webkit-text-size-adjust:100%;color:#313131;font-family:system-ui,-apple-system,BlinkMacSystemFont,"Segoe UI",Roboto,"Helvetica Neue",Arial,"Noto Sans",sans-serif,"Apple Color Emoji","Segoe UI Emoji","Segoe UI Symbol","Noto Color Emoji"}body{display:flex;flex-direction:column;height:100vh;min-height:100vh}.main-content{margin:8rem auto;padding-left:1.5rem;max-width:60rem}@media (width &lt;= 720px){.main-content{margin-top:4rem}}.h2{line-height:2.25rem;font-size:1.5rem;font-weight:500}@media (width &lt;= 720px){.h2{line-height:1.5rem;font-size:1.25rem}}#challenge-error-text{background-image:url("data:image/svg+xml;base64,PHN2ZyB4bWxucz0iaHR0cDovL3d3dy53My5vcmcvMjAwMC9zdmciIHdpZHRoPSIzMiIgaGVpZ2h0PSIzMiIgZmlsbD0ibm9uZSI+PHBhdGggZmlsbD0iI0IyMEYwMyIgZD0iTTE2IDNhMTMgMTMgMCAxIDAgMTMgMTNBMTMuMDE1IDEzLjAxNSAwIDAgMCAxNiAzbTAgMjRhMTEgMTEgMCAxIDEgMTEtMTEgMTEuMDEgMTEuMDEgMCAwIDEtMTEgMTEiLz48cGF0aCBmaWxsPSIjQjIwRjAzIiBkPSJNMTcuMDM4IDE4LjYxNUgxNC44N0wxNC41NjMgOS41aDIuNzgzem0tMS4wODQgMS40MjdxLjY2IDAgMS4wNTcuMzg4LjQwNy4zODkuNDA3Ljk5NCAwIC41OTYtLjQwNy45ODQtLjM5Ny4zOS0xLjA1Ny4zODktLjY1IDAtMS4wNTYtLjM4OS0uMzk4LS4zODktLjM5OC0uOTg0IDAtLjU5Ny4zOTgtLjk4NS40MDYtLjM5NyAxLjA1Ni0uMzk3Ii8+PC9zdmc+");background-repeat:no-repeat;background-size:contain;padding-left:34px}@media (prefers-color-scheme: dark){body{background-color:#222;color:#d9d9d9}}&lt;/style&gt;&lt;meta http-equiv="refresh" content="360"&gt;&lt;/head&gt;&lt;body&gt;&lt;div class="main-wrapper" role="main"&gt;&lt;div class="main-content"&gt;&lt;noscript&gt;&lt;div class="h2"&gt;&lt;span id="challenge-error-text"&gt;Enable JavaScript and cookies to continue&lt;/span&gt;&lt;/div&gt;&lt;/noscript&gt;&lt;/div&gt;&lt;/div&gt;&lt;script&gt;(function(){window._cf_chl_opt = {cvId: \\\'3\\\',cZone: \\\'supabase.psy-supabase.com\\\',cType: \\\'managed\\\',cRay: \\\'9624d2d66dc61726\\\',cH: \\\'U63Ep6UPqWCmS4jA.xogS6nQmm80z68DpiOVg.OAJ5A-1753039307-1.2.1.1-ZyyZlHy2Xvs2m2VOt_Lgzg4eO7d5jBRQXqJ2oQlqcC9JR2lvSziELnI_vJtdpegW\\\',cUPMDTk:"/rest/v1/rpc/sql?__cf_chl_tk=CxoVHnKjCepR1ObvjksRSDqtB9SbX1hZrpnLqP7cy5s-1753039307-1.0.1.1-OPbJaYGc01rivbq.IhYFuBxVExDJOsz_QyNp3e_b.oc",cFPWv: \\\'g\\\',cITimeS: \\\'1753039307\\\',cTplC:0,cTplV:5,cTplB: \\\'cf\\\',fa:"/rest/v1/rpc/sql?__cf_chl_f_tk=CxoVHnKjCepR1ObvjksRSDqtB9SbX1hZrpnLqP7cy5s-1753039307-1.0.1.1-OPbJaYGc01rivbq.IhYFuBxVExDJOsz_QyNp3e_b.oc",md: \\\'07m_HgUiWErErJyv0yfwZo9zGqo94a3.CDKu2PE5Icw-1753039307-1.2.1.1-gEAbZGDN7KQQDymptK9hsF.4Qi3mPalnLGo9FvI2H_PDF6k272snECRQ8ZBfrnMUSNDIoZKYprUP9WxpsJyOvmu3dTX8DHQXvBzrYl1NHUHXoDQBqYLs86SSlMkj4O.Wd7Knal09ph4n5i1fmtzmau8cdCFaaAltpbU18fKaYJsyz23af5_Y0F7sZ6Nmxl7GGJfadXZBwcY7dKhKBzwunuKRNATP2IrPYuYRvwvDUsIyDClnDjEKcA5O1sfi4Mg9l6_UVzIT207vfS8m7CC_.T_cXmnyyqJbahT9iEgDtleJS64KUIg.9_2wcLTE78NMLhSlMVT_KoaD__phuCICvESRd6udHnNuzFSgNJ52XRdDyhNsd6PvQfsfguHNtvDFNnLvMJ7u4__9TSq_jT0sLFST18gZ3PCEUR3B8wpEozDBjliDpjkpbAlf99BaY1IguOYTsi1E9_jP8TbyHtwl3wrCNJoGx3MagoXvoUyiY8wIgpQhfGTAVBqA70_tzE6K2_gzGQtAR31KF4i6tyoJC9XgxGKgsqXMT51ywo6BQyBAq4gbiPno84jRDXzT8VJYa22cX.5WkE2PQJDj0QmyRB4jT7PNkYHfGJjzVfajZPqg4H.A3Y1SYWohku_2aYMAt4B3jyZ.c._3uy7VVN8VFUa5.Ypst57e5i8FCJ2lCpyjcCWuz0s.rlTsEN4HsdIqMfsZpcQxzEpFCJdfU5eZXkxG6FXN_HrLG6eDPsY_PEnCqh1D4aqfqHXTTdVOR43hOBIzWuhzjvvrQ4I2KisabMxLreH1SJZJds0.bn_.Gwa_Eae_eQVegZBJjRV1lDnWJje_w3FtCO.i8nRBOkJNcNSXAKXXjXycASBtBgpHzhjJ4EeSMgyYqDRVV0SnetpHN2lamEIIj5ar4scbWte2XZMQNukXrsALlHWBwwfuKZ1F9u8Z0NLEoVZbQXZ00jEKMvbzHSl.fHa_jTLPR5wQwmZY.E6JkAKNjfCK8ko600qGEcSeI3QJWYBuvRFEfgb0TmcSGnky9fGCqz58P9SGYg\\\',mdrd: \\\'\\\',};var a = document.createElement(\\\'script\\\');a.src = \\\'/cdn-cgi/challenge-platform/h/g/orchestrate/chl_page/v1?ray=9624d2d66dc61726\\\';window._cf_chl_opt.cOgUHash = location.hash === \\\'\\\' &amp;&amp; location.href.indexOf(\\\'#\\\') !== -1 ? \\\'#\\\' : location.hash;window._cf_chl_opt.cOgUQuery = location.search === \\\'\\\' &amp;&amp; location.href.slice(0, location.href.length - window._cf_chl_opt.cOgUHash.length).indexOf(\\\'?\\\') !== -1 ? \\\'?\\\' : location.search;if (window.history &amp;&amp; window.history.replaceState) {var ogU = location.pathname + window._cf_chl_opt.cOgUQuery + window._cf_chl_opt.cOgUHash;history.replaceState(null, null,"/rest/v1/rpc/sql?__cf_chl_rt_tk=CxoVHnKjCepR1ObvjksRSDqtB9SbX1hZrpnLqP7cy5s-1753039307-1.0.1.1-OPbJaYGc01rivbq.IhYFuBxVExDJOsz_QyNp3e_b.oc"+ window._cf_chl_opt.cOgUHash);a.onload = function() {history.replaceState(null, null, ogU);}}document.getElementsByTagName(\\\'head\\\')[0].appendChild(a);}());&lt;/script&gt;&lt;/body&gt;&lt;/html&gt;\''}</error></testcase><testcase classname="tests.test_db_manager_mock" name="test_db_manager_mock_save_interaction" time="0.143" /><testcase classname="tests.test_diagnostic" name="test_diagnostic_rag_processor" time="0.726" /><testcase classname="tests.test_direct_rag" name="test_rag_implementation_check" time="0.718" /><testcase classname="tests.test_dynamic_rag.TestDynamicRAGRetriever" name="test_combined_retrieval_workflow" time="0.212"><skipped type="pytest.skip" message="Unable to connect to database. Skipping integration tests.">/home/runner/work/psy-supabase/psy-supabase/tests/test_dynamic_rag.py:251: Unable to connect to database. Skipping integration tests.</skipped></testcase><testcase classname="tests.test_dynamic_rag.TestDynamicRAGRetriever" name="test_get_knowledge_by_query" time="0.242"><skipped type="pytest.skip" message="Unable to connect to database. Skipping integration tests.">/home/runner/work/psy-supabase/psy-supabase/tests/test_dynamic_rag.py:80: Unable to connect to database. Skipping integration tests.</skipped></testcase><testcase classname="tests.test_dynamic_rag.TestDynamicRAGRetriever" name="test_get_knowledge_by_query_caching" time="0.252"><skipped type="pytest.skip" message="Unable to connect to database. Skipping integration tests.">/home/runner/work/psy-supabase/psy-supabase/tests/test_dynamic_rag.py:97: Unable to connect to database. Skipping integration tests.</skipped></testcase><testcase classname="tests.test_dynamic_rag.TestDynamicRAGRetriever" name="test_get_pain_point" time="0.215"><skipped type="pytest.skip" message="Unable to connect to database. Skipping integration tests.">/home/runner/work/psy-supabase/psy-supabase/tests/test_dynamic_rag.py:288: Unable to connect to database. Skipping integration tests.</skipped></testcase><testcase classname="tests.test_dynamic_rag.TestDynamicRAGRetriever" name="test_get_past_interactions" time="0.232"><skipped type="pytest.skip" message="Unable to connect to database. Skipping integration tests.">/home/runner/work/psy-supabase/psy-supabase/tests/test_dynamic_rag.py:215: Unable to connect to database. Skipping integration tests.</skipped></testcase><testcase classname="tests.test_dynamic_rag.TestDynamicRAGRetriever" name="test_get_past_interactions_by_topic" time="0.216"><skipped type="pytest.skip" message="Unable to connect to database. Skipping integration tests.">/home/runner/work/psy-supabase/psy-supabase/tests/test_dynamic_rag.py:230: Unable to connect to database. Skipping integration tests.</skipped></testcase><testcase classname="tests.test_dynamic_rag.TestDynamicRAGRetriever" name="test_similarity_formatting" time="0.229"><skipped type="pytest.skip" message="Unable to connect to database. Skipping integration tests.">/home/runner/work/psy-supabase/psy-supabase/tests/test_dynamic_rag.py:175: Unable to connect to database. Skipping integration tests.</skipped></testcase><testcase classname="tests.test_dynamic_rag.TestDynamicRAGRetriever" name="test_template_existence" time="0.220"><skipped type="pytest.skip" message="Unable to connect to database. Skipping integration tests.">/home/runner/work/psy-supabase/psy-supabase/tests/test_dynamic_rag.py:56: Unable to connect to database. Skipping integration tests.</skipped></testcase><testcase classname="tests.test_dynamic_rag.TestDynamicRAGRetriever" name="test_template_selection_with_anxiety" time="0.246"><skipped type="pytest.skip" message="Unable to connect to database. Skipping integration tests.">/home/runner/work/psy-supabase/psy-supabase/tests/test_dynamic_rag.py:311: Unable to connect to database. Skipping integration tests.</skipped></testcase><testcase classname="tests.test_dynamic_rag_edge_cases.TestDynamicRAGEdgeCases" name="test_database_error_handling" time="0.156" /><testcase classname="tests.test_dynamic_rag_edge_cases.TestDynamicRAGEdgeCases" name="test_empty_input_handling" time="0.147" /><testcase classname="tests.test_dynamic_rag_edge_cases.TestDynamicRAGEdgeCases" name="test_empty_results_handling" time="0.155" /><testcase classname="tests.test_dynamic_rag_edge_cases.TestDynamicRAGEdgeCases" name="test_special_characters_input" time="0.143" /><testcase classname="tests.test_dynamic_rag_edge_cases.TestDynamicRAGIntegration" name="test_large_scale_caching" time="0.143" /><testcase classname="tests.test_embedding_generation.TestEmbeddingGeneration" name="test_device_handling" time="0.234"><skipped type="pytest.skip" message="Unable to connect to database. Skipping integration tests.">/home/runner/work/psy-supabase/psy-supabase/tests/test_embedding_generation.py:60: Unable to connect to database. Skipping integration tests.</skipped></testcase><testcase classname="tests.test_embedding_generation.TestEmbeddingGeneration" name="test_dict_context_storage" time="0.237"><skipped type="pytest.skip" message="Unable to connect to database. Skipping integration tests.">/home/runner/work/psy-supabase/psy-supabase/tests/test_embedding_generation.py:164: Unable to connect to database. Skipping integration tests.</skipped></testcase><testcase classname="tests.test_embedding_generation.TestEmbeddingGeneration" name="test_dict_context_storage_edge_cases" time="0.241"><skipped type="pytest.skip" message="Unable to connect to database. Skipping integration tests.">/home/runner/work/psy-supabase/psy-supabase/tests/test_embedding_generation.py:184: Unable to connect to database. Skipping integration tests.</skipped></testcase><testcase classname="tests.test_embedding_generation.TestEmbeddingGeneration" name="test_direct_batchencoding_to_device" time="0.215"><skipped type="pytest.skip" message="Unable to connect to database. Skipping integration tests.">/home/runner/work/psy-supabase/psy-supabase/tests/test_embedding_generation.py:79: Unable to connect to database. Skipping integration tests.</skipped></testcase><testcase classname="tests.test_embedding_generation.TestEmbeddingGeneration" name="test_embedding_end_to_end" time="0.235"><skipped type="pytest.skip" message="Unable to connect to database. Skipping integration tests.">/home/runner/work/psy-supabase/psy-supabase/tests/test_embedding_generation.py:264: Unable to connect to database. Skipping integration tests.</skipped></testcase><testcase classname="tests.test_embedding_generation.TestEmbeddingGeneration" name="test_embedding_when_model_not_loaded" time="0.235"><skipped type="pytest.skip" message="Unable to connect to database. Skipping integration tests.">/home/runner/work/psy-supabase/psy-supabase/tests/test_embedding_generation.py:100: Unable to connect to database. Skipping integration tests.</skipped></testcase><testcase classname="tests.test_embedding_generation.TestEmbeddingGeneration" name="test_model_manager_get_embedding_integration" time="0.226"><skipped type="pytest.skip" message="Unable to connect to database. Skipping integration tests.">/home/runner/work/psy-supabase/psy-supabase/tests/test_embedding_generation.py:130: Unable to connect to database. Skipping integration tests.</skipped></testcase><testcase classname="tests.test_embedding_generation.TestEmbeddingGeneration" name="test_tokenizer_output_handling" time="0.221"><skipped type="pytest.skip" message="Unable to connect to database. Skipping integration tests.">/home/runner/work/psy-supabase/psy-supabase/tests/test_embedding_generation.py:39: Unable to connect to database. Skipping integration tests.</skipped></testcase><testcase classname="tests.test_explainer.TestExplainer" name="test_full_pipeline_example" time="1.310" /><testcase classname="tests.test_mapping_consistency.TestMappingConsistency" name="test_approach_to_template_consistency" time="0.170" /><testcase classname="tests.test_mapping_consistency.TestMappingConsistency" name="test_pain_point_to_topic_consistency" time="2.335" /><testcase classname="tests.test_mapping_consistency.TestMappingConsistency" name="test_topic_to_emotion_consistency" time="0.155" /><testcase classname="tests.test_mapping_consistency.TestMappingConsistency" name="test_approach_visualization" time="2.253" /><testcase classname="tests.test_mapping_consistency.TestMappingConsistency" name="test_grief_related_mappings" time="0.162" /><testcase classname="tests.test_mock_verify" name="test_mock_db_manager_with_spy" time="0.149" /><testcase classname="tests.test_pain_point_database_writing.TestPainPointDatabaseWriting" name="test_pain_point_detection_returns_correct_format" time="0.147" /><testcase classname="tests.test_pain_point_database_writing.TestPainPointDatabaseWriting" name="test_add_interaction_pain_point_integration" time="0.151" /><testcase classname="tests.test_pain_point_database_writing.TestPainPointDatabaseWriting" name="test_pain_point_question_storage" time="0.145" /><testcase classname="tests.test_pain_point_database_writing.TestPainPointDatabaseWriting" name="test_metadata_structure_validation" time="0.145" /><testcase classname="tests.test_pain_point_database_writing.TestPainPointDatabaseWriting" name="test_duplicate_prevention" time="0.146" /><testcase classname="tests.test_pain_point_database_writing.TestPainPointDatabaseWriting" name="test_real_database_integration" time="0.231" /><testcase classname="tests.test_pain_point_detection.TestPainPointDetection" name="test_detect_pain_points_error_handling" time="0.147" /><testcase classname="tests.test_pain_point_detection.TestPainPointDetection" name="test_detect_pain_points_insufficient_data" time="0.151" /><testcase classname="tests.test_pain_point_detection.TestPainPointDetection" name="test_detect_pain_points_no_history" time="0.144" /><testcase classname="tests.test_pain_point_detection.TestPainPointDetection" name="test_detect_pain_points_with_real_data" time="4.456" /><testcase classname="tests.test_pain_point_detection.TestPainPointDetection" name="test_pain_point_detector_config_access" time="0.156" /><testcase classname="tests.test_pain_point_detection.TestPainPointDetection" name="test_pain_point_detector_initialization" time="0.155" /><testcase classname="tests.test_pain_point_detection.TestPainPointDetection" name="test_semantic_chunk_question_basic" time="0.156" /><testcase classname="tests.test_pain_point_detection.TestPainPointDetection" name="test_semantic_chunk_question_empty" time="0.144" /><testcase classname="tests.test_pain_point_detection.TestPainPointDetection" name="test_semantic_chunk_question_max_length" time="0.157" /><testcase classname="tests.test_pain_point_detection.TestPainPointDetection" name="test_semantic_chunk_question_single_sentence" time="0.156" /><testcase classname="tests.test_pain_point_detection" name="test_pain_point_detection_basic_functionality" time="1.723" /><testcase classname="tests.test_pain_point_detection" name="test_semantic_chunking_preserves_content" time="0.157" /><testcase classname="tests.test_pain_point_detection" name="test_pain_point_detection_empty_input" time="0.147" /><testcase classname="tests.test_pain_point_detection" name="test_pain_point_detection_threshold_parameter" time="3.873" /><testcase classname="tests.test_pain_point_detection" name="test_pain_point_detection_min_occurrences_parameter" time="1.725" /><testcase classname="tests.test_pain_point_detection" name="test_pain_point_detector_configuration_loading" time="0.153" /><testcase classname="tests.test_pain_point_detection_v2.TestPainPointDetection" name="test_approach_type_selection" time="0.800"><skipped type="pytest.skip" message="Unable to connect to database. Skipping integration tests.">/home/runner/work/psy-supabase/psy-supabase/tests/test_pain_point_detection_v2.py:247: Unable to connect to database. Skipping integration tests.</skipped></testcase><testcase classname="tests.test_pain_point_detection_v2.TestPainPointDetection" name="test_dynamic_rag_retriever_integration1" time="0.799"><skipped type="pytest.skip" message="Unable to connect to database. Skipping integration tests.">/home/runner/work/psy-supabase/psy-supabase/tests/test_pain_point_detection_v2.py:617: Unable to connect to database. Skipping integration tests.</skipped></testcase><testcase classname="tests.test_pain_point_detection_v2.TestPainPointDetection" name="test_dynamic_rag_retriever_integration_with_silent_db" time="0.804"><skipped type="pytest.skip" message="Unable to connect to database. Skipping integration tests.">/home/runner/work/psy-supabase/psy-supabase/tests/test_pain_point_detection_v2.py:640: Unable to connect to database. Skipping integration tests.</skipped></testcase><testcase classname="tests.test_pain_point_detection_v2.TestPainPointDetection" name="test_emotion_detection_enhancement" time="0.796"><skipped type="pytest.skip" message="Unable to connect to database. Skipping integration tests.">/home/runner/work/psy-supabase/psy-supabase/tests/test_pain_point_detection_v2.py:285: Unable to connect to database. Skipping integration tests.</skipped></testcase><testcase classname="tests.test_pain_point_detection_v2.TestPainPointDetection" name="test_multiple_pain_points_detected" time="0.803"><skipped type="pytest.skip" message="Unable to connect to database. Skipping integration tests.">/home/runner/work/psy-supabase/psy-supabase/tests/test_pain_point_detection_v2.py:427: Unable to connect to database. Skipping integration tests.</skipped></testcase><testcase classname="tests.test_pain_point_detection_v2.TestPainPointDetection" name="test_no_pain_points_detected" time="0.804"><skipped type="pytest.skip" message="Unable to connect to database. Skipping integration tests.">/home/runner/work/psy-supabase/psy-supabase/tests/test_pain_point_detection_v2.py:349: Unable to connect to database. Skipping integration tests.</skipped></testcase><testcase classname="tests.test_pain_point_detection_v2.TestPainPointDetection" name="test_pain_point_detection_system" time="0.834"><skipped type="pytest.skip" message="Unable to connect to database. Skipping integration tests.">/home/runner/work/psy-supabase/psy-supabase/tests/test_pain_point_detection_v2.py:166: Unable to connect to database. Skipping integration tests.</skipped></testcase><testcase classname="tests.test_pain_point_detection_v2.TestPainPointDetection" name="test_topic_detection_and_storage" time="0.804"><skipped type="pytest.skip" message="Unable to connect to database. Skipping integration tests.">/home/runner/work/psy-supabase/psy-supabase/tests/test_pain_point_detection_v2.py:316: Unable to connect to database. Skipping integration tests.</skipped></testcase><testcase classname="tests.test_pattern" name="test_rag_processor_consistent_pattern" time="0.726" /><testcase classname="tests.test_quick_fix" name="test_mock_exact_responses" time="0.147" /><testcase classname="tests.test_rag_context_determination" name="test_determine_context" time="0.145" /><testcase classname="tests.test_rag_context_determination" name="test_extract_relevant_interactions" time="0.140" /><testcase classname="tests.test_rag_context_determination" name="test_format_interactions_as_context" time="0.142" /><testcase classname="tests.test_rag_context_determination" name="test_create_context_from_similar_interactions" time="0.147" /><testcase classname="tests.test_rag_context_determination" name="test_context_determination_from_topic" time="0.149" /><testcase classname="tests.test_rag_context_determination" name="test_context_determination_from_category_info" time="0.154" /><testcase classname="tests.test_rag_context_determination" name="test_context_fallback_to_therapeutic_dialogue" time="0.738" /><testcase classname="tests.test_rag_context_determination" name="test_context_from_pain_point" time="0.146" /><testcase classname="tests.test_rag_context_integration.TestRAGContextIntegration" name="test_combined_context_generation" time="0.217"><skipped type="pytest.skip" message="Unable to connect to database. Skipping integration tests.">/home/runner/work/psy-supabase/psy-supabase/tests/test_rag_context_integration.py:206: Unable to connect to database. Skipping integration tests.</skipped></testcase><testcase classname="tests.test_rag_context_integration.TestRAGContextIntegration" name="test_context_determination_integration" time="0.226"><skipped type="pytest.skip" message="Unable to connect to database. Skipping integration tests.">/home/runner/work/psy-supabase/psy-supabase/tests/test_rag_context_integration.py:173: Unable to connect to database. Skipping integration tests.</skipped></testcase><testcase classname="tests.test_rag_context_integration.TestRAGContextIntegration" name="test_context_sources_in_metadata" time="0.214"><skipped type="pytest.skip" message="Unable to connect to database. Skipping integration tests.">/home/runner/work/psy-supabase/psy-supabase/tests/test_rag_context_integration.py:243: Unable to connect to database. Skipping integration tests.</skipped></testcase><testcase classname="tests.test_rag_context_integration.TestRAGContextIntegration" name="test_debug_save_interaction" time="0.225"><skipped type="pytest.skip" message="Unable to connect to database. Skipping integration tests.">/home/runner/work/psy-supabase/psy-supabase/tests/test_rag_context_integration.py:407: Unable to connect to database. Skipping integration tests.</skipped></testcase><testcase classname="tests.test_rag_context_integration.TestRAGContextIntegration" name="test_fallback_to_legacy_method" time="0.235"><skipped type="pytest.skip" message="Unable to connect to database. Skipping integration tests.">/home/runner/work/psy-supabase/psy-supabase/tests/test_rag_context_integration.py:268: Unable to connect to database. Skipping integration tests.</skipped></testcase><testcase classname="tests.test_rag_context_integration.TestRAGContextIntegration" name="test_inspect_implementation" time="0.234"><skipped type="pytest.skip" message="Unable to connect to database. Skipping integration tests.">/home/runner/work/psy-supabase/psy-supabase/tests/test_rag_context_integration.py:343: Unable to connect to database. Skipping integration tests.</skipped></testcase><testcase classname="tests.test_rag_context_integration.TestRAGContextIntegration" name="test_real_context_determination" time="0.218"><skipped type="pytest.skip" message="Unable to connect to database. Skipping integration tests.">/home/runner/work/psy-supabase/psy-supabase/tests/test_rag_context_integration.py:299: Unable to connect to database. Skipping integration tests.</skipped></testcase><testcase classname="tests.test_rag_debug.TestRAGProcessorSaveInteraction" name="test_rag_processor_save_interaction_call" time="0.228"><skipped type="pytest.skip" message="Unable to connect to database. Skipping integration tests.">/home/runner/work/psy-supabase/psy-supabase/tests/test_rag_debug.py:86: Unable to connect to database. Skipping integration tests.</skipped></testcase><testcase classname="tests.test_rag_direct" name="test_rag_direct_save" time="0.163" /><testcase classname="tests.test_rag_processor.TestRAGProcessor" name="test_init" time="0.715" /><testcase classname="tests.test_rag_processor.TestRAGProcessor" name="test_process_query_new_embedding" time="0.724" /><testcase classname="tests.test_rag_processor.TestRAGProcessor" name="test_process_query_cached_embedding" time="0.725" /><testcase classname="tests.test_rag_processor.TestRAGProcessor" name="test_get_relevant_documents" time="0.729" /><testcase classname="tests.test_rag_processor.TestRAGProcessor" name="test_enhance_context_with_relevant_documents_direct_override" time="0.736" /><testcase classname="tests.test_rag_processor.TestRAGProcessor" name="test_enhance_context_with_no_documents" time="0.717" /><testcase classname="tests.test_rag_processor.TestRAGProcessor" name="test_detect_pain_points_exception_handling" time="0.730" /><testcase classname="tests.test_rag_processor.TestRAGProcessor" name="test_detect_pain_points_no_pain_point" time="0.726" /><testcase classname="tests.test_rag_processor.TestRAGProcessor" name="test_pain_point_detection_variants[pain_point_data0-True]" time="0.857" /><testcase classname="tests.test_rag_processor.TestRAGProcessor" name="test_pain_point_detection_variants[pain_point_data1-False]" time="0.719" /><testcase classname="tests.test_rag_processor.TestRAGProcessor" name="test_pain_point_detection_variants[None-False]" time="0.717" /><testcase classname="tests.test_rag_processor.TestRAGProcessor" name="test_enhance_context_with_relevant_documents" time="0.724" /><testcase classname="tests.test_rag_processor.TestRAGProcessor" name="test_generate_response_toxic_content" time="0.735" /><testcase classname="tests.test_rag_processor.TestRAGProcessor" name="test_generate_response_normal_flow" time="0.728" /><testcase classname="tests.test_rag_processor.TestRAGProcessor" name="test_get_recent_conversation_history" time="0.772" /><testcase classname="tests.test_rag_processor.TestRAGProcessor" name="test_generate_contextual_data" time="0.723" /><testcase classname="tests.test_rag_processor.TestRAGProcessor" name="test_generate_pain_point_approach" time="0.736" /><testcase classname="tests.test_rag_processor.TestRAGProcessor" name="test_json_serialization_in_metadata" time="0.734" /><testcase classname="tests.test_rag_processor.TestRAGProcessor" name="test_datetime_handling" time="0.724" /><testcase classname="tests.test_rag_processor.TestRAGProcessor" name="test_typechecked_validation" time="0.761" /><testcase classname="tests.test_rag_processor.TestRAGProcessor" name="test_json_handling_in_metadata" time="0.734" /><testcase classname="tests.test_rag_processor.TestRAGProcessor" name="test_datetime_processing" time="0.721" /><testcase classname="tests.test_rag_processor.TestRAGProcessor" name="test_dynamic_rag_retriever_integration" time="6.288" /><testcase classname="tests.test_rag_processor.TestRAGProcessor" name="test_dynamic_rag_retriever_integration1" time="7.109" /><testcase classname="tests.test_rag_processor.TestRAGProcessor" name="test_dynamic_rag_retriever_integration_with_silent_db_v1" time="7.097" /><testcase classname="tests.test_rag_processor.TestRAGProcessor" name="test_dynamic_rag_retriever_integration_with_silent_db_v2" time="0.742" /><testcase classname="tests.test_rag_save_interaction" name="test_rag_save_interaction" time="0.736" /><testcase classname="tests.test_response_quality.TestResponseQuality" name="test_response_does_not_contain_illustration_paragraph" time="26.734" /><testcase classname="tests.test_response_quality.TestResponseQuality" name="test_response_addresses_depression_content" time="23.460" /><testcase classname="tests.test_response_quality.TestResponseQuality" name="test_dynamic_retrieval_works_with_mock" time="185.328" /><testcase classname="tests.test_response_quality.TestResponseQuality" name="test_response_handles_depression_topic" time="23.570" /><testcase classname="tests.test_response_quality.TestResponseQuality" name="test_response_handles_stress_topic" time="16.913" /><testcase classname="tests.test_response_quality.TestResponseQuality" name="test_response_handles_burnout_topic" time="20.368" /><testcase classname="tests.test_response_quality.TestResponseQuality" name="test_response_handles_stigma_topic" time="30.194" /><testcase classname="tests.test_response_quality.TestResponseQuality" name="test_response_handles_coping_topic" time="20.216" /><testcase classname="tests.test_response_quality.TestResponseQuality" name="test_response_handles_support_topic" time="18.812" /><testcase classname="tests.test_response_quality.TestResponseQuality" name="test_response_handles_therapy_topic" time="21.881" /><testcase classname="tests.test_response_quality.TestResponseQuality" name="test_response_handles_mindfulness_topic" time="23.674" /><testcase classname="tests.test_response_quality.TestResponseQuality" name="test_response_handles_communication_topic" time="16.959" /><testcase classname="tests.test_response_quality.TestResponseQuality" name="test_response_handles_addiction_topic" time="16.959" /><testcase classname="tests.test_response_quality.TestResponseQuality" name="test_response_handles_suicidal_thoughts_topic" time="15.321" /><testcase classname="tests.test_response_quality.TestResponseQuality" name="test_response_handles_anger_topic" time="25.248" /><testcase classname="tests.test_response_quality.TestResponseQuality" name="test_response_handles_grief_topic" time="2.673" /><testcase classname="tests.test_response_quality.TestResponseQuality" name="test_response_handles_anxiety_topic" time="16.978" /><testcase classname="tests.test_response_quality.TestResponseQuality" name="test_response_handles_trauma_topic" time="23.695" /><testcase classname="tests.test_response_quality.TestResponseQuality" name="test_response_handles_empty_input" time="2.380" /><testcase classname="tests.test_response_quality.TestResponseQuality" name="test_response_handles_invalid_input" time="2.404" /><testcase classname="tests.test_response_quality.TestResponseQuality" name="test_response_handles_long_input" time="2.447" /><testcase classname="tests.test_response_quality.TestResponseQuality" name="test_response_handles_special_characters" time="173.634" /><testcase classname="tests.test_response_quality.TestResponseQuality" name="test_response_handles_multiple_topics" time="18.783" /><testcase classname="tests.test_response_quality.TestResponseQuality" name="test_response_handles_cultural_sensitivity" time="23.970" /><testcase classname="tests.test_response_quality.TestResponseQuality" name="test_response_handles_mental_health_resources" time="15.388" /><testcase classname="tests.test_response_quality.TestResponseQuality" name="test_response_handles_urgent_support" time="16.968" /><testcase classname="tests.test_semantic_chunking_discovery.TestSemanticChunkingDiscovery" name="test_discover_chunking_methods" time="0.201" /><testcase classname="tests.test_semantic_chunking_discovery.TestSemanticChunkingDiscovery" name="test_discover_similarity_calculation" time="0.987" /><testcase classname="tests.test_semantic_chunking_discovery.TestSemanticChunkingDiscovery" name="test_discover_semantic_theme_extraction" time="0.174" /><testcase classname="tests.test_semantic_chunking_discovery.TestSemanticChunkingDiscovery" name="test_discover_repeating_terms_extraction" time="0.604" /><testcase classname="tests.test_semantic_chunking_discovery.TestSemanticChunkingDiscovery" name="test_discover_chunking_configuration" time="0.164" /><testcase classname="tests.test_semantic_chunking_discovery.TestSemanticChunkingDiscovery" name="test_discover_integration_with_pain_point_detection" time="2.490" /><testcase classname="tests.test_semantic_chunking_discovery.TestSemanticChunkingDiscovery" name="test_discover_chunking_performance_characteristics" time="0.201" /><testcase classname="tests.test_semantic_chunking_discovery.TestSemanticChunkingDiscovery" name="test_discover_edge_case_handling" time="0.209" /><testcase classname="tests.test_semantic_chunking_integration.TestSemanticChunkingIntegration" name="test_semantic_chunking_basic_functionality" time="0.199" /><testcase classname="tests.test_semantic_chunking_integration.TestSemanticChunkingIntegration" name="test_chunking_configuration_impact" time="0.210" /><testcase classname="tests.test_semantic_chunking_integration.TestSemanticChunkingIntegration" name="test_chunking_improves_pain_point_detection" time="0.195"><failure message="TypeError: detect_pain_points() got an unexpected keyword argument 'question'">tests/test_semantic_chunking_integration.py:151: in test_chunking_improves_pain_point_detection
    result = pain_detector.detect_pain_points(
E   TypeError: detect_pain_points() got an unexpected keyword argument 'question'</failure></testcase><testcase classname="tests.test_semantic_chunking_integration.TestSemanticChunkingIntegration" name="test_chunking_similarity_threshold_behavior" time="0.816" /><testcase classname="tests.test_semantic_chunking_integration.TestSemanticChunkingIntegration" name="test_chunking_with_vector_search" time="0.356"><failure message="TypeError: find_similar_documents() got an unexpected keyword argument 'question'">tests/test_semantic_chunking_integration.py:221: in test_chunking_with_vector_search
    similar_docs = db_manager.find_similar_documents(
E   TypeError: find_similar_documents() got an unexpected keyword argument 'question'</failure></testcase><testcase classname="tests.test_semantic_chunking_integration.TestSemanticChunkingIntegration" name="test_chunking_with_user_schema_isolation" time="0.370" /><testcase classname="tests.test_semantic_chunking_integration.TestSemanticChunkingIntegration" name="test_chunking_performance_optimization" time="0.205" /><testcase classname="tests.test_semantic_chunking_integration.TestSemanticChunkingIntegration" name="test_chunking_memory_management" time="0.586" /><testcase classname="tests.test_semantic_chunking_integration.TestSemanticChunkingIntegration" name="test_complete_chunking_workflow" time="0.298"><failure message="TypeError: find_similar_documents() got an unexpected keyword argument 'question'">tests/test_semantic_chunking_integration.py:397: in test_complete_chunking_workflow
    similar = db_manager.find_similar_documents(
E   TypeError: find_similar_documents() got an unexpected keyword argument 'question'</failure></testcase><testcase classname="tests.test_semantic_chunking_integration.TestSemanticChunkingIntegration" name="test_chunking_integration_with_rag_processor" time="0.886" /><testcase classname="tests.test_semantic_chunking_integration_final.TestSemanticChunkingIntegrationFinal" name="test_semantic_chunking_real_world_scenarios" time="2.079" /><testcase classname="tests.test_semantic_chunking_integration_final.TestSemanticChunkingIntegrationFinal" name="test_chunking_configuration_integration" time="0.163" /><testcase classname="tests.test_semantic_chunking_integration_final.TestSemanticChunkingIntegrationFinal" name="test_chunking_pain_point_detection_integration" time="1.758" /><testcase classname="tests.test_semantic_chunking_integration_final.TestSemanticChunkingIntegrationFinal" name="test_chunking_performance_and_optimization" time="0.773" /><testcase classname="tests.test_semantic_chunking_integration_final.TestSemanticChunkingIntegrationFinal" name="test_integration_with_database_workflow" time="0.169" /><testcase classname="tests.test_semantic_chunking_integration_final.TestSemanticChunkingIntegrationFinal" name="test_end_to_end_chunking_workflow" time="1.895" /><testcase classname="tests.test_semantic_chunking_requirements.TestSemanticChunkingRequirements" name="test_chunking_interface_requirements" time="0.173" /><testcase classname="tests.test_semantic_chunking_requirements.TestSemanticChunkingRequirements" name="test_chunking_input_output_contracts" time="0.167" /><testcase classname="tests.test_semantic_chunking_requirements.TestSemanticChunkingRequirements" name="test_chunking_configuration_requirements" time="0.169" /><testcase classname="tests.test_semantic_chunking_requirements.TestSemanticChunkingRequirements" name="test_chunking_pain_point_integration_requirements" time="0.163" /><testcase classname="tests.test_semantic_chunking_requirements.TestSemanticChunkingRequirements" name="test_chunking_database_integration_requirements" time="0.174" /><testcase classname="tests.test_semantic_chunking_requirements.TestSemanticChunkingRequirements" name="test_chunking_performance_requirements" time="0.172" /><testcase classname="tests.test_semantic_chunking_requirements.TestSemanticChunkingRequirements" name="test_chunking_error_handling_requirements" time="0.160" /><testcase classname="tests.test_semantic_chunking_requirements.TestSemanticChunkingRequirements" name="test_chunking_semantic_quality_requirements" time="0.170" /><testcase classname="tests.test_simple_mock" name="test_mock_called" time="0.166" /><testcase classname="tests.test_simplified" name="test_rag_processor_simplified" time="0.748" /><testcase classname="tests.test_spy_object" name="test_with_autospec_mock" time="0.786" /><testcase classname="tests.test_template_debug.TestTemplateDebugging" name="test_identify_iteration_point" time="0.309" /><testcase classname="tests.test_template_debug.TestTemplateDebugging" name="test_debug_prompt_splitting" time="0.314" /><testcase classname="tests.test_template_debug.TestTemplateDebugging" name="test_isolate_mock_issues" time="0.303" /><testcase classname="tests.test_template_debug.TestTemplateDebugging" name="test_bypass_template_rendering" time="0.299" /><testcase classname="tests.test_template_debug.TestTemplateDebugging" name="test_reproduce_issue_step_by_step" time="0.310" /><testcase classname="tests.test_template_debug.TestTemplateDebugging" name="test_real_template_with_mock_functions" time="0.314" /><testcase classname="tests.test_template_debug.TestTemplateDebugging" name="test_inspect_template_loading_code" time="0.309" /><testcase classname="tests.test_template_debug.TestTemplateDebugging" name="test_pinpoint_template_render_issue" time="0.310" /><testcase classname="tests.test_template_debug.TestTemplateDebugging" name="test_fix_template_implementation" time="0.318" /><testcase classname="tests.test_template_debug.TestTemplateDebugging" name="test_example_with_clean_setup" time="0.686" /><testcase classname="tests.test_template_debug.TestTemplateDebugging" name="test_mapping_consistency" time="0.160" /><testcase classname="tests.test_text_generator.TestTextGenerator" name="test_emotion_detection_happy" time="0.331" /><testcase classname="tests.test_text_generator.TestTextGenerator" name="test_emotion_detection_sad" time="0.306" /><testcase classname="tests.test_text_generator.TestTextGenerator" name="test_emotion_detection_angry" time="0.307" /><testcase classname="tests.test_text_generator.TestTextGenerator" name="test_emotion_detection_anxious" time="0.301" /><testcase classname="tests.test_text_generator.TestTextGenerator" name="test_neutral_emotion_handling" time="0.323" /><testcase classname="tests.test_text_generator.TestTextGenerator" name="test_template_rendering" time="0.320" /><testcase classname="tests.test_text_generator.TestTextGenerator" name="test_conversation_history_integration" time="0.180" /><testcase classname="tests.test_text_generator.TestTextGenerator" name="test_emotion_detection_with_complex_input" time="0.320" /><testcase classname="tests.test_text_generator.TestTextGenerator" name="test_error_handling_in_emotion_detection" time="0.181" /><testcase classname="tests.test_text_generator.TestTextGenerator" name="test_emotion_detection_integration" time="0.325" /><testcase classname="tests.test_text_generator.TestTextGenerator" name="test_debug_emotion_detection" time="0.311" /><testcase classname="tests.test_text_generator.TestTextGenerator" name="test_emotion_detection_happy_alternative" time="0.327" /><testcase classname="tests.test_text_generator_2.TestTherapeuticResponse" name="test_emotion_analysis_and_context_creation" time="0.323" /><testcase classname="tests.test_text_generator_2.TestTherapeuticResponse" name="test_category_information_addition" time="0.312" /><testcase classname="tests.test_text_generator_2.TestTherapeuticResponse" name="test_token_count_checking_and_truncation" time="0.180" /><testcase classname="tests.test_text_generator_2.TestTherapeuticResponse" name="test_conversation_history_integration" time="0.184" /><testcase classname="tests.test_text_generator_2.TestTherapeuticResponse" name="test_short_response_handling" time="0.317" /><testcase classname="tests.test_text_generator_2.TestTherapeuticResponse" name="test_memory_optimization_for_gpu" time="0.000"><skipped type="pytest.skip" message="CUDA not available">/home/runner/work/psy-supabase/psy-supabase/tests/test_text_generator_2.py:183: CUDA not available</skipped></testcase><testcase classname="tests.test_text_generator_2.TestTherapeuticResponse" name="test_error_handling" time="0.186" /><testcase classname="tests.test_text_generator_2.TestTherapeuticResponse" name="test_emotion_analysis_with_debug" time="0.322" /><testcase classname="tests.test_text_generator_2_fix" name="test_token_count_checking_and_truncation" time="0.217" /><testcase classname="tests.test_text_generator_2_fix" name="test_conversation_history_integration" time="0.215" /><testcase classname="tests.test_text_generator_2_fix" name="test_error_handling" time="0.216" /><testcase classname="tests.test_topic_emotion_detection.TestTopicEmotionDetection" name="test_topic_detection_confidence_scores" time="0.886" /><testcase classname="tests.test_topic_emotion_detection.TestTopicEmotionDetection" name="test_emotion_detection_confidence_scores" time="0.925" /><testcase classname="tests.test_topic_emotion_detection.TestTopicEmotionDetection" name="test_subtle_topic_detection" time="0.842" /><testcase classname="tests.test_topic_emotion_detection.TestTopicEmotionDetection" name="test_database_topic_extraction" time="0.198" /><testcase classname="tests.test_topic_emotion_detection.TestTopicEmotionDetection" name="test_greeting_detection" time="0.996" /><testcase classname="tests.test_topic_emotion_detection.TestTopicEmotionDetection" name="test_ambiguous_questions_default_to_supportive_listening" time="0.870" /><testcase classname="tests.test_topic_emotion_detection.TestTopicEmotionDetection" name="test_confidence_threshold_with_priority_topics" time="0.744" /><testcase classname="tests.test_topic_emotion_detection.TestTopicEmotionDetection" name="test_analyze_question_parameters" time="0.789" /><testcase classname="tests.test_topic_emotion_detection.TestTopicEmotionDetection" name="test_topic_mapping_consistency" time="0.843" /><testcase classname="tests.test_topic_emotion_detection.TestTopicEmotionDetection" name="test_emotion_detection_accuracy" time="1.017" /><testcase classname="tests.test_utilities" name="test_detect_repetition_pattern" time="0.170" /><testcase classname="tests.test_utilities" name="test_detect_repetition_pattern_no_fixation" time="0.172" /><testcase classname="tests.test_utilities" name="test_detect_repetition_pattern_empty" time="0.164" /><testcase classname="tests.test_utilities" name="test_detect_repetition_pattern_keep_words_filtering" time="0.161" /><testcase classname="tests.test_utilities" name="test_detect_repetition_pattern_only_common_words" time="0.163" /><testcase classname="tests.test_vector_integration" name="test_database_manager_uses_vector_utils_module" time="0.172" /><testcase classname="tests.test_vector_integration" name="test_database_manager_vector_operations_error_handling" time="0.168" /><testcase classname="tests.test_vector_integration" name="test_vector_utilities_module_imported" time="0.163" /><testcase classname="tests.test_vector_utils" name="test_optimize_vector_operations_all_operations" time="0.163" /><testcase classname="tests.test_vector_utils" name="test_optimize_vector_operations_no_operations" time="0.161" /><testcase classname="tests.test_vector_utils" name="test_batch_enrich_interactions" time="0.170" /><testcase classname="tests.test_vector_utils" name="test_batch_enrich_interactions_no_data" time="0.167" /><testcase classname="tests.test_vector_utils" name="test_ensure_vector_indexes_already_exists" time="0.168" /><testcase classname="tests.test_vector_utils" name="test_ensure_vector_indexes_create_needed" time="0.167" /><testcase classname="tests.test_vector_utils" name="test_update_table_statistics_success" time="0.167" /><testcase classname="tests.test_vector_utils" name="test_update_table_statistics_error" time="0.176" /><testcase classname="tests.test_vector_utils" name="test_vector_format_validation" time="0.162" /><testcase classname="tests.test_vector_utils" name="test_find_similar_interactions_parameter_validation" time="0.158" /><testcase classname="tests.test_vector_utils" name="test_unified_vector_search" time="0.168" /><testcase classname="tests.test_vector_utils_integration.TestVectorUtilsIntegration" name="test_batch_enrich_interactions" time="0.229"><failure message="AttributeError: 'method' object has no attribute 'side_effect'">tests/test_vector_utils_integration.py:71: in setUp
    self.db_manager.supabase.rpc.side_effect = mock_side_effect
E   AttributeError: 'method' object has no attribute 'side_effect'</failure></testcase><testcase classname="tests.test_vector_utils_integration.TestVectorUtilsIntegration" name="test_format_vector_for_pgvector" time="0.246"><failure message="AttributeError: 'method' object has no attribute 'side_effect'">tests/test_vector_utils_integration.py:71: in setUp
    self.db_manager.supabase.rpc.side_effect = mock_side_effect
E   AttributeError: 'method' object has no attribute 'side_effect'</failure></testcase><testcase classname="tests.test_vector_utils_integration.TestVectorUtilsIntegration" name="test_optimize_vector_operations_integration" time="0.240"><failure message="AttributeError: 'method' object has no attribute 'side_effect'">tests/test_vector_utils_integration.py:71: in setUp
    self.db_manager.supabase.rpc.side_effect = mock_side_effect
E   AttributeError: 'method' object has no attribute 'side_effect'</failure></testcase><testcase classname="tests.test_vector_utils_integration.TestVectorUtilsIntegration" name="test_parameter_validation" time="0.253"><failure message="AttributeError: 'method' object has no attribute 'side_effect'">tests/test_vector_utils_integration.py:71: in setUp
    self.db_manager.supabase.rpc.side_effect = mock_side_effect
E   AttributeError: 'method' object has no attribute 'side_effect'</failure></testcase><testcase classname="tests.test_vector_utils_integration.TestVectorUtilsIntegration" name="test_real_db_ensure_vector_indexes" time="0.258"><failure message="AttributeError: 'method' object has no attribute 'side_effect'">tests/test_vector_utils_integration.py:71: in setUp
    self.db_manager.supabase.rpc.side_effect = mock_side_effect
E   AttributeError: 'method' object has no attribute 'side_effect'</failure></testcase><testcase classname="tests.test_vector_utils_integration.TestVectorUtilsIntegration" name="test_unified_vector_search" time="0.255"><failure message="AttributeError: 'method' object has no attribute 'side_effect'">tests/test_vector_utils_integration.py:71: in setUp
    self.db_manager.supabase.rpc.side_effect = mock_side_effect
E   AttributeError: 'method' object has no attribute 'side_effect'</failure></testcase><testcase classname="tests.test_vector_utils_integration.TestVectorUtilsIntegration" name="test_validate_vector_format" time="0.457"><failure message="AttributeError: 'method' object has no attribute 'side_effect'">tests/test_vector_utils_integration.py:71: in setUp
    self.db_manager.supabase.rpc.side_effect = mock_side_effect
E   AttributeError: 'method' object has no attribute 'side_effect'</failure></testcase></testsuite></testsuites>