<?xml version="1.0" encoding="utf-8"?><testsuites><testsuite name="pytest" errors="3" failures="7" skipped="53" tests="293" time="1574.029" timestamp="2025-07-06T15:25:58.840273+00:00" hostname="fv-az791-879"><testcase classname="tests.integration.test_pain_point_detection_integration.TestPainPointDetectionIntegration" name="test_pain_point_detection_end_to_end" time="74.031" /><testcase classname="tests.integration.test_pain_point_detection_integration.TestPainPointDetectionIntegration" name="test_anxiety_pain_point_detection" time="2.767" /><testcase classname="tests.integration.test_pain_point_detection_integration.TestPainPointDetectionIntegration" name="test_template_selection_with_pain_point" time="2.746" /><testcase classname="tests.integration.test_response_generation_integration.TestResponseGenerationIntegration" name="test_context_building_with_missing_fields" time="0.756" /><testcase classname="tests.integration.test_response_generation_integration.TestResponseGenerationIntegration" name="test_template_selection" time="0.721" /><testcase classname="tests.integration.test_response_generation_integration.TestResponseGenerationIntegration" name="test_determine_final_context" time="2.443" /><testcase classname="tests.integration.test_topic_detection_integration.TestTopicDetectionIntegration" name="test_topic_detection_in_question_analysis" time="0.867" /><testcase classname="tests.integration.test_topic_detection_integration.TestTopicDetectionIntegration" name="test_extracted_topics_for_retrieval" time="1.351" /><testcase classname="tests.integration.test_topic_detection_integration.TestTopicDetectionIntegration" name="test_emotion_detection" time="0.793" /><testcase classname="tests.test_approach_mapping.TestApproachMapping" name="test_case_insensitivity" time="0.865"><skipped type="pytest.skip" message="Unable to connect to database. Skipping integration tests.">/home/runner/work/psy-supabase/psy-supabase/tests/test_approach_mapping.py:68: Unable to connect to database. Skipping integration tests.</skipped></testcase><testcase classname="tests.test_approach_mapping.TestApproachMapping" name="test_common_variations" time="0.802"><skipped type="pytest.skip" message="Unable to connect to database. Skipping integration tests.">/home/runner/work/psy-supabase/psy-supabase/tests/test_approach_mapping.py:36: Unable to connect to database. Skipping integration tests.</skipped></testcase><testcase classname="tests.test_approach_mapping.TestApproachMapping" name="test_direct_matches" time="0.828"><skipped type="pytest.skip" message="Unable to connect to database. Skipping integration tests.">/home/runner/work/psy-supabase/psy-supabase/tests/test_approach_mapping.py:25: Unable to connect to database. Skipping integration tests.</skipped></testcase><testcase classname="tests.test_approach_mapping.TestApproachMapping" name="test_fallback_for_unknown_approaches" time="0.802"><skipped type="pytest.skip" message="Unable to connect to database. Skipping integration tests.">/home/runner/work/psy-supabase/psy-supabase/tests/test_approach_mapping.py:63: Unable to connect to database. Skipping integration tests.</skipped></testcase><testcase classname="tests.test_approach_mapping.TestApproachMapping" name="test_integration_with_pain_point_results" time="0.938"><skipped type="pytest.skip" message="Unable to connect to database. Skipping integration tests.">/home/runner/work/psy-supabase/psy-supabase/tests/test_approach_mapping.py:74: Unable to connect to database. Skipping integration tests.</skipped></testcase><testcase classname="tests.test_approach_mapping.TestApproachMapping" name="test_null_or_empty_values" time="0.847"><skipped type="pytest.skip" message="Unable to connect to database. Skipping integration tests.">/home/runner/work/psy-supabase/psy-supabase/tests/test_approach_mapping.py:50: Unable to connect to database. Skipping integration tests.</skipped></testcase><testcase classname="tests.test_approach_mapping.TestApproachMapping" name="test_partial_matches" time="0.776"><skipped type="pytest.skip" message="Unable to connect to database. Skipping integration tests.">/home/runner/work/psy-supabase/psy-supabase/tests/test_approach_mapping.py:55: Unable to connect to database. Skipping integration tests.</skipped></testcase><testcase classname="tests.test_associative_memory.TestDynamicRAG" name="test_associative_query_chain" time="0.160" /><testcase classname="tests.test_associative_memory.TestDynamicRAG" name="test_caching_with_associations_dynamic_rag" time="0.156" /><testcase classname="tests.test_associative_memory.TestDynamicRAG" name="test_empty_related_topics" time="0.157" /><testcase classname="tests.test_associative_memory.TestDynamicRAG" name="test_format_of_associated_results_dynamic_rag" time="0.168" /><testcase classname="tests.test_associative_memory.TestDynamicRAG" name="test_multi_topic_associations_dynamic_rag" time="0.160" /><testcase classname="tests.test_associative_memory.TestDynamicRAG" name="test_no_associative_results" time="0.174" /><testcase classname="tests.test_associative_memory" name="test_associative_query_chain" time="6.954" /><testcase classname="tests.test_associative_memory" name="test_caching_with_associations" time="6.749" /><testcase classname="tests.test_associative_memory" name="test_format_of_associated_results" time="5.264" /><testcase classname="tests.test_associative_memory" name="test_multi_topic_associations" time="6.876" /><testcase classname="tests.test_basic_mock" name="test_direct_mock" time="0.159" /><testcase classname="tests.test_context_debug" name="test_simple_context_extraction" time="0.157" /><testcase classname="tests.test_context_debug" name="test_real_context_extraction" time="0.737" /><testcase classname="tests.test_context_reuse.TestContextReuse" name="test_approach_type_and_template_selection" time="0.901"><skipped type="pytest.skip" message="Unable to connect to database. Skipping integration tests.">/home/runner/work/psy-supabase/psy-supabase/tests/test_context_reuse.py:491: Unable to connect to database. Skipping integration tests.</skipped></testcase><testcase classname="tests.test_context_reuse.TestContextReuse" name="test_complex_context_handling_in_generation" time="0.743"><skipped type="pytest.skip" message="Unable to connect to database. Skipping integration tests.">/home/runner/work/psy-supabase/psy-supabase/tests/test_context_reuse.py:349: Unable to connect to database. Skipping integration tests.</skipped></testcase><testcase classname="tests.test_context_reuse.TestContextReuse" name="test_context_building_with_different_pain_points" time="0.456"><skipped type="pytest.skip" message="Unable to connect to database. Skipping integration tests.">/home/runner/work/psy-supabase/psy-supabase/tests/test_context_reuse.py:238: Unable to connect to database. Skipping integration tests.</skipped></testcase><testcase classname="tests.test_context_reuse.TestContextReuse" name="test_context_reuse_with_real_embedding" time="0.820"><skipped type="pytest.skip" message="Unable to connect to database. Skipping integration tests.">/home/runner/work/psy-supabase/psy-supabase/tests/test_context_reuse.py:195: Unable to connect to database. Skipping integration tests.</skipped></testcase><testcase classname="tests.test_context_reuse.TestContextReuse" name="test_dict_context_in_save_interaction" time="0.776"><skipped type="pytest.skip" message="Unable to connect to database. Skipping integration tests.">/home/runner/work/psy-supabase/psy-supabase/tests/test_context_reuse.py:170: Unable to connect to database. Skipping integration tests.</skipped></testcase><testcase classname="tests.test_context_reuse.TestContextReuse" name="test_dynamic_retriever_integration_with_context" time="0.802"><skipped type="pytest.skip" message="Unable to connect to database. Skipping integration tests.">/home/runner/work/psy-supabase/psy-supabase/tests/test_context_reuse.py:400: Unable to connect to database. Skipping integration tests.</skipped></testcase><testcase classname="tests.test_context_reuse.TestContextReuse" name="test_embedding_reuse_in_pipeline" time="0.455"><skipped type="pytest.skip" message="Unable to connect to database. Skipping integration tests.">/home/runner/work/psy-supabase/psy-supabase/tests/test_context_reuse.py:59: Unable to connect to database. Skipping integration tests.</skipped></testcase><testcase classname="tests.test_context_reuse.TestContextReuse" name="test_empty_and_edge_case_contexts" time="0.806"><skipped type="pytest.skip" message="Unable to connect to database. Skipping integration tests.">/home/runner/work/psy-supabase/psy-supabase/tests/test_context_reuse.py:441: Unable to connect to database. Skipping integration tests.</skipped></testcase><testcase classname="tests.test_context_reuse.TestContextReuse" name="test_enhance_context_with_relevant_documents" time="0.771"><skipped type="pytest.skip" message="Unable to connect to database. Skipping integration tests.">/home/runner/work/psy-supabase/psy-supabase/tests/test_context_reuse.py:306: Unable to connect to database. Skipping integration tests.</skipped></testcase><testcase classname="tests.test_database.TestDatabaseManager" name="test_init" time="0.156" /><testcase classname="tests.test_database.TestDatabaseManager" name="test_create_user_schema_error" time="0.163" /><testcase classname="tests.test_database.TestDatabaseManager" name="test_get_conversation_history" time="0.161" /><testcase classname="tests.test_database.TestDatabaseManager" name="test_get_conversation_history_empty" time="0.166" /><testcase classname="tests.test_database.TestDatabaseManager" name="test_get_conversation_history_error" time="0.168" /><testcase classname="tests.test_database.TestDatabaseManager" name="test_add_interaction_rpc_failure_fallback" time="0.157" /><testcase classname="tests.test_database.TestDatabaseManager" name="test_add_interaction_both_methods_fail" time="0.157" /><testcase classname="tests.test_database.TestDatabaseManager" name="test_find_similar_documents" time="0.155" /><testcase classname="tests.test_database.TestDatabaseManager" name="test_find_similar_documents_type_checking" time="0.935" /><testcase classname="tests.test_database.TestDatabaseManager" name="test_get_conversation_history_empty_session" time="0.161" /><testcase classname="tests.test_database.TestDatabaseManager" name="test_get_topic_interactions" time="0.157" /><testcase classname="tests.test_database.TestDatabaseManager" name="test_get_high_quality_interactions" time="0.148" /><testcase classname="tests.test_database.TestDatabaseManager" name="test_sanitize_schema_name" time="0.163" /><testcase classname="tests.test_database.TestDatabaseManager" name="test_connect_psychological_concepts" time="0.172" /><testcase classname="tests.test_database.TestDatabaseManager" name="test_connect_psychological_concepts_error" time="0.164" /><testcase classname="tests.test_database.TestDatabaseManager" name="test_extract_psychological_themes" time="0.154" /><testcase classname="tests.test_database.TestDatabaseManager" name="test_extract_psychological_themes_empty" time="0.152" /><testcase classname="tests.test_database.TestDatabaseManager" name="test_extract_psychological_themes_content_analysis" time="0.164" /><testcase classname="tests.test_database.TestDatabaseManager" name="test_analyze_emotional_vector_trajectory" time="0.163" /><testcase classname="tests.test_database.TestDatabaseManager" name="test_analyze_emotional_vector_trajectory_empty" time="0.174" /><testcase classname="tests.test_database.TestDatabaseManager" name="test_analyze_emotional_vector_trajectory_invalid_metadata" time="0.161" /><testcase classname="tests.test_database.TestDatabaseManager" name="test_mark_therapeutic_insight" time="0.150" /><testcase classname="tests.test_database.TestDatabaseManager" name="test_mark_therapeutic_insight_null_metadata" time="0.153" /><testcase classname="tests.test_database.TestDatabaseManager" name="test_mark_therapeutic_insight_error" time="0.155" /><testcase classname="tests.test_database.TestDatabaseManager" name="test_schema_creation_with_existing_schema" time="0.165" /><testcase classname="tests.test_database.TestDatabaseManager" name="test_sanitize_inputs" time="0.906" /><testcase classname="tests.test_database.TestDatabaseManager" name="test_database_connection_error_recovery" time="0.158" /><testcase classname="tests.test_database.TestDatabaseManager" name="test_verify_schema_structure_with_mocking" time="0.151" /><testcase classname="tests.test_database.TestDatabaseManager" name="test_database_error_handling" time="0.168" /><testcase classname="tests.test_database.TestDatabaseManager" name="test_schema_validation" time="0.171" /><testcase classname="tests.test_database.TestDatabaseManager" name="test_unicode_handling" time="1.031" /><testcase classname="tests.test_database.TestDatabaseManager" name="test_schema_existence_checking" time="0.159" /><testcase classname="tests.test_database.TestDatabaseManager" name="test_basic_text_handling" time="1.015" /><testcase classname="tests.test_database.TestDatabaseManager" name="test_find_similar_documents_via_rpc" time="0.164" /><testcase classname="tests.test_database.TestDatabaseManager" name="test_optimize_vector_operations" time="0.171" /><testcase classname="tests.test_database.TestDatabaseManager" name="test_ensure_vector_indexes" time="0.171" /><testcase classname="tests.test_database.TestDatabaseManager" name="test_update_table_statistics" time="0.159" /><testcase classname="tests.test_database.TestDatabaseManager" name="test_create_user_schema_sync" time="0.160" /><testcase classname="tests.test_database.TestDatabaseManager" name="test_add_interaction_success" time="0.163" /><testcase classname="tests.test_database.TestDatabaseManager" name="test_add_interaction_with_empty_question" time="0.157" /><testcase classname="tests.test_database.TestDatabaseManager" name="test_add_interaction_skips_embedding_for_empty_question" time="0.165" /><testcase classname="tests.test_database.TestDatabaseManager" name="test_verify_schema_structure" time="0.159" /><testcase classname="tests.test_database_error_handling.TestDatabaseErrorHandling" name="test_analyze_emotional_response_handles_dict_format" time="0.403"><skipped type="pytest.skip" message="Unable to connect to database. Skipping integration tests.">/home/runner/work/psy-supabase/psy-supabase/tests/test_database_error_handling.py:40: Unable to connect to database. Skipping integration tests.</skipped></testcase><testcase classname="tests.test_database_error_handling.TestDatabaseErrorHandling" name="test_analyze_emotional_response_handles_list_format" time="0.885"><skipped type="pytest.skip" message="Unable to connect to database. Skipping integration tests.">/home/runner/work/psy-supabase/psy-supabase/tests/test_database_error_handling.py:22: Unable to connect to database. Skipping integration tests.</skipped></testcase><testcase classname="tests.test_database_error_handling.TestDatabaseErrorHandling" name="test_inspect_implementation" time="0.737"><skipped type="pytest.skip" message="Unable to connect to database. Skipping integration tests.">/home/runner/work/psy-supabase/psy-supabase/tests/test_database_error_handling.py:67: Unable to connect to database. Skipping integration tests.</skipped></testcase><testcase classname="tests.test_database_functions.TestDatabaseFunctions" name="test_save_and_retrieve_with_session_id" time="0.669"><error message="failed on setup with &quot;postgrest.exceptions.APIError: {'message': 'JSON could not be generated', 'code': 502, 'hint': 'Refer to full message for details', 'details': 'b\'&lt;!DOCTYPE html&gt;\\n&lt;!--[if lt IE 7]&gt; &lt;html class=&quot;no-js ie6 oldie&quot; lang=&quot;en-US&quot;&gt; &lt;![endif]--&gt;\\n&lt;!--[if IE 7]&gt;    &lt;html class=&quot;no-js ie7 oldie&quot; lang=&quot;en-US&quot;&gt; &lt;![endif]--&gt;\\n&lt;!--[if IE 8]&gt;    &lt;html class=&quot;no-js ie8 oldie&quot; lang=&quot;en-US&quot;&gt; &lt;![endif]--&gt;\\n&lt;!--[if gt IE 8]&gt;&lt;!--&gt; &lt;html class=&quot;no-js&quot; lang=&quot;en-US&quot;&gt; &lt;!--&lt;![endif]--&gt;\\n&lt;head&gt;\\n\\n&lt;title&gt;psy-supabase.com | 502: Bad gateway&lt;/title&gt;\\n&lt;meta charset=&quot;UTF-8&quot; /&gt;\\n&lt;meta http-equiv=&quot;Content-Type&quot; content=&quot;text/html; charset=UTF-8&quot; /&gt;\\n&lt;meta http-equiv=&quot;X-UA-Compatible&quot; content=&quot;IE=Edge&quot; /&gt;\\n&lt;meta name=&quot;robots&quot; content=&quot;noindex, nofollow&quot; /&gt;\\n&lt;meta name=&quot;viewport&quot; content=&quot;width=device-width,initial-scale=1&quot; /&gt;\\n&lt;link rel=&quot;stylesheet&quot; id=&quot;cf_styles-css&quot; href=&quot;/cdn-cgi/styles/main.css&quot; /&gt;\\n&lt;/head&gt;\\n&lt;body&gt;\\n&lt;div id=&quot;cf-wrapper&quot;&gt;\\n    &lt;div id=&quot;cf-error-details&quot; class=&quot;p-0&quot;&gt;\\n        &lt;header class=&quot;mx-auto pt-10 lg:pt-6 lg:px-8 w-240 lg:w-full mb-8&quot;&gt;\\n            &lt;h1 class=&quot;inline-block sm:block sm:mb-2 font-light text-60 lg:text-4xl text-black-dark leading-tight mr-2&quot;&gt;\\n                &lt;span class=&quot;inline-block&quot;&gt;Bad gateway&lt;/span&gt;\\n                &lt;span class=&quot;code-label&quot;&gt;Error code 502&lt;/span&gt;\\n            &lt;/h1&gt;\\n            &lt;div&gt;\\n                Visit &lt;a href=&quot;https://www.cloudflare.com/5xx-error-landing?utm_source=errorcode_502&amp;utm_campaign=supabase.psy-supabase.com&quot; target=&quot;_blank&quot; rel=&quot;noopener noreferrer&quot;&gt;cloudflare.com&lt;/a&gt; for more information.\\n            &lt;/div&gt;\\n            &lt;div class=&quot;mt-3&quot;&gt;2025-07-06 15:28:24 UTC&lt;/div&gt;\\n        &lt;/header&gt;\\n        &lt;div class=&quot;my-8 bg-gradient-gray&quot;&gt;\\n            &lt;div class=&quot;w-240 lg:w-full mx-auto&quot;&gt;\\n                &lt;div class=&quot;clearfix md:px-8&quot;&gt;\\n                    &lt;div id=&quot;cf-browser-status&quot; class=&quot; relative w-1/3 md:w-full py-15 md:p-0 md:py-8 md:text-left md:border-solid md:border-0 md:border-b md:border-gray-400 overflow-hidden float-left md:float-none text-center&quot;&gt;\\n  &lt;div class=&quot;relative mb-10 md:m-0&quot;&gt;\\n    \\n    &lt;span class=&quot;cf-icon-browser block md:hidden h-20 bg-center bg-no-repeat&quot;&gt;&lt;/span&gt;\\n    &lt;span class=&quot;cf-icon-ok w-12 h-12 absolute left-1/2 md:left-auto md:right-0 md:top-0 -ml-6 -bottom-4&quot;&gt;&lt;/span&gt;\\n    \\n  &lt;/div&gt;\\n  &lt;span class=&quot;md:block w-full truncate&quot;&gt;You&lt;/span&gt;\\n  &lt;h3 class=&quot;md:inline-block mt-3 md:mt-0 text-2xl text-gray-600 font-light leading-1.3&quot;&gt;\\n  \\n    Browser\\n  \\n  &lt;/h3&gt;\\n  \\n  &lt;span class=&quot;leading-1.3 text-2xl text-green-success&quot;&gt;Working&lt;/span&gt;\\n  \\n&lt;/div&gt;\\n                    &lt;div id=&quot;cf-cloudflare-status&quot; class=&quot; relative w-1/3 md:w-full py-15 md:p-0 md:py-8 md:text-left md:border-solid md:border-0 md:border-b md:border-gray-400 overflow-hidden float-left md:float-none text-center&quot;&gt;\\n  &lt;div class=&quot;relative mb-10 md:m-0&quot;&gt;\\n    &lt;a href=&quot;https://www.cloudflare.com/5xx-error-landing?utm_source=errorcode_502&amp;#38;utm_campaign=supabase.psy-supabase.com&quot; target=&quot;_blank&quot; rel=&quot;noopener noreferrer&quot;&gt;\\n    &lt;span class=&quot;cf-icon-cloud block md:hidden h-20 bg-center bg-no-repeat&quot;&gt;&lt;/span&gt;\\n    &lt;span class=&quot;cf-icon-ok w-12 h-12 absolute left-1/2 md:left-auto md:right-0 md:top-0 -ml-6 -bottom-4&quot;&gt;&lt;/span&gt;\\n    &lt;/a&gt;\\n  &lt;/div&gt;\\n  &lt;span class=&quot;md:block w-full truncate&quot;&gt;San Jose&lt;/span&gt;\\n  &lt;h3 class=&quot;md:inline-block mt-3 md:mt-0 text-2xl text-gray-600 font-light leading-1.3&quot;&gt;\\n  &lt;a href=&quot;https://www.cloudflare.com/5xx-error-landing?utm_source=errorcode_502&amp;utm_campaign=supabase.psy-supabase.com&quot; target=&quot;_blank&quot; rel=&quot;noopener noreferrer&quot;&gt;\\n    Cloudflare\\n  &lt;/a&gt;\\n  &lt;/h3&gt;\\n  \\n  &lt;span class=&quot;leading-1.3 text-2xl text-green-success&quot;&gt;Working&lt;/span&gt;\\n  \\n&lt;/div&gt;\\n                    &lt;div id=&quot;cf-host-status&quot; class=&quot;cf-error-source relative w-1/3 md:w-full py-15 md:p-0 md:py-8 md:text-left md:border-solid md:border-0 md:border-b md:border-gray-400 overflow-hidden float-left md:float-none text-center&quot;&gt;\\n  &lt;div class=&quot;relative mb-10 md:m-0&quot;&gt;\\n    \\n    &lt;span class=&quot;cf-icon-server block md:hidden h-20 bg-center bg-no-repeat&quot;&gt;&lt;/span&gt;\\n    &lt;span class=&quot;cf-icon-error w-12 h-12 absolute left-1/2 md:left-auto md:right-0 md:top-0 -ml-6 -bottom-4&quot;&gt;&lt;/span&gt;\\n    \\n  &lt;/div&gt;\\n  &lt;span class=&quot;md:block w-full truncate&quot;&gt;supabase.psy-supabase.com&lt;/span&gt;\\n  &lt;h3 class=&quot;md:inline-block mt-3 md:mt-0 text-2xl text-gray-600 font-light leading-1.3&quot;&gt;\\n  \\n    Host\\n  \\n  &lt;/h3&gt;\\n  \\n  &lt;span class=&quot;leading-1.3 text-2xl text-red-error&quot;&gt;Error&lt;/span&gt;\\n  \\n&lt;/div&gt;\\n                &lt;/div&gt;\\n            &lt;/div&gt;\\n        &lt;/div&gt;\\n\\n        &lt;div class=&quot;w-240 lg:w-full mx-auto mb-8 lg:px-8&quot;&gt;\\n            &lt;div class=&quot;clearfix&quot;&gt;\\n                &lt;div class=&quot;w-1/2 md:w-full float-left pr-6 md:pb-10 md:pr-0 leading-relaxed&quot;&gt;\\n                    &lt;h2 class=&quot;text-3xl font-normal leading-1.3 mb-4&quot;&gt;What happened?&lt;/h2&gt;\\n                    &lt;p&gt;The web server reported a bad gateway error.&lt;/p&gt;\\n                &lt;/div&gt;\\n                &lt;div class=&quot;w-1/2 md:w-full float-left leading-relaxed&quot;&gt;\\n                    &lt;h2 class=&quot;text-3xl font-normal leading-1.3 mb-4&quot;&gt;What can I do?&lt;/h2&gt;\\n                    &lt;p class=&quot;mb-6&quot;&gt;Please try again in a few minutes.&lt;/p&gt;\\n                &lt;/div&gt;\\n            &lt;/div&gt;\\n        &lt;/div&gt;\\n\\n        &lt;div class=&quot;cf-error-footer cf-wrapper w-240 lg:w-full py-10 sm:py-4 sm:px-8 mx-auto text-center sm:text-left border-solid border-0 border-t border-gray-300&quot;&gt;\\n    &lt;p class=&quot;text-13&quot;&gt;\\n      &lt;span class=&quot;cf-footer-item sm:block sm:mb-1&quot;&gt;Cloudflare Ray ID: &lt;strong class=&quot;font-semibold&quot;&gt;95b021b75b30cf23&lt;/strong&gt;&lt;/span&gt;\\n      &lt;span class=&quot;cf-footer-separator sm:hidden&quot;&gt;&amp;bull;&lt;/span&gt;\\n      &lt;span id=&quot;cf-footer-item-ip&quot; class=&quot;cf-footer-item hidden sm:block sm:mb-1&quot;&gt;\\n        Your IP:\\n        &lt;button type=&quot;button&quot; id=&quot;cf-footer-ip-reveal&quot; class=&quot;cf-footer-ip-reveal-btn&quot;&gt;Click to reveal&lt;/button&gt;\\n        &lt;span class=&quot;hidden&quot; id=&quot;cf-footer-ip&quot;&gt;20.43.245.196&lt;/span&gt;\\n        &lt;span class=&quot;cf-footer-separator sm:hidden&quot;&gt;&amp;bull;&lt;/span&gt;\\n      &lt;/span&gt;\\n      &lt;span class=&quot;cf-footer-item sm:block sm:mb-1&quot;&gt;&lt;span&gt;Performance &amp;amp; security by&lt;/span&gt; &lt;a rel=&quot;noopener noreferrer&quot; href=&quot;https://www.cloudflare.com/5xx-error-landing?utm_source=errorcode_502&amp;#38;utm_campaign=supabase.psy-supabase.com&quot; id=&quot;brand_link&quot; target=&quot;_blank&quot;&gt;Cloudflare&lt;/a&gt;&lt;/span&gt;\\n      \\n    &lt;/p&gt;\\n    &lt;script&gt;(function(){function d(){var b=a.getElementById(&quot;cf-footer-item-ip&quot;),c=a.getElementById(&quot;cf-footer-ip-reveal&quot;);b&amp;&amp;&quot;classList&quot;in b&amp;&amp;(b.classList.remove(&quot;hidden&quot;),c.addEventListener(&quot;click&quot;,function(){c.classList.add(&quot;hidden&quot;);a.getElementById(&quot;cf-footer-ip&quot;).classList.remove(&quot;hidden&quot;)}))}var a=document;document.addEventListener&amp;&amp;a.addEventListener(&quot;DOMContentLoaded&quot;,d)})();&lt;/script&gt;\\n  &lt;/div&gt;&lt;!-- /.error-footer --&gt;\\n\\n    &lt;/div&gt;\\n&lt;/div&gt;\\n&lt;/body&gt;\\n&lt;/html&gt;\''}&quot;">/opt/hostedtoolcache/Python/3.8.18/x64/lib/python3.8/site-packages/postgrest/_sync/request_builder.py:127: in execute
    raise APIError(r.json())
/opt/hostedtoolcache/Python/3.8.18/x64/lib/python3.8/site-packages/httpx/_models.py:766: in json
    return jsonlib.loads(self.content, **kwargs)
/opt/hostedtoolcache/Python/3.8.18/x64/lib/python3.8/json/__init__.py:357: in loads
    return _default_decoder.decode(s)
/opt/hostedtoolcache/Python/3.8.18/x64/lib/python3.8/json/decoder.py:337: in decode
    obj, end = self.raw_decode(s, idx=_w(s, 0).end())
/opt/hostedtoolcache/Python/3.8.18/x64/lib/python3.8/json/decoder.py:355: in raw_decode
    raise JSONDecodeError("Expecting value", s, err.value) from None
E   json.decoder.JSONDecodeError: Expecting value: line 1 column 1 (char 0)

During handling of the above exception, another exception occurred:
tests/test_database_functions.py:54: in setup_method
    check_response = self.db_manager.supabase.rpc("sql", {"command": check_query}).execute()
/opt/hostedtoolcache/Python/3.8.18/x64/lib/python3.8/site-packages/postgrest/_sync/request_builder.py:131: in execute
    raise APIError(generate_default_error_message(r))
E   postgrest.exceptions.APIError: {'message': 'JSON could not be generated', 'code': 502, 'hint': 'Refer to full message for details', 'details': 'b\'&lt;!DOCTYPE html&gt;\\n&lt;!--[if lt IE 7]&gt; &lt;html class="no-js ie6 oldie" lang="en-US"&gt; &lt;![endif]--&gt;\\n&lt;!--[if IE 7]&gt;    &lt;html class="no-js ie7 oldie" lang="en-US"&gt; &lt;![endif]--&gt;\\n&lt;!--[if IE 8]&gt;    &lt;html class="no-js ie8 oldie" lang="en-US"&gt; &lt;![endif]--&gt;\\n&lt;!--[if gt IE 8]&gt;&lt;!--&gt; &lt;html class="no-js" lang="en-US"&gt; &lt;!--&lt;![endif]--&gt;\\n&lt;head&gt;\\n\\n&lt;title&gt;psy-supabase.com | 502: Bad gateway&lt;/title&gt;\\n&lt;meta charset="UTF-8" /&gt;\\n&lt;meta http-equiv="Content-Type" content="text/html; charset=UTF-8" /&gt;\\n&lt;meta http-equiv="X-UA-Compatible" content="IE=Edge" /&gt;\\n&lt;meta name="robots" content="noindex, nofollow" /&gt;\\n&lt;meta name="viewport" content="width=device-width,initial-scale=1" /&gt;\\n&lt;link rel="stylesheet" id="cf_styles-css" href="/cdn-cgi/styles/main.css" /&gt;\\n&lt;/head&gt;\\n&lt;body&gt;\\n&lt;div id="cf-wrapper"&gt;\\n    &lt;div id="cf-error-details" class="p-0"&gt;\\n        &lt;header class="mx-auto pt-10 lg:pt-6 lg:px-8 w-240 lg:w-full mb-8"&gt;\\n            &lt;h1 class="inline-block sm:block sm:mb-2 font-light text-60 lg:text-4xl text-black-dark leading-tight mr-2"&gt;\\n                &lt;span class="inline-block"&gt;Bad gateway&lt;/span&gt;\\n                &lt;span class="code-label"&gt;Error code 502&lt;/span&gt;\\n            &lt;/h1&gt;\\n            &lt;div&gt;\\n                Visit &lt;a href="https://www.cloudflare.com/5xx-error-landing?utm_source=errorcode_502&amp;utm_campaign=supabase.psy-supabase.com" target="_blank" rel="noopener noreferrer"&gt;cloudflare.com&lt;/a&gt; for more information.\\n            &lt;/div&gt;\\n            &lt;div class="mt-3"&gt;2025-07-06 15:28:24 UTC&lt;/div&gt;\\n        &lt;/header&gt;\\n        &lt;div class="my-8 bg-gradient-gray"&gt;\\n            &lt;div class="w-240 lg:w-full mx-auto"&gt;\\n                &lt;div class="clearfix md:px-8"&gt;\\n                    &lt;div id="cf-browser-status" class=" relative w-1/3 md:w-full py-15 md:p-0 md:py-8 md:text-left md:border-solid md:border-0 md:border-b md:border-gray-400 overflow-hidden float-left md:float-none text-center"&gt;\\n  &lt;div class="relative mb-10 md:m-0"&gt;\\n    \\n    &lt;span class="cf-icon-browser block md:hidden h-20 bg-center bg-no-repeat"&gt;&lt;/span&gt;\\n    &lt;span class="cf-icon-ok w-12 h-12 absolute left-1/2 md:left-auto md:right-0 md:top-0 -ml-6 -bottom-4"&gt;&lt;/span&gt;\\n    \\n  &lt;/div&gt;\\n  &lt;span class="md:block w-full truncate"&gt;You&lt;/span&gt;\\n  &lt;h3 class="md:inline-block mt-3 md:mt-0 text-2xl text-gray-600 font-light leading-1.3"&gt;\\n  \\n    Browser\\n  \\n  &lt;/h3&gt;\\n  \\n  &lt;span class="leading-1.3 text-2xl text-green-success"&gt;Working&lt;/span&gt;\\n  \\n&lt;/div&gt;\\n                    &lt;div id="cf-cloudflare-status" class=" relative w-1/3 md:w-full py-15 md:p-0 md:py-8 md:text-left md:border-solid md:border-0 md:border-b md:border-gray-400 overflow-hidden float-left md:float-none text-center"&gt;\\n  &lt;div class="relative mb-10 md:m-0"&gt;\\n    &lt;a href="https://www.cloudflare.com/5xx-error-landing?utm_source=errorcode_502&amp;#38;utm_campaign=supabase.psy-supabase.com" target="_blank" rel="noopener noreferrer"&gt;\\n    &lt;span class="cf-icon-cloud block md:hidden h-20 bg-center bg-no-repeat"&gt;&lt;/span&gt;\\n    &lt;span class="cf-icon-ok w-12 h-12 absolute left-1/2 md:left-auto md:right-0 md:top-0 -ml-6 -bottom-4"&gt;&lt;/span&gt;\\n    &lt;/a&gt;\\n  &lt;/div&gt;\\n  &lt;span class="md:block w-full truncate"&gt;San Jose&lt;/span&gt;\\n  &lt;h3 class="md:inline-block mt-3 md:mt-0 text-2xl text-gray-600 font-light leading-1.3"&gt;\\n  &lt;a href="https://www.cloudflare.com/5xx-error-landing?utm_source=errorcode_502&amp;utm_campaign=supabase.psy-supabase.com" target="_blank" rel="noopener noreferrer"&gt;\\n    Cloudflare\\n  &lt;/a&gt;\\n  &lt;/h3&gt;\\n  \\n  &lt;span class="leading-1.3 text-2xl text-green-success"&gt;Working&lt;/span&gt;\\n  \\n&lt;/div&gt;\\n                    &lt;div id="cf-host-status" class="cf-error-source relative w-1/3 md:w-full py-15 md:p-0 md:py-8 md:text-left md:border-solid md:border-0 md:border-b md:border-gray-400 overflow-hidden float-left md:float-none text-center"&gt;\\n  &lt;div class="relative mb-10 md:m-0"&gt;\\n    \\n    &lt;span class="cf-icon-server block md:hidden h-20 bg-center bg-no-repeat"&gt;&lt;/span&gt;\\n    &lt;span class="cf-icon-error w-12 h-12 absolute left-1/2 md:left-auto md:right-0 md:top-0 -ml-6 -bottom-4"&gt;&lt;/span&gt;\\n    \\n  &lt;/div&gt;\\n  &lt;span class="md:block w-full truncate"&gt;supabase.psy-supabase.com&lt;/span&gt;\\n  &lt;h3 class="md:inline-block mt-3 md:mt-0 text-2xl text-gray-600 font-light leading-1.3"&gt;\\n  \\n    Host\\n  \\n  &lt;/h3&gt;\\n  \\n  &lt;span class="leading-1.3 text-2xl text-red-error"&gt;Error&lt;/span&gt;\\n  \\n&lt;/div&gt;\\n                &lt;/div&gt;\\n            &lt;/div&gt;\\n        &lt;/div&gt;\\n\\n        &lt;div class="w-240 lg:w-full mx-auto mb-8 lg:px-8"&gt;\\n            &lt;div class="clearfix"&gt;\\n                &lt;div class="w-1/2 md:w-full float-left pr-6 md:pb-10 md:pr-0 leading-relaxed"&gt;\\n                    &lt;h2 class="text-3xl font-normal leading-1.3 mb-4"&gt;What happened?&lt;/h2&gt;\\n                    &lt;p&gt;The web server reported a bad gateway error.&lt;/p&gt;\\n                &lt;/div&gt;\\n                &lt;div class="w-1/2 md:w-full float-left leading-relaxed"&gt;\\n                    &lt;h2 class="text-3xl font-normal leading-1.3 mb-4"&gt;What can I do?&lt;/h2&gt;\\n                    &lt;p class="mb-6"&gt;Please try again in a few minutes.&lt;/p&gt;\\n                &lt;/div&gt;\\n            &lt;/div&gt;\\n        &lt;/div&gt;\\n\\n        &lt;div class="cf-error-footer cf-wrapper w-240 lg:w-full py-10 sm:py-4 sm:px-8 mx-auto text-center sm:text-left border-solid border-0 border-t border-gray-300"&gt;\\n    &lt;p class="text-13"&gt;\\n      &lt;span class="cf-footer-item sm:block sm:mb-1"&gt;Cloudflare Ray ID: &lt;strong class="font-semibold"&gt;95b021b75b30cf23&lt;/strong&gt;&lt;/span&gt;\\n      &lt;span class="cf-footer-separator sm:hidden"&gt;&amp;bull;&lt;/span&gt;\\n      &lt;span id="cf-footer-item-ip" class="cf-footer-item hidden sm:block sm:mb-1"&gt;\\n        Your IP:\\n        &lt;button type="button" id="cf-footer-ip-reveal" class="cf-footer-ip-reveal-btn"&gt;Click to reveal&lt;/button&gt;\\n        &lt;span class="hidden" id="cf-footer-ip"&gt;20.43.245.196&lt;/span&gt;\\n        &lt;span class="cf-footer-separator sm:hidden"&gt;&amp;bull;&lt;/span&gt;\\n      &lt;/span&gt;\\n      &lt;span class="cf-footer-item sm:block sm:mb-1"&gt;&lt;span&gt;Performance &amp;amp; security by&lt;/span&gt; &lt;a rel="noopener noreferrer" href="https://www.cloudflare.com/5xx-error-landing?utm_source=errorcode_502&amp;#38;utm_campaign=supabase.psy-supabase.com" id="brand_link" target="_blank"&gt;Cloudflare&lt;/a&gt;&lt;/span&gt;\\n      \\n    &lt;/p&gt;\\n    &lt;script&gt;(function(){function d(){var b=a.getElementById("cf-footer-item-ip"),c=a.getElementById("cf-footer-ip-reveal");b&amp;&amp;"classList"in b&amp;&amp;(b.classList.remove("hidden"),c.addEventListener("click",function(){c.classList.add("hidden");a.getElementById("cf-footer-ip").classList.remove("hidden")}))}var a=document;document.addEventListener&amp;&amp;a.addEventListener("DOMContentLoaded",d)})();&lt;/script&gt;\\n  &lt;/div&gt;&lt;!-- /.error-footer --&gt;\\n\\n    &lt;/div&gt;\\n&lt;/div&gt;\\n&lt;/body&gt;\\n&lt;/html&gt;\''}</error></testcase><testcase classname="tests.test_database_functions.TestDatabaseFunctions" name="test_find_similar_documents_with_session_id" time="0.961"><error message="failed on setup with &quot;postgrest.exceptions.APIError: {'message': 'JSON could not be generated', 'code': 502, 'hint': 'Refer to full message for details', 'details': 'b\'&lt;!DOCTYPE html&gt;\\n&lt;!--[if lt IE 7]&gt; &lt;html class=&quot;no-js ie6 oldie&quot; lang=&quot;en-US&quot;&gt; &lt;![endif]--&gt;\\n&lt;!--[if IE 7]&gt;    &lt;html class=&quot;no-js ie7 oldie&quot; lang=&quot;en-US&quot;&gt; &lt;![endif]--&gt;\\n&lt;!--[if IE 8]&gt;    &lt;html class=&quot;no-js ie8 oldie&quot; lang=&quot;en-US&quot;&gt; &lt;![endif]--&gt;\\n&lt;!--[if gt IE 8]&gt;&lt;!--&gt; &lt;html class=&quot;no-js&quot; lang=&quot;en-US&quot;&gt; &lt;!--&lt;![endif]--&gt;\\n&lt;head&gt;\\n\\n&lt;title&gt;psy-supabase.com | 502: Bad gateway&lt;/title&gt;\\n&lt;meta charset=&quot;UTF-8&quot; /&gt;\\n&lt;meta http-equiv=&quot;Content-Type&quot; content=&quot;text/html; charset=UTF-8&quot; /&gt;\\n&lt;meta http-equiv=&quot;X-UA-Compatible&quot; content=&quot;IE=Edge&quot; /&gt;\\n&lt;meta name=&quot;robots&quot; content=&quot;noindex, nofollow&quot; /&gt;\\n&lt;meta name=&quot;viewport&quot; content=&quot;width=device-width,initial-scale=1&quot; /&gt;\\n&lt;link rel=&quot;stylesheet&quot; id=&quot;cf_styles-css&quot; href=&quot;/cdn-cgi/styles/main.css&quot; /&gt;\\n&lt;/head&gt;\\n&lt;body&gt;\\n&lt;div id=&quot;cf-wrapper&quot;&gt;\\n    &lt;div id=&quot;cf-error-details&quot; class=&quot;p-0&quot;&gt;\\n        &lt;header class=&quot;mx-auto pt-10 lg:pt-6 lg:px-8 w-240 lg:w-full mb-8&quot;&gt;\\n            &lt;h1 class=&quot;inline-block sm:block sm:mb-2 font-light text-60 lg:text-4xl text-black-dark leading-tight mr-2&quot;&gt;\\n                &lt;span class=&quot;inline-block&quot;&gt;Bad gateway&lt;/span&gt;\\n                &lt;span class=&quot;code-label&quot;&gt;Error code 502&lt;/span&gt;\\n            &lt;/h1&gt;\\n            &lt;div&gt;\\n                Visit &lt;a href=&quot;https://www.cloudflare.com/5xx-error-landing?utm_source=errorcode_502&amp;utm_campaign=supabase.psy-supabase.com&quot; target=&quot;_blank&quot; rel=&quot;noopener noreferrer&quot;&gt;cloudflare.com&lt;/a&gt; for more information.\\n            &lt;/div&gt;\\n            &lt;div class=&quot;mt-3&quot;&gt;2025-07-06 15:28:25 UTC&lt;/div&gt;\\n        &lt;/header&gt;\\n        &lt;div class=&quot;my-8 bg-gradient-gray&quot;&gt;\\n            &lt;div class=&quot;w-240 lg:w-full mx-auto&quot;&gt;\\n                &lt;div class=&quot;clearfix md:px-8&quot;&gt;\\n                    &lt;div id=&quot;cf-browser-status&quot; class=&quot; relative w-1/3 md:w-full py-15 md:p-0 md:py-8 md:text-left md:border-solid md:border-0 md:border-b md:border-gray-400 overflow-hidden float-left md:float-none text-center&quot;&gt;\\n  &lt;div class=&quot;relative mb-10 md:m-0&quot;&gt;\\n    \\n    &lt;span class=&quot;cf-icon-browser block md:hidden h-20 bg-center bg-no-repeat&quot;&gt;&lt;/span&gt;\\n    &lt;span class=&quot;cf-icon-ok w-12 h-12 absolute left-1/2 md:left-auto md:right-0 md:top-0 -ml-6 -bottom-4&quot;&gt;&lt;/span&gt;\\n    \\n  &lt;/div&gt;\\n  &lt;span class=&quot;md:block w-full truncate&quot;&gt;You&lt;/span&gt;\\n  &lt;h3 class=&quot;md:inline-block mt-3 md:mt-0 text-2xl text-gray-600 font-light leading-1.3&quot;&gt;\\n  \\n    Browser\\n  \\n  &lt;/h3&gt;\\n  \\n  &lt;span class=&quot;leading-1.3 text-2xl text-green-success&quot;&gt;Working&lt;/span&gt;\\n  \\n&lt;/div&gt;\\n                    &lt;div id=&quot;cf-cloudflare-status&quot; class=&quot; relative w-1/3 md:w-full py-15 md:p-0 md:py-8 md:text-left md:border-solid md:border-0 md:border-b md:border-gray-400 overflow-hidden float-left md:float-none text-center&quot;&gt;\\n  &lt;div class=&quot;relative mb-10 md:m-0&quot;&gt;\\n    &lt;a href=&quot;https://www.cloudflare.com/5xx-error-landing?utm_source=errorcode_502&amp;#38;utm_campaign=supabase.psy-supabase.com&quot; target=&quot;_blank&quot; rel=&quot;noopener noreferrer&quot;&gt;\\n    &lt;span class=&quot;cf-icon-cloud block md:hidden h-20 bg-center bg-no-repeat&quot;&gt;&lt;/span&gt;\\n    &lt;span class=&quot;cf-icon-ok w-12 h-12 absolute left-1/2 md:left-auto md:right-0 md:top-0 -ml-6 -bottom-4&quot;&gt;&lt;/span&gt;\\n    &lt;/a&gt;\\n  &lt;/div&gt;\\n  &lt;span class=&quot;md:block w-full truncate&quot;&gt;San Jose&lt;/span&gt;\\n  &lt;h3 class=&quot;md:inline-block mt-3 md:mt-0 text-2xl text-gray-600 font-light leading-1.3&quot;&gt;\\n  &lt;a href=&quot;https://www.cloudflare.com/5xx-error-landing?utm_source=errorcode_502&amp;utm_campaign=supabase.psy-supabase.com&quot; target=&quot;_blank&quot; rel=&quot;noopener noreferrer&quot;&gt;\\n    Cloudflare\\n  &lt;/a&gt;\\n  &lt;/h3&gt;\\n  \\n  &lt;span class=&quot;leading-1.3 text-2xl text-green-success&quot;&gt;Working&lt;/span&gt;\\n  \\n&lt;/div&gt;\\n                    &lt;div id=&quot;cf-host-status&quot; class=&quot;cf-error-source relative w-1/3 md:w-full py-15 md:p-0 md:py-8 md:text-left md:border-solid md:border-0 md:border-b md:border-gray-400 overflow-hidden float-left md:float-none text-center&quot;&gt;\\n  &lt;div class=&quot;relative mb-10 md:m-0&quot;&gt;\\n    \\n    &lt;span class=&quot;cf-icon-server block md:hidden h-20 bg-center bg-no-repeat&quot;&gt;&lt;/span&gt;\\n    &lt;span class=&quot;cf-icon-error w-12 h-12 absolute left-1/2 md:left-auto md:right-0 md:top-0 -ml-6 -bottom-4&quot;&gt;&lt;/span&gt;\\n    \\n  &lt;/div&gt;\\n  &lt;span class=&quot;md:block w-full truncate&quot;&gt;supabase.psy-supabase.com&lt;/span&gt;\\n  &lt;h3 class=&quot;md:inline-block mt-3 md:mt-0 text-2xl text-gray-600 font-light leading-1.3&quot;&gt;\\n  \\n    Host\\n  \\n  &lt;/h3&gt;\\n  \\n  &lt;span class=&quot;leading-1.3 text-2xl text-red-error&quot;&gt;Error&lt;/span&gt;\\n  \\n&lt;/div&gt;\\n                &lt;/div&gt;\\n            &lt;/div&gt;\\n        &lt;/div&gt;\\n\\n        &lt;div class=&quot;w-240 lg:w-full mx-auto mb-8 lg:px-8&quot;&gt;\\n            &lt;div class=&quot;clearfix&quot;&gt;\\n                &lt;div class=&quot;w-1/2 md:w-full float-left pr-6 md:pb-10 md:pr-0 leading-relaxed&quot;&gt;\\n                    &lt;h2 class=&quot;text-3xl font-normal leading-1.3 mb-4&quot;&gt;What happened?&lt;/h2&gt;\\n                    &lt;p&gt;The web server reported a bad gateway error.&lt;/p&gt;\\n                &lt;/div&gt;\\n                &lt;div class=&quot;w-1/2 md:w-full float-left leading-relaxed&quot;&gt;\\n                    &lt;h2 class=&quot;text-3xl font-normal leading-1.3 mb-4&quot;&gt;What can I do?&lt;/h2&gt;\\n                    &lt;p class=&quot;mb-6&quot;&gt;Please try again in a few minutes.&lt;/p&gt;\\n                &lt;/div&gt;\\n            &lt;/div&gt;\\n        &lt;/div&gt;\\n\\n        &lt;div class=&quot;cf-error-footer cf-wrapper w-240 lg:w-full py-10 sm:py-4 sm:px-8 mx-auto text-center sm:text-left border-solid border-0 border-t border-gray-300&quot;&gt;\\n    &lt;p class=&quot;text-13&quot;&gt;\\n      &lt;span class=&quot;cf-footer-item sm:block sm:mb-1&quot;&gt;Cloudflare Ray ID: &lt;strong class=&quot;font-semibold&quot;&gt;95b021beab36cf1a&lt;/strong&gt;&lt;/span&gt;\\n      &lt;span class=&quot;cf-footer-separator sm:hidden&quot;&gt;&amp;bull;&lt;/span&gt;\\n      &lt;span id=&quot;cf-footer-item-ip&quot; class=&quot;cf-footer-item hidden sm:block sm:mb-1&quot;&gt;\\n        Your IP:\\n        &lt;button type=&quot;button&quot; id=&quot;cf-footer-ip-reveal&quot; class=&quot;cf-footer-ip-reveal-btn&quot;&gt;Click to reveal&lt;/button&gt;\\n        &lt;span class=&quot;hidden&quot; id=&quot;cf-footer-ip&quot;&gt;20.43.245.196&lt;/span&gt;\\n        &lt;span class=&quot;cf-footer-separator sm:hidden&quot;&gt;&amp;bull;&lt;/span&gt;\\n      &lt;/span&gt;\\n      &lt;span class=&quot;cf-footer-item sm:block sm:mb-1&quot;&gt;&lt;span&gt;Performance &amp;amp; security by&lt;/span&gt; &lt;a rel=&quot;noopener noreferrer&quot; href=&quot;https://www.cloudflare.com/5xx-error-landing?utm_source=errorcode_502&amp;#38;utm_campaign=supabase.psy-supabase.com&quot; id=&quot;brand_link&quot; target=&quot;_blank&quot;&gt;Cloudflare&lt;/a&gt;&lt;/span&gt;\\n      \\n    &lt;/p&gt;\\n    &lt;script&gt;(function(){function d(){var b=a.getElementById(&quot;cf-footer-item-ip&quot;),c=a.getElementById(&quot;cf-footer-ip-reveal&quot;);b&amp;&amp;&quot;classList&quot;in b&amp;&amp;(b.classList.remove(&quot;hidden&quot;),c.addEventListener(&quot;click&quot;,function(){c.classList.add(&quot;hidden&quot;);a.getElementById(&quot;cf-footer-ip&quot;).classList.remove(&quot;hidden&quot;)}))}var a=document;document.addEventListener&amp;&amp;a.addEventListener(&quot;DOMContentLoaded&quot;,d)})();&lt;/script&gt;\\n  &lt;/div&gt;&lt;!-- /.error-footer --&gt;\\n\\n    &lt;/div&gt;\\n&lt;/div&gt;\\n&lt;/body&gt;\\n&lt;/html&gt;\''}&quot;">/opt/hostedtoolcache/Python/3.8.18/x64/lib/python3.8/site-packages/postgrest/_sync/request_builder.py:127: in execute
    raise APIError(r.json())
/opt/hostedtoolcache/Python/3.8.18/x64/lib/python3.8/site-packages/httpx/_models.py:766: in json
    return jsonlib.loads(self.content, **kwargs)
/opt/hostedtoolcache/Python/3.8.18/x64/lib/python3.8/json/__init__.py:357: in loads
    return _default_decoder.decode(s)
/opt/hostedtoolcache/Python/3.8.18/x64/lib/python3.8/json/decoder.py:337: in decode
    obj, end = self.raw_decode(s, idx=_w(s, 0).end())
/opt/hostedtoolcache/Python/3.8.18/x64/lib/python3.8/json/decoder.py:355: in raw_decode
    raise JSONDecodeError("Expecting value", s, err.value) from None
E   json.decoder.JSONDecodeError: Expecting value: line 1 column 1 (char 0)

During handling of the above exception, another exception occurred:
tests/test_database_functions.py:54: in setup_method
    check_response = self.db_manager.supabase.rpc("sql", {"command": check_query}).execute()
/opt/hostedtoolcache/Python/3.8.18/x64/lib/python3.8/site-packages/postgrest/_sync/request_builder.py:131: in execute
    raise APIError(generate_default_error_message(r))
E   postgrest.exceptions.APIError: {'message': 'JSON could not be generated', 'code': 502, 'hint': 'Refer to full message for details', 'details': 'b\'&lt;!DOCTYPE html&gt;\\n&lt;!--[if lt IE 7]&gt; &lt;html class="no-js ie6 oldie" lang="en-US"&gt; &lt;![endif]--&gt;\\n&lt;!--[if IE 7]&gt;    &lt;html class="no-js ie7 oldie" lang="en-US"&gt; &lt;![endif]--&gt;\\n&lt;!--[if IE 8]&gt;    &lt;html class="no-js ie8 oldie" lang="en-US"&gt; &lt;![endif]--&gt;\\n&lt;!--[if gt IE 8]&gt;&lt;!--&gt; &lt;html class="no-js" lang="en-US"&gt; &lt;!--&lt;![endif]--&gt;\\n&lt;head&gt;\\n\\n&lt;title&gt;psy-supabase.com | 502: Bad gateway&lt;/title&gt;\\n&lt;meta charset="UTF-8" /&gt;\\n&lt;meta http-equiv="Content-Type" content="text/html; charset=UTF-8" /&gt;\\n&lt;meta http-equiv="X-UA-Compatible" content="IE=Edge" /&gt;\\n&lt;meta name="robots" content="noindex, nofollow" /&gt;\\n&lt;meta name="viewport" content="width=device-width,initial-scale=1" /&gt;\\n&lt;link rel="stylesheet" id="cf_styles-css" href="/cdn-cgi/styles/main.css" /&gt;\\n&lt;/head&gt;\\n&lt;body&gt;\\n&lt;div id="cf-wrapper"&gt;\\n    &lt;div id="cf-error-details" class="p-0"&gt;\\n        &lt;header class="mx-auto pt-10 lg:pt-6 lg:px-8 w-240 lg:w-full mb-8"&gt;\\n            &lt;h1 class="inline-block sm:block sm:mb-2 font-light text-60 lg:text-4xl text-black-dark leading-tight mr-2"&gt;\\n                &lt;span class="inline-block"&gt;Bad gateway&lt;/span&gt;\\n                &lt;span class="code-label"&gt;Error code 502&lt;/span&gt;\\n            &lt;/h1&gt;\\n            &lt;div&gt;\\n                Visit &lt;a href="https://www.cloudflare.com/5xx-error-landing?utm_source=errorcode_502&amp;utm_campaign=supabase.psy-supabase.com" target="_blank" rel="noopener noreferrer"&gt;cloudflare.com&lt;/a&gt; for more information.\\n            &lt;/div&gt;\\n            &lt;div class="mt-3"&gt;2025-07-06 15:28:25 UTC&lt;/div&gt;\\n        &lt;/header&gt;\\n        &lt;div class="my-8 bg-gradient-gray"&gt;\\n            &lt;div class="w-240 lg:w-full mx-auto"&gt;\\n                &lt;div class="clearfix md:px-8"&gt;\\n                    &lt;div id="cf-browser-status" class=" relative w-1/3 md:w-full py-15 md:p-0 md:py-8 md:text-left md:border-solid md:border-0 md:border-b md:border-gray-400 overflow-hidden float-left md:float-none text-center"&gt;\\n  &lt;div class="relative mb-10 md:m-0"&gt;\\n    \\n    &lt;span class="cf-icon-browser block md:hidden h-20 bg-center bg-no-repeat"&gt;&lt;/span&gt;\\n    &lt;span class="cf-icon-ok w-12 h-12 absolute left-1/2 md:left-auto md:right-0 md:top-0 -ml-6 -bottom-4"&gt;&lt;/span&gt;\\n    \\n  &lt;/div&gt;\\n  &lt;span class="md:block w-full truncate"&gt;You&lt;/span&gt;\\n  &lt;h3 class="md:inline-block mt-3 md:mt-0 text-2xl text-gray-600 font-light leading-1.3"&gt;\\n  \\n    Browser\\n  \\n  &lt;/h3&gt;\\n  \\n  &lt;span class="leading-1.3 text-2xl text-green-success"&gt;Working&lt;/span&gt;\\n  \\n&lt;/div&gt;\\n                    &lt;div id="cf-cloudflare-status" class=" relative w-1/3 md:w-full py-15 md:p-0 md:py-8 md:text-left md:border-solid md:border-0 md:border-b md:border-gray-400 overflow-hidden float-left md:float-none text-center"&gt;\\n  &lt;div class="relative mb-10 md:m-0"&gt;\\n    &lt;a href="https://www.cloudflare.com/5xx-error-landing?utm_source=errorcode_502&amp;#38;utm_campaign=supabase.psy-supabase.com" target="_blank" rel="noopener noreferrer"&gt;\\n    &lt;span class="cf-icon-cloud block md:hidden h-20 bg-center bg-no-repeat"&gt;&lt;/span&gt;\\n    &lt;span class="cf-icon-ok w-12 h-12 absolute left-1/2 md:left-auto md:right-0 md:top-0 -ml-6 -bottom-4"&gt;&lt;/span&gt;\\n    &lt;/a&gt;\\n  &lt;/div&gt;\\n  &lt;span class="md:block w-full truncate"&gt;San Jose&lt;/span&gt;\\n  &lt;h3 class="md:inline-block mt-3 md:mt-0 text-2xl text-gray-600 font-light leading-1.3"&gt;\\n  &lt;a href="https://www.cloudflare.com/5xx-error-landing?utm_source=errorcode_502&amp;utm_campaign=supabase.psy-supabase.com" target="_blank" rel="noopener noreferrer"&gt;\\n    Cloudflare\\n  &lt;/a&gt;\\n  &lt;/h3&gt;\\n  \\n  &lt;span class="leading-1.3 text-2xl text-green-success"&gt;Working&lt;/span&gt;\\n  \\n&lt;/div&gt;\\n                    &lt;div id="cf-host-status" class="cf-error-source relative w-1/3 md:w-full py-15 md:p-0 md:py-8 md:text-left md:border-solid md:border-0 md:border-b md:border-gray-400 overflow-hidden float-left md:float-none text-center"&gt;\\n  &lt;div class="relative mb-10 md:m-0"&gt;\\n    \\n    &lt;span class="cf-icon-server block md:hidden h-20 bg-center bg-no-repeat"&gt;&lt;/span&gt;\\n    &lt;span class="cf-icon-error w-12 h-12 absolute left-1/2 md:left-auto md:right-0 md:top-0 -ml-6 -bottom-4"&gt;&lt;/span&gt;\\n    \\n  &lt;/div&gt;\\n  &lt;span class="md:block w-full truncate"&gt;supabase.psy-supabase.com&lt;/span&gt;\\n  &lt;h3 class="md:inline-block mt-3 md:mt-0 text-2xl text-gray-600 font-light leading-1.3"&gt;\\n  \\n    Host\\n  \\n  &lt;/h3&gt;\\n  \\n  &lt;span class="leading-1.3 text-2xl text-red-error"&gt;Error&lt;/span&gt;\\n  \\n&lt;/div&gt;\\n                &lt;/div&gt;\\n            &lt;/div&gt;\\n        &lt;/div&gt;\\n\\n        &lt;div class="w-240 lg:w-full mx-auto mb-8 lg:px-8"&gt;\\n            &lt;div class="clearfix"&gt;\\n                &lt;div class="w-1/2 md:w-full float-left pr-6 md:pb-10 md:pr-0 leading-relaxed"&gt;\\n                    &lt;h2 class="text-3xl font-normal leading-1.3 mb-4"&gt;What happened?&lt;/h2&gt;\\n                    &lt;p&gt;The web server reported a bad gateway error.&lt;/p&gt;\\n                &lt;/div&gt;\\n                &lt;div class="w-1/2 md:w-full float-left leading-relaxed"&gt;\\n                    &lt;h2 class="text-3xl font-normal leading-1.3 mb-4"&gt;What can I do?&lt;/h2&gt;\\n                    &lt;p class="mb-6"&gt;Please try again in a few minutes.&lt;/p&gt;\\n                &lt;/div&gt;\\n            &lt;/div&gt;\\n        &lt;/div&gt;\\n\\n        &lt;div class="cf-error-footer cf-wrapper w-240 lg:w-full py-10 sm:py-4 sm:px-8 mx-auto text-center sm:text-left border-solid border-0 border-t border-gray-300"&gt;\\n    &lt;p class="text-13"&gt;\\n      &lt;span class="cf-footer-item sm:block sm:mb-1"&gt;Cloudflare Ray ID: &lt;strong class="font-semibold"&gt;95b021beab36cf1a&lt;/strong&gt;&lt;/span&gt;\\n      &lt;span class="cf-footer-separator sm:hidden"&gt;&amp;bull;&lt;/span&gt;\\n      &lt;span id="cf-footer-item-ip" class="cf-footer-item hidden sm:block sm:mb-1"&gt;\\n        Your IP:\\n        &lt;button type="button" id="cf-footer-ip-reveal" class="cf-footer-ip-reveal-btn"&gt;Click to reveal&lt;/button&gt;\\n        &lt;span class="hidden" id="cf-footer-ip"&gt;20.43.245.196&lt;/span&gt;\\n        &lt;span class="cf-footer-separator sm:hidden"&gt;&amp;bull;&lt;/span&gt;\\n      &lt;/span&gt;\\n      &lt;span class="cf-footer-item sm:block sm:mb-1"&gt;&lt;span&gt;Performance &amp;amp; security by&lt;/span&gt; &lt;a rel="noopener noreferrer" href="https://www.cloudflare.com/5xx-error-landing?utm_source=errorcode_502&amp;#38;utm_campaign=supabase.psy-supabase.com" id="brand_link" target="_blank"&gt;Cloudflare&lt;/a&gt;&lt;/span&gt;\\n      \\n    &lt;/p&gt;\\n    &lt;script&gt;(function(){function d(){var b=a.getElementById("cf-footer-item-ip"),c=a.getElementById("cf-footer-ip-reveal");b&amp;&amp;"classList"in b&amp;&amp;(b.classList.remove("hidden"),c.addEventListener("click",function(){c.classList.add("hidden");a.getElementById("cf-footer-ip").classList.remove("hidden")}))}var a=document;document.addEventListener&amp;&amp;a.addEventListener("DOMContentLoaded",d)})();&lt;/script&gt;\\n  &lt;/div&gt;&lt;!-- /.error-footer --&gt;\\n\\n    &lt;/div&gt;\\n&lt;/div&gt;\\n&lt;/body&gt;\\n&lt;/html&gt;\''}</error></testcase><testcase classname="tests.test_database_functions.TestDatabaseFunctions" name="test_dynamic_rag_with_session_id" time="0.696"><error message="failed on setup with &quot;postgrest.exceptions.APIError: {'message': 'JSON could not be generated', 'code': 502, 'hint': 'Refer to full message for details', 'details': 'b\'&lt;!DOCTYPE html&gt;\\n&lt;!--[if lt IE 7]&gt; &lt;html class=&quot;no-js ie6 oldie&quot; lang=&quot;en-US&quot;&gt; &lt;![endif]--&gt;\\n&lt;!--[if IE 7]&gt;    &lt;html class=&quot;no-js ie7 oldie&quot; lang=&quot;en-US&quot;&gt; &lt;![endif]--&gt;\\n&lt;!--[if IE 8]&gt;    &lt;html class=&quot;no-js ie8 oldie&quot; lang=&quot;en-US&quot;&gt; &lt;![endif]--&gt;\\n&lt;!--[if gt IE 8]&gt;&lt;!--&gt; &lt;html class=&quot;no-js&quot; lang=&quot;en-US&quot;&gt; &lt;!--&lt;![endif]--&gt;\\n&lt;head&gt;\\n\\n&lt;title&gt;psy-supabase.com | 502: Bad gateway&lt;/title&gt;\\n&lt;meta charset=&quot;UTF-8&quot; /&gt;\\n&lt;meta http-equiv=&quot;Content-Type&quot; content=&quot;text/html; charset=UTF-8&quot; /&gt;\\n&lt;meta http-equiv=&quot;X-UA-Compatible&quot; content=&quot;IE=Edge&quot; /&gt;\\n&lt;meta name=&quot;robots&quot; content=&quot;noindex, nofollow&quot; /&gt;\\n&lt;meta name=&quot;viewport&quot; content=&quot;width=device-width,initial-scale=1&quot; /&gt;\\n&lt;link rel=&quot;stylesheet&quot; id=&quot;cf_styles-css&quot; href=&quot;/cdn-cgi/styles/main.css&quot; /&gt;\\n&lt;/head&gt;\\n&lt;body&gt;\\n&lt;div id=&quot;cf-wrapper&quot;&gt;\\n    &lt;div id=&quot;cf-error-details&quot; class=&quot;p-0&quot;&gt;\\n        &lt;header class=&quot;mx-auto pt-10 lg:pt-6 lg:px-8 w-240 lg:w-full mb-8&quot;&gt;\\n            &lt;h1 class=&quot;inline-block sm:block sm:mb-2 font-light text-60 lg:text-4xl text-black-dark leading-tight mr-2&quot;&gt;\\n                &lt;span class=&quot;inline-block&quot;&gt;Bad gateway&lt;/span&gt;\\n                &lt;span class=&quot;code-label&quot;&gt;Error code 502&lt;/span&gt;\\n            &lt;/h1&gt;\\n            &lt;div&gt;\\n                Visit &lt;a href=&quot;https://www.cloudflare.com/5xx-error-landing?utm_source=errorcode_502&amp;utm_campaign=supabase.psy-supabase.com&quot; target=&quot;_blank&quot; rel=&quot;noopener noreferrer&quot;&gt;cloudflare.com&lt;/a&gt; for more information.\\n            &lt;/div&gt;\\n            &lt;div class=&quot;mt-3&quot;&gt;2025-07-06 15:28:26 UTC&lt;/div&gt;\\n        &lt;/header&gt;\\n        &lt;div class=&quot;my-8 bg-gradient-gray&quot;&gt;\\n            &lt;div class=&quot;w-240 lg:w-full mx-auto&quot;&gt;\\n                &lt;div class=&quot;clearfix md:px-8&quot;&gt;\\n                    &lt;div id=&quot;cf-browser-status&quot; class=&quot; relative w-1/3 md:w-full py-15 md:p-0 md:py-8 md:text-left md:border-solid md:border-0 md:border-b md:border-gray-400 overflow-hidden float-left md:float-none text-center&quot;&gt;\\n  &lt;div class=&quot;relative mb-10 md:m-0&quot;&gt;\\n    \\n    &lt;span class=&quot;cf-icon-browser block md:hidden h-20 bg-center bg-no-repeat&quot;&gt;&lt;/span&gt;\\n    &lt;span class=&quot;cf-icon-ok w-12 h-12 absolute left-1/2 md:left-auto md:right-0 md:top-0 -ml-6 -bottom-4&quot;&gt;&lt;/span&gt;\\n    \\n  &lt;/div&gt;\\n  &lt;span class=&quot;md:block w-full truncate&quot;&gt;You&lt;/span&gt;\\n  &lt;h3 class=&quot;md:inline-block mt-3 md:mt-0 text-2xl text-gray-600 font-light leading-1.3&quot;&gt;\\n  \\n    Browser\\n  \\n  &lt;/h3&gt;\\n  \\n  &lt;span class=&quot;leading-1.3 text-2xl text-green-success&quot;&gt;Working&lt;/span&gt;\\n  \\n&lt;/div&gt;\\n                    &lt;div id=&quot;cf-cloudflare-status&quot; class=&quot; relative w-1/3 md:w-full py-15 md:p-0 md:py-8 md:text-left md:border-solid md:border-0 md:border-b md:border-gray-400 overflow-hidden float-left md:float-none text-center&quot;&gt;\\n  &lt;div class=&quot;relative mb-10 md:m-0&quot;&gt;\\n    &lt;a href=&quot;https://www.cloudflare.com/5xx-error-landing?utm_source=errorcode_502&amp;#38;utm_campaign=supabase.psy-supabase.com&quot; target=&quot;_blank&quot; rel=&quot;noopener noreferrer&quot;&gt;\\n    &lt;span class=&quot;cf-icon-cloud block md:hidden h-20 bg-center bg-no-repeat&quot;&gt;&lt;/span&gt;\\n    &lt;span class=&quot;cf-icon-ok w-12 h-12 absolute left-1/2 md:left-auto md:right-0 md:top-0 -ml-6 -bottom-4&quot;&gt;&lt;/span&gt;\\n    &lt;/a&gt;\\n  &lt;/div&gt;\\n  &lt;span class=&quot;md:block w-full truncate&quot;&gt;San Jose&lt;/span&gt;\\n  &lt;h3 class=&quot;md:inline-block mt-3 md:mt-0 text-2xl text-gray-600 font-light leading-1.3&quot;&gt;\\n  &lt;a href=&quot;https://www.cloudflare.com/5xx-error-landing?utm_source=errorcode_502&amp;utm_campaign=supabase.psy-supabase.com&quot; target=&quot;_blank&quot; rel=&quot;noopener noreferrer&quot;&gt;\\n    Cloudflare\\n  &lt;/a&gt;\\n  &lt;/h3&gt;\\n  \\n  &lt;span class=&quot;leading-1.3 text-2xl text-green-success&quot;&gt;Working&lt;/span&gt;\\n  \\n&lt;/div&gt;\\n                    &lt;div id=&quot;cf-host-status&quot; class=&quot;cf-error-source relative w-1/3 md:w-full py-15 md:p-0 md:py-8 md:text-left md:border-solid md:border-0 md:border-b md:border-gray-400 overflow-hidden float-left md:float-none text-center&quot;&gt;\\n  &lt;div class=&quot;relative mb-10 md:m-0&quot;&gt;\\n    \\n    &lt;span class=&quot;cf-icon-server block md:hidden h-20 bg-center bg-no-repeat&quot;&gt;&lt;/span&gt;\\n    &lt;span class=&quot;cf-icon-error w-12 h-12 absolute left-1/2 md:left-auto md:right-0 md:top-0 -ml-6 -bottom-4&quot;&gt;&lt;/span&gt;\\n    \\n  &lt;/div&gt;\\n  &lt;span class=&quot;md:block w-full truncate&quot;&gt;supabase.psy-supabase.com&lt;/span&gt;\\n  &lt;h3 class=&quot;md:inline-block mt-3 md:mt-0 text-2xl text-gray-600 font-light leading-1.3&quot;&gt;\\n  \\n    Host\\n  \\n  &lt;/h3&gt;\\n  \\n  &lt;span class=&quot;leading-1.3 text-2xl text-red-error&quot;&gt;Error&lt;/span&gt;\\n  \\n&lt;/div&gt;\\n                &lt;/div&gt;\\n            &lt;/div&gt;\\n        &lt;/div&gt;\\n\\n        &lt;div class=&quot;w-240 lg:w-full mx-auto mb-8 lg:px-8&quot;&gt;\\n            &lt;div class=&quot;clearfix&quot;&gt;\\n                &lt;div class=&quot;w-1/2 md:w-full float-left pr-6 md:pb-10 md:pr-0 leading-relaxed&quot;&gt;\\n                    &lt;h2 class=&quot;text-3xl font-normal leading-1.3 mb-4&quot;&gt;What happened?&lt;/h2&gt;\\n                    &lt;p&gt;The web server reported a bad gateway error.&lt;/p&gt;\\n                &lt;/div&gt;\\n                &lt;div class=&quot;w-1/2 md:w-full float-left leading-relaxed&quot;&gt;\\n                    &lt;h2 class=&quot;text-3xl font-normal leading-1.3 mb-4&quot;&gt;What can I do?&lt;/h2&gt;\\n                    &lt;p class=&quot;mb-6&quot;&gt;Please try again in a few minutes.&lt;/p&gt;\\n                &lt;/div&gt;\\n            &lt;/div&gt;\\n        &lt;/div&gt;\\n\\n        &lt;div class=&quot;cf-error-footer cf-wrapper w-240 lg:w-full py-10 sm:py-4 sm:px-8 mx-auto text-center sm:text-left border-solid border-0 border-t border-gray-300&quot;&gt;\\n    &lt;p class=&quot;text-13&quot;&gt;\\n      &lt;span class=&quot;cf-footer-item sm:block sm:mb-1&quot;&gt;Cloudflare Ray ID: &lt;strong class=&quot;font-semibold&quot;&gt;95b021c52a84174b&lt;/strong&gt;&lt;/span&gt;\\n      &lt;span class=&quot;cf-footer-separator sm:hidden&quot;&gt;&amp;bull;&lt;/span&gt;\\n      &lt;span id=&quot;cf-footer-item-ip&quot; class=&quot;cf-footer-item hidden sm:block sm:mb-1&quot;&gt;\\n        Your IP:\\n        &lt;button type=&quot;button&quot; id=&quot;cf-footer-ip-reveal&quot; class=&quot;cf-footer-ip-reveal-btn&quot;&gt;Click to reveal&lt;/button&gt;\\n        &lt;span class=&quot;hidden&quot; id=&quot;cf-footer-ip&quot;&gt;20.43.245.196&lt;/span&gt;\\n        &lt;span class=&quot;cf-footer-separator sm:hidden&quot;&gt;&amp;bull;&lt;/span&gt;\\n      &lt;/span&gt;\\n      &lt;span class=&quot;cf-footer-item sm:block sm:mb-1&quot;&gt;&lt;span&gt;Performance &amp;amp; security by&lt;/span&gt; &lt;a rel=&quot;noopener noreferrer&quot; href=&quot;https://www.cloudflare.com/5xx-error-landing?utm_source=errorcode_502&amp;#38;utm_campaign=supabase.psy-supabase.com&quot; id=&quot;brand_link&quot; target=&quot;_blank&quot;&gt;Cloudflare&lt;/a&gt;&lt;/span&gt;\\n      \\n    &lt;/p&gt;\\n    &lt;script&gt;(function(){function d(){var b=a.getElementById(&quot;cf-footer-item-ip&quot;),c=a.getElementById(&quot;cf-footer-ip-reveal&quot;);b&amp;&amp;&quot;classList&quot;in b&amp;&amp;(b.classList.remove(&quot;hidden&quot;),c.addEventListener(&quot;click&quot;,function(){c.classList.add(&quot;hidden&quot;);a.getElementById(&quot;cf-footer-ip&quot;).classList.remove(&quot;hidden&quot;)}))}var a=document;document.addEventListener&amp;&amp;a.addEventListener(&quot;DOMContentLoaded&quot;,d)})();&lt;/script&gt;\\n  &lt;/div&gt;&lt;!-- /.error-footer --&gt;\\n\\n    &lt;/div&gt;\\n&lt;/div&gt;\\n&lt;/body&gt;\\n&lt;/html&gt;\''}&quot;">/opt/hostedtoolcache/Python/3.8.18/x64/lib/python3.8/site-packages/postgrest/_sync/request_builder.py:127: in execute
    raise APIError(r.json())
/opt/hostedtoolcache/Python/3.8.18/x64/lib/python3.8/site-packages/httpx/_models.py:766: in json
    return jsonlib.loads(self.content, **kwargs)
/opt/hostedtoolcache/Python/3.8.18/x64/lib/python3.8/json/__init__.py:357: in loads
    return _default_decoder.decode(s)
/opt/hostedtoolcache/Python/3.8.18/x64/lib/python3.8/json/decoder.py:337: in decode
    obj, end = self.raw_decode(s, idx=_w(s, 0).end())
/opt/hostedtoolcache/Python/3.8.18/x64/lib/python3.8/json/decoder.py:355: in raw_decode
    raise JSONDecodeError("Expecting value", s, err.value) from None
E   json.decoder.JSONDecodeError: Expecting value: line 1 column 1 (char 0)

During handling of the above exception, another exception occurred:
tests/test_database_functions.py:54: in setup_method
    check_response = self.db_manager.supabase.rpc("sql", {"command": check_query}).execute()
/opt/hostedtoolcache/Python/3.8.18/x64/lib/python3.8/site-packages/postgrest/_sync/request_builder.py:131: in execute
    raise APIError(generate_default_error_message(r))
E   postgrest.exceptions.APIError: {'message': 'JSON could not be generated', 'code': 502, 'hint': 'Refer to full message for details', 'details': 'b\'&lt;!DOCTYPE html&gt;\\n&lt;!--[if lt IE 7]&gt; &lt;html class="no-js ie6 oldie" lang="en-US"&gt; &lt;![endif]--&gt;\\n&lt;!--[if IE 7]&gt;    &lt;html class="no-js ie7 oldie" lang="en-US"&gt; &lt;![endif]--&gt;\\n&lt;!--[if IE 8]&gt;    &lt;html class="no-js ie8 oldie" lang="en-US"&gt; &lt;![endif]--&gt;\\n&lt;!--[if gt IE 8]&gt;&lt;!--&gt; &lt;html class="no-js" lang="en-US"&gt; &lt;!--&lt;![endif]--&gt;\\n&lt;head&gt;\\n\\n&lt;title&gt;psy-supabase.com | 502: Bad gateway&lt;/title&gt;\\n&lt;meta charset="UTF-8" /&gt;\\n&lt;meta http-equiv="Content-Type" content="text/html; charset=UTF-8" /&gt;\\n&lt;meta http-equiv="X-UA-Compatible" content="IE=Edge" /&gt;\\n&lt;meta name="robots" content="noindex, nofollow" /&gt;\\n&lt;meta name="viewport" content="width=device-width,initial-scale=1" /&gt;\\n&lt;link rel="stylesheet" id="cf_styles-css" href="/cdn-cgi/styles/main.css" /&gt;\\n&lt;/head&gt;\\n&lt;body&gt;\\n&lt;div id="cf-wrapper"&gt;\\n    &lt;div id="cf-error-details" class="p-0"&gt;\\n        &lt;header class="mx-auto pt-10 lg:pt-6 lg:px-8 w-240 lg:w-full mb-8"&gt;\\n            &lt;h1 class="inline-block sm:block sm:mb-2 font-light text-60 lg:text-4xl text-black-dark leading-tight mr-2"&gt;\\n                &lt;span class="inline-block"&gt;Bad gateway&lt;/span&gt;\\n                &lt;span class="code-label"&gt;Error code 502&lt;/span&gt;\\n            &lt;/h1&gt;\\n            &lt;div&gt;\\n                Visit &lt;a href="https://www.cloudflare.com/5xx-error-landing?utm_source=errorcode_502&amp;utm_campaign=supabase.psy-supabase.com" target="_blank" rel="noopener noreferrer"&gt;cloudflare.com&lt;/a&gt; for more information.\\n            &lt;/div&gt;\\n            &lt;div class="mt-3"&gt;2025-07-06 15:28:26 UTC&lt;/div&gt;\\n        &lt;/header&gt;\\n        &lt;div class="my-8 bg-gradient-gray"&gt;\\n            &lt;div class="w-240 lg:w-full mx-auto"&gt;\\n                &lt;div class="clearfix md:px-8"&gt;\\n                    &lt;div id="cf-browser-status" class=" relative w-1/3 md:w-full py-15 md:p-0 md:py-8 md:text-left md:border-solid md:border-0 md:border-b md:border-gray-400 overflow-hidden float-left md:float-none text-center"&gt;\\n  &lt;div class="relative mb-10 md:m-0"&gt;\\n    \\n    &lt;span class="cf-icon-browser block md:hidden h-20 bg-center bg-no-repeat"&gt;&lt;/span&gt;\\n    &lt;span class="cf-icon-ok w-12 h-12 absolute left-1/2 md:left-auto md:right-0 md:top-0 -ml-6 -bottom-4"&gt;&lt;/span&gt;\\n    \\n  &lt;/div&gt;\\n  &lt;span class="md:block w-full truncate"&gt;You&lt;/span&gt;\\n  &lt;h3 class="md:inline-block mt-3 md:mt-0 text-2xl text-gray-600 font-light leading-1.3"&gt;\\n  \\n    Browser\\n  \\n  &lt;/h3&gt;\\n  \\n  &lt;span class="leading-1.3 text-2xl text-green-success"&gt;Working&lt;/span&gt;\\n  \\n&lt;/div&gt;\\n                    &lt;div id="cf-cloudflare-status" class=" relative w-1/3 md:w-full py-15 md:p-0 md:py-8 md:text-left md:border-solid md:border-0 md:border-b md:border-gray-400 overflow-hidden float-left md:float-none text-center"&gt;\\n  &lt;div class="relative mb-10 md:m-0"&gt;\\n    &lt;a href="https://www.cloudflare.com/5xx-error-landing?utm_source=errorcode_502&amp;#38;utm_campaign=supabase.psy-supabase.com" target="_blank" rel="noopener noreferrer"&gt;\\n    &lt;span class="cf-icon-cloud block md:hidden h-20 bg-center bg-no-repeat"&gt;&lt;/span&gt;\\n    &lt;span class="cf-icon-ok w-12 h-12 absolute left-1/2 md:left-auto md:right-0 md:top-0 -ml-6 -bottom-4"&gt;&lt;/span&gt;\\n    &lt;/a&gt;\\n  &lt;/div&gt;\\n  &lt;span class="md:block w-full truncate"&gt;San Jose&lt;/span&gt;\\n  &lt;h3 class="md:inline-block mt-3 md:mt-0 text-2xl text-gray-600 font-light leading-1.3"&gt;\\n  &lt;a href="https://www.cloudflare.com/5xx-error-landing?utm_source=errorcode_502&amp;utm_campaign=supabase.psy-supabase.com" target="_blank" rel="noopener noreferrer"&gt;\\n    Cloudflare\\n  &lt;/a&gt;\\n  &lt;/h3&gt;\\n  \\n  &lt;span class="leading-1.3 text-2xl text-green-success"&gt;Working&lt;/span&gt;\\n  \\n&lt;/div&gt;\\n                    &lt;div id="cf-host-status" class="cf-error-source relative w-1/3 md:w-full py-15 md:p-0 md:py-8 md:text-left md:border-solid md:border-0 md:border-b md:border-gray-400 overflow-hidden float-left md:float-none text-center"&gt;\\n  &lt;div class="relative mb-10 md:m-0"&gt;\\n    \\n    &lt;span class="cf-icon-server block md:hidden h-20 bg-center bg-no-repeat"&gt;&lt;/span&gt;\\n    &lt;span class="cf-icon-error w-12 h-12 absolute left-1/2 md:left-auto md:right-0 md:top-0 -ml-6 -bottom-4"&gt;&lt;/span&gt;\\n    \\n  &lt;/div&gt;\\n  &lt;span class="md:block w-full truncate"&gt;supabase.psy-supabase.com&lt;/span&gt;\\n  &lt;h3 class="md:inline-block mt-3 md:mt-0 text-2xl text-gray-600 font-light leading-1.3"&gt;\\n  \\n    Host\\n  \\n  &lt;/h3&gt;\\n  \\n  &lt;span class="leading-1.3 text-2xl text-red-error"&gt;Error&lt;/span&gt;\\n  \\n&lt;/div&gt;\\n                &lt;/div&gt;\\n            &lt;/div&gt;\\n        &lt;/div&gt;\\n\\n        &lt;div class="w-240 lg:w-full mx-auto mb-8 lg:px-8"&gt;\\n            &lt;div class="clearfix"&gt;\\n                &lt;div class="w-1/2 md:w-full float-left pr-6 md:pb-10 md:pr-0 leading-relaxed"&gt;\\n                    &lt;h2 class="text-3xl font-normal leading-1.3 mb-4"&gt;What happened?&lt;/h2&gt;\\n                    &lt;p&gt;The web server reported a bad gateway error.&lt;/p&gt;\\n                &lt;/div&gt;\\n                &lt;div class="w-1/2 md:w-full float-left leading-relaxed"&gt;\\n                    &lt;h2 class="text-3xl font-normal leading-1.3 mb-4"&gt;What can I do?&lt;/h2&gt;\\n                    &lt;p class="mb-6"&gt;Please try again in a few minutes.&lt;/p&gt;\\n                &lt;/div&gt;\\n            &lt;/div&gt;\\n        &lt;/div&gt;\\n\\n        &lt;div class="cf-error-footer cf-wrapper w-240 lg:w-full py-10 sm:py-4 sm:px-8 mx-auto text-center sm:text-left border-solid border-0 border-t border-gray-300"&gt;\\n    &lt;p class="text-13"&gt;\\n      &lt;span class="cf-footer-item sm:block sm:mb-1"&gt;Cloudflare Ray ID: &lt;strong class="font-semibold"&gt;95b021c52a84174b&lt;/strong&gt;&lt;/span&gt;\\n      &lt;span class="cf-footer-separator sm:hidden"&gt;&amp;bull;&lt;/span&gt;\\n      &lt;span id="cf-footer-item-ip" class="cf-footer-item hidden sm:block sm:mb-1"&gt;\\n        Your IP:\\n        &lt;button type="button" id="cf-footer-ip-reveal" class="cf-footer-ip-reveal-btn"&gt;Click to reveal&lt;/button&gt;\\n        &lt;span class="hidden" id="cf-footer-ip"&gt;20.43.245.196&lt;/span&gt;\\n        &lt;span class="cf-footer-separator sm:hidden"&gt;&amp;bull;&lt;/span&gt;\\n      &lt;/span&gt;\\n      &lt;span class="cf-footer-item sm:block sm:mb-1"&gt;&lt;span&gt;Performance &amp;amp; security by&lt;/span&gt; &lt;a rel="noopener noreferrer" href="https://www.cloudflare.com/5xx-error-landing?utm_source=errorcode_502&amp;#38;utm_campaign=supabase.psy-supabase.com" id="brand_link" target="_blank"&gt;Cloudflare&lt;/a&gt;&lt;/span&gt;\\n      \\n    &lt;/p&gt;\\n    &lt;script&gt;(function(){function d(){var b=a.getElementById("cf-footer-item-ip"),c=a.getElementById("cf-footer-ip-reveal");b&amp;&amp;"classList"in b&amp;&amp;(b.classList.remove("hidden"),c.addEventListener("click",function(){c.classList.add("hidden");a.getElementById("cf-footer-ip").classList.remove("hidden")}))}var a=document;document.addEventListener&amp;&amp;a.addEventListener("DOMContentLoaded",d)})();&lt;/script&gt;\\n  &lt;/div&gt;&lt;!-- /.error-footer --&gt;\\n\\n    &lt;/div&gt;\\n&lt;/div&gt;\\n&lt;/body&gt;\\n&lt;/html&gt;\''}</error></testcase><testcase classname="tests.test_db_manager_mock" name="test_db_manager_mock_save_interaction" time="0.161" /><testcase classname="tests.test_diagnostic" name="test_diagnostic_rag_processor" time="0.743" /><testcase classname="tests.test_direct_rag" name="test_rag_implementation_check" time="0.723" /><testcase classname="tests.test_dynamic_rag.TestDynamicRAGRetriever" name="test_combined_retrieval_workflow" time="0.860"><skipped type="pytest.skip" message="Unable to connect to database. Skipping integration tests.">/home/runner/work/psy-supabase/psy-supabase/tests/test_dynamic_rag.py:251: Unable to connect to database. Skipping integration tests.</skipped></testcase><testcase classname="tests.test_dynamic_rag.TestDynamicRAGRetriever" name="test_get_knowledge_by_query" time="0.830"><skipped type="pytest.skip" message="Unable to connect to database. Skipping integration tests.">/home/runner/work/psy-supabase/psy-supabase/tests/test_dynamic_rag.py:80: Unable to connect to database. Skipping integration tests.</skipped></testcase><testcase classname="tests.test_dynamic_rag.TestDynamicRAGRetriever" name="test_get_knowledge_by_query_caching" time="0.825"><skipped type="pytest.skip" message="Unable to connect to database. Skipping integration tests.">/home/runner/work/psy-supabase/psy-supabase/tests/test_dynamic_rag.py:97: Unable to connect to database. Skipping integration tests.</skipped></testcase><testcase classname="tests.test_dynamic_rag.TestDynamicRAGRetriever" name="test_get_pain_point" time="0.782"><skipped type="pytest.skip" message="Unable to connect to database. Skipping integration tests.">/home/runner/work/psy-supabase/psy-supabase/tests/test_dynamic_rag.py:288: Unable to connect to database. Skipping integration tests.</skipped></testcase><testcase classname="tests.test_dynamic_rag.TestDynamicRAGRetriever" name="test_get_past_interactions" time="0.824"><skipped type="pytest.skip" message="Unable to connect to database. Skipping integration tests.">/home/runner/work/psy-supabase/psy-supabase/tests/test_dynamic_rag.py:215: Unable to connect to database. Skipping integration tests.</skipped></testcase><testcase classname="tests.test_dynamic_rag.TestDynamicRAGRetriever" name="test_get_past_interactions_by_topic" time="0.780"><skipped type="pytest.skip" message="Unable to connect to database. Skipping integration tests.">/home/runner/work/psy-supabase/psy-supabase/tests/test_dynamic_rag.py:230: Unable to connect to database. Skipping integration tests.</skipped></testcase><testcase classname="tests.test_dynamic_rag.TestDynamicRAGRetriever" name="test_similarity_formatting" time="0.880"><skipped type="pytest.skip" message="Unable to connect to database. Skipping integration tests.">/home/runner/work/psy-supabase/psy-supabase/tests/test_dynamic_rag.py:175: Unable to connect to database. Skipping integration tests.</skipped></testcase><testcase classname="tests.test_dynamic_rag.TestDynamicRAGRetriever" name="test_template_existence" time="0.491"><skipped type="pytest.skip" message="Unable to connect to database. Skipping integration tests.">/home/runner/work/psy-supabase/psy-supabase/tests/test_dynamic_rag.py:56: Unable to connect to database. Skipping integration tests.</skipped></testcase><testcase classname="tests.test_dynamic_rag.TestDynamicRAGRetriever" name="test_template_selection_with_anxiety" time="0.810"><skipped type="pytest.skip" message="Unable to connect to database. Skipping integration tests.">/home/runner/work/psy-supabase/psy-supabase/tests/test_dynamic_rag.py:311: Unable to connect to database. Skipping integration tests.</skipped></testcase><testcase classname="tests.test_dynamic_rag_edge_cases.TestDynamicRAGEdgeCases" name="test_database_error_handling" time="0.162" /><testcase classname="tests.test_dynamic_rag_edge_cases.TestDynamicRAGEdgeCases" name="test_empty_input_handling" time="0.190" /><testcase classname="tests.test_dynamic_rag_edge_cases.TestDynamicRAGEdgeCases" name="test_empty_results_handling" time="0.164" /><testcase classname="tests.test_dynamic_rag_edge_cases.TestDynamicRAGEdgeCases" name="test_special_characters_input" time="0.160" /><testcase classname="tests.test_dynamic_rag_edge_cases.TestDynamicRAGIntegration" name="test_large_scale_caching" time="0.170" /><testcase classname="tests.test_embedding_generation.TestEmbeddingGeneration" name="test_device_handling" time="0.809"><skipped type="pytest.skip" message="Unable to connect to database. Skipping integration tests.">/home/runner/work/psy-supabase/psy-supabase/tests/test_embedding_generation.py:60: Unable to connect to database. Skipping integration tests.</skipped></testcase><testcase classname="tests.test_embedding_generation.TestEmbeddingGeneration" name="test_dict_context_storage" time="0.443"><skipped type="pytest.skip" message="Unable to connect to database. Skipping integration tests.">/home/runner/work/psy-supabase/psy-supabase/tests/test_embedding_generation.py:164: Unable to connect to database. Skipping integration tests.</skipped></testcase><testcase classname="tests.test_embedding_generation.TestEmbeddingGeneration" name="test_dict_context_storage_edge_cases" time="0.882"><skipped type="pytest.skip" message="Unable to connect to database. Skipping integration tests.">/home/runner/work/psy-supabase/psy-supabase/tests/test_embedding_generation.py:184: Unable to connect to database. Skipping integration tests.</skipped></testcase><testcase classname="tests.test_embedding_generation.TestEmbeddingGeneration" name="test_direct_batchencoding_to_device" time="0.504"><skipped type="pytest.skip" message="Unable to connect to database. Skipping integration tests.">/home/runner/work/psy-supabase/psy-supabase/tests/test_embedding_generation.py:79: Unable to connect to database. Skipping integration tests.</skipped></testcase><testcase classname="tests.test_embedding_generation.TestEmbeddingGeneration" name="test_embedding_end_to_end" time="0.493"><skipped type="pytest.skip" message="Unable to connect to database. Skipping integration tests.">/home/runner/work/psy-supabase/psy-supabase/tests/test_embedding_generation.py:264: Unable to connect to database. Skipping integration tests.</skipped></testcase><testcase classname="tests.test_embedding_generation.TestEmbeddingGeneration" name="test_embedding_when_model_not_loaded" time="0.740"><skipped type="pytest.skip" message="Unable to connect to database. Skipping integration tests.">/home/runner/work/psy-supabase/psy-supabase/tests/test_embedding_generation.py:100: Unable to connect to database. Skipping integration tests.</skipped></testcase><testcase classname="tests.test_embedding_generation.TestEmbeddingGeneration" name="test_model_manager_get_embedding_integration" time="0.799"><skipped type="pytest.skip" message="Unable to connect to database. Skipping integration tests.">/home/runner/work/psy-supabase/psy-supabase/tests/test_embedding_generation.py:130: Unable to connect to database. Skipping integration tests.</skipped></testcase><testcase classname="tests.test_embedding_generation.TestEmbeddingGeneration" name="test_tokenizer_output_handling" time="0.822"><skipped type="pytest.skip" message="Unable to connect to database. Skipping integration tests.">/home/runner/work/psy-supabase/psy-supabase/tests/test_embedding_generation.py:39: Unable to connect to database. Skipping integration tests.</skipped></testcase><testcase classname="tests.test_explainer.TestExplainer" name="test_full_pipeline_example" time="1.343" /><testcase classname="tests.test_mapping_consistency.TestMappingConsistency" name="test_approach_to_template_consistency" time="0.179" /><testcase classname="tests.test_mapping_consistency.TestMappingConsistency" name="test_pain_point_to_topic_consistency" time="66.597" /><testcase classname="tests.test_mapping_consistency.TestMappingConsistency" name="test_topic_to_emotion_consistency" time="0.152" /><testcase classname="tests.test_mapping_consistency.TestMappingConsistency" name="test_approach_visualization" time="3.673" /><testcase classname="tests.test_mapping_consistency.TestMappingConsistency" name="test_grief_related_mappings" time="0.160" /><testcase classname="tests.test_mock_verify" name="test_mock_db_manager_with_spy" time="0.168" /><testcase classname="tests.test_pain_point_database_writing.TestPainPointDatabaseWriting" name="test_pain_point_detection_returns_correct_format" time="0.156" /><testcase classname="tests.test_pain_point_database_writing.TestPainPointDatabaseWriting" name="test_add_interaction_pain_point_integration" time="0.166" /><testcase classname="tests.test_pain_point_database_writing.TestPainPointDatabaseWriting" name="test_pain_point_question_storage" time="0.154" /><testcase classname="tests.test_pain_point_database_writing.TestPainPointDatabaseWriting" name="test_metadata_structure_validation" time="0.166" /><testcase classname="tests.test_pain_point_database_writing.TestPainPointDatabaseWriting" name="test_duplicate_prevention" time="0.157" /><testcase classname="tests.test_pain_point_database_writing.TestPainPointDatabaseWriting" name="test_real_database_integration" time="0.837" /><testcase classname="tests.test_pain_point_detection.TestPainPointDetection" name="test_detect_pain_points_error_handling" time="0.165" /><testcase classname="tests.test_pain_point_detection.TestPainPointDetection" name="test_detect_pain_points_insufficient_data" time="0.180" /><testcase classname="tests.test_pain_point_detection.TestPainPointDetection" name="test_detect_pain_points_no_history" time="0.168" /><testcase classname="tests.test_pain_point_detection.TestPainPointDetection" name="test_detect_pain_points_with_real_data" time="5.019" /><testcase classname="tests.test_pain_point_detection.TestPainPointDetection" name="test_pain_point_detector_config_access" time="0.167" /><testcase classname="tests.test_pain_point_detection.TestPainPointDetection" name="test_pain_point_detector_initialization" time="0.162" /><testcase classname="tests.test_pain_point_detection.TestPainPointDetection" name="test_semantic_chunk_question_basic" time="0.197" /><testcase classname="tests.test_pain_point_detection.TestPainPointDetection" name="test_semantic_chunk_question_empty" time="0.171" /><testcase classname="tests.test_pain_point_detection.TestPainPointDetection" name="test_semantic_chunk_question_max_length" time="0.207" /><testcase classname="tests.test_pain_point_detection.TestPainPointDetection" name="test_semantic_chunk_question_single_sentence" time="0.165" /><testcase classname="tests.test_pain_point_detection" name="test_pain_point_detection_basic_functionality" time="1.814" /><testcase classname="tests.test_pain_point_detection" name="test_semantic_chunking_preserves_content" time="0.179" /><testcase classname="tests.test_pain_point_detection" name="test_pain_point_detection_empty_input" time="0.152" /><testcase classname="tests.test_pain_point_detection" name="test_pain_point_detection_threshold_parameter" time="4.128" /><testcase classname="tests.test_pain_point_detection" name="test_pain_point_detect
[...]
ntegration.py:243: Unable to connect to database. Skipping integration tests.</skipped></testcase><testcase classname="tests.test_rag_context_integration.TestRAGContextIntegration" name="test_debug_save_interaction" time="0.802"><skipped type="pytest.skip" message="Unable to connect to database. Skipping integration tests.">/home/runner/work/psy-supabase/psy-supabase/tests/test_rag_context_integration.py:407: Unable to connect to database. Skipping integration tests.</skipped></testcase><testcase classname="tests.test_rag_context_integration.TestRAGContextIntegration" name="test_fallback_to_legacy_method" time="0.750"><skipped type="pytest.skip" message="Unable to connect to database. Skipping integration tests.">/home/runner/work/psy-supabase/psy-supabase/tests/test_rag_context_integration.py:268: Unable to connect to database. Skipping integration tests.</skipped></testcase><testcase classname="tests.test_rag_context_integration.TestRAGContextIntegration" name="test_inspect_implementation" time="0.791"><skipped type="pytest.skip" message="Unable to connect to database. Skipping integration tests.">/home/runner/work/psy-supabase/psy-supabase/tests/test_rag_context_integration.py:343: Unable to connect to database. Skipping integration tests.</skipped></testcase><testcase classname="tests.test_rag_context_integration.TestRAGContextIntegration" name="test_real_context_determination" time="0.819"><skipped type="pytest.skip" message="Unable to connect to database. Skipping integration tests.">/home/runner/work/psy-supabase/psy-supabase/tests/test_rag_context_integration.py:299: Unable to connect to database. Skipping integration tests.</skipped></testcase><testcase classname="tests.test_rag_debug.TestRAGProcessorSaveInteraction" name="test_rag_processor_save_interaction_call" time="0.812"><skipped type="pytest.skip" message="Unable to connect to database. Skipping integration tests.">/home/runner/work/psy-supabase/psy-supabase/tests/test_rag_debug.py:86: Unable to connect to database. Skipping integration tests.</skipped></testcase><testcase classname="tests.test_rag_direct" name="test_rag_direct_save" time="0.181" /><testcase classname="tests.test_rag_processor.TestRAGProcessor" name="test_init" time="0.746" /><testcase classname="tests.test_rag_processor.TestRAGProcessor" name="test_process_query_new_embedding" time="0.734" /><testcase classname="tests.test_rag_processor.TestRAGProcessor" name="test_process_query_cached_embedding" time="0.726" /><testcase classname="tests.test_rag_processor.TestRAGProcessor" name="test_get_relevant_documents" time="0.734" /><testcase classname="tests.test_rag_processor.TestRAGProcessor" name="test_enhance_context_with_relevant_documents_direct_override" time="0.739" /><testcase classname="tests.test_rag_processor.TestRAGProcessor" name="test_enhance_context_with_no_documents" time="0.746" /><testcase classname="tests.test_rag_processor.TestRAGProcessor" name="test_detect_pain_points_exception_handling" time="0.756" /><testcase classname="tests.test_rag_processor.TestRAGProcessor" name="test_detect_pain_points_no_pain_point" time="0.981" /><testcase classname="tests.test_rag_processor.TestRAGProcessor" name="test_pain_point_detection_variants[pain_point_data0-True]" time="0.726" /><testcase classname="tests.test_rag_processor.TestRAGProcessor" name="test_pain_point_detection_variants[pain_point_data1-False]" time="0.732" /><testcase classname="tests.test_rag_processor.TestRAGProcessor" name="test_pain_point_detection_variants[None-False]" time="0.744" /><testcase classname="tests.test_rag_processor.TestRAGProcessor" name="test_enhance_context_with_relevant_documents" time="0.759" /><testcase classname="tests.test_rag_processor.TestRAGProcessor" name="test_generate_response_toxic_content" time="0.820" /><testcase classname="tests.test_rag_processor.TestRAGProcessor" name="test_generate_response_normal_flow" time="0.753" /><testcase classname="tests.test_rag_processor.TestRAGProcessor" name="test_get_recent_conversation_history" time="0.752" /><testcase classname="tests.test_rag_processor.TestRAGProcessor" name="test_generate_contextual_data" time="0.739" /><testcase classname="tests.test_rag_processor.TestRAGProcessor" name="test_generate_pain_point_approach" time="0.724" /><testcase classname="tests.test_rag_processor.TestRAGProcessor" name="test_json_serialization_in_metadata" time="0.749" /><testcase classname="tests.test_rag_processor.TestRAGProcessor" name="test_datetime_handling" time="0.752" /><testcase classname="tests.test_rag_processor.TestRAGProcessor" name="test_typechecked_validation" time="0.763" /><testcase classname="tests.test_rag_processor.TestRAGProcessor" name="test_json_handling_in_metadata" time="0.759" /><testcase classname="tests.test_rag_processor.TestRAGProcessor" name="test_datetime_processing" time="0.740" /><testcase classname="tests.test_rag_processor.TestRAGProcessor" name="test_dynamic_rag_retriever_integration" time="2.138" /><testcase classname="tests.test_rag_processor.TestRAGProcessor" name="test_dynamic_rag_retriever_integration1" time="2.102" /><testcase classname="tests.test_rag_processor.TestRAGProcessor" name="test_dynamic_rag_retriever_integration_with_silent_db_v1" time="2.097" /><testcase classname="tests.test_rag_processor.TestRAGProcessor" name="test_dynamic_rag_retriever_integration_with_silent_db_v2" time="0.740" /><testcase classname="tests.test_rag_save_interaction" name="test_rag_save_interaction" time="0.739" /><testcase classname="tests.test_response_quality.TestResponseQuality" name="test_response_does_not_contain_illustration_paragraph" time="6.005" /><testcase classname="tests.test_response_quality.TestResponseQuality" name="test_response_addresses_depression_content" time="33.868" /><testcase classname="tests.test_response_quality.TestResponseQuality" name="test_dynamic_retrieval_works_with_mock" time="70.987" /><testcase classname="tests.test_response_quality.TestResponseQuality" name="test_response_handles_depression_topic" time="33.750" /><testcase classname="tests.test_response_quality.TestResponseQuality" name="test_response_handles_stress_topic" time="30.345" /><testcase classname="tests.test_response_quality.TestResponseQuality" name="test_response_handles_burnout_topic" time="32.544" /><testcase classname="tests.test_response_quality.TestResponseQuality" name="test_response_handles_stigma_topic" time="39.923" /><testcase classname="tests.test_response_quality.TestResponseQuality" name="test_response_handles_coping_topic" time="36.637" /><testcase classname="tests.test_response_quality.TestResponseQuality" name="test_response_handles_support_topic" time="39.770" /><testcase classname="tests.test_response_quality.TestResponseQuality" name="test_response_handles_therapy_topic" time="39.277" /><testcase classname="tests.test_response_quality.TestResponseQuality" name="test_response_handles_mindfulness_topic" time="42.641" /><testcase classname="tests.test_response_quality.TestResponseQuality" name="test_response_handles_communication_topic" time="38.249" /><testcase classname="tests.test_response_quality.TestResponseQuality" name="test_response_handles_addiction_topic" time="49.437" /><testcase classname="tests.test_response_quality.TestResponseQuality" name="test_response_handles_suicidal_thoughts_topic" time="41.993" /><testcase classname="tests.test_response_quality.TestResponseQuality" name="test_response_handles_anger_topic" time="61.585" /><testcase classname="tests.test_response_quality.TestResponseQuality" name="test_response_handles_grief_topic" time="51.356" /><testcase classname="tests.test_response_quality.TestResponseQuality" name="test_response_handles_anxiety_topic" time="50.843" /><testcase classname="tests.test_response_quality.TestResponseQuality" name="test_response_handles_trauma_topic" time="73.469" /><testcase classname="tests.test_response_quality.TestResponseQuality" name="test_response_handles_empty_input" time="63.942" /><testcase classname="tests.test_response_quality.TestResponseQuality" name="test_response_handles_invalid_input" time="43.477" /><testcase classname="tests.test_response_quality.TestResponseQuality" name="test_response_handles_long_input" time="15.148" /><testcase classname="tests.test_response_quality.TestResponseQuality" name="test_response_handles_special_characters" time="70.992" /><testcase classname="tests.test_response_quality.TestResponseQuality" name="test_response_handles_multiple_topics" time="58.148" /><testcase classname="tests.test_response_quality.TestResponseQuality" name="test_response_handles_cultural_sensitivity" time="64.079" /><testcase classname="tests.test_response_quality.TestResponseQuality" name="test_response_handles_mental_health_resources" time="72.162" /><testcase classname="tests.test_response_quality.TestResponseQuality" name="test_response_handles_urgent_support" time="78.791" /><testcase classname="tests.test_simple_mock" name="test_mock_called" time="0.360" /><testcase classname="tests.test_simplified" name="test_rag_processor_simplified" time="0.764" /><testcase classname="tests.test_spy_object" name="test_with_autospec_mock" time="0.898" /><testcase classname="tests.test_template_debug.TestTemplateDebugging" name="test_identify_iteration_point" time="0.323" /><testcase classname="tests.test_template_debug.TestTemplateDebugging" name="test_debug_prompt_splitting" time="0.532" /><testcase classname="tests.test_template_debug.TestTemplateDebugging" name="test_isolate_mock_issues" time="0.335" /><testcase classname="tests.test_template_debug.TestTemplateDebugging" name="test_bypass_template_rendering" time="0.330" /><testcase classname="tests.test_template_debug.TestTemplateDebugging" name="test_reproduce_issue_step_by_step" time="0.553" /><testcase classname="tests.test_template_debug.TestTemplateDebugging" name="test_real_template_with_mock_functions" time="0.333" /><testcase classname="tests.test_template_debug.TestTemplateDebugging" name="test_inspect_template_loading_code" time="0.337" /><testcase classname="tests.test_template_debug.TestTemplateDebugging" name="test_pinpoint_template_render_issue" time="0.392" /><testcase classname="tests.test_template_debug.TestTemplateDebugging" name="test_fix_template_implementation" time="0.462" /><testcase classname="tests.test_template_debug.TestTemplateDebugging" name="test_example_with_clean_setup" time="1.188" /><testcase classname="tests.test_template_debug.TestTemplateDebugging" name="test_mapping_consistency" time="0.184" /><testcase classname="tests.test_text_generator.TestTextGenerator" name="test_emotion_detection_happy" time="0.318" /><testcase classname="tests.test_text_generator.TestTextGenerator" name="test_emotion_detection_sad" time="0.561" /><testcase classname="tests.test_text_generator.TestTextGenerator" name="test_emotion_detection_angry" time="0.336" /><testcase classname="tests.test_text_generator.TestTextGenerator" name="test_emotion_detection_anxious" time="0.318" /><testcase classname="tests.test_text_generator.TestTextGenerator" name="test_neutral_emotion_handling" time="0.337" /><testcase classname="tests.test_text_generator.TestTextGenerator" name="test_template_rendering" time="0.326" /><testcase classname="tests.test_text_generator.TestTextGenerator" name="test_conversation_history_integration" time="0.183" /><testcase classname="tests.test_text_generator.TestTextGenerator" name="test_emotion_detection_with_complex_input" time="0.327" /><testcase classname="tests.test_text_generator.TestTextGenerator" name="test_error_handling_in_emotion_detection" time="0.181" /><testcase classname="tests.test_text_generator.TestTextGenerator" name="test_emotion_detection_integration" time="0.552" /><testcase classname="tests.test_text_generator.TestTextGenerator" name="test_debug_emotion_detection" time="0.324" /><testcase classname="tests.test_text_generator.TestTextGenerator" name="test_emotion_detection_happy_alternative" time="0.331" /><testcase classname="tests.test_text_generator_2.TestTherapeuticResponse" name="test_emotion_analysis_and_context_creation" time="0.569" /><testcase classname="tests.test_text_generator_2.TestTherapeuticResponse" name="test_category_information_addition" time="0.346" /><testcase classname="tests.test_text_generator_2.TestTherapeuticResponse" name="test_token_count_checking_and_truncation" time="0.186" /><testcase classname="tests.test_text_generator_2.TestTherapeuticResponse" name="test_conversation_history_integration" time="0.197" /><testcase classname="tests.test_text_generator_2.TestTherapeuticResponse" name="test_short_response_handling" time="0.568" /><testcase classname="tests.test_text_generator_2.TestTherapeuticResponse" name="test_memory_optimization_for_gpu" time="0.001"><skipped type="pytest.skip" message="CUDA not available">/home/runner/work/psy-supabase/psy-supabase/tests/test_text_generator_2.py:183: CUDA not available</skipped></testcase><testcase classname="tests.test_text_generator_2.TestTherapeuticResponse" name="test_error_handling" time="0.184" /><testcase classname="tests.test_text_generator_2.TestTherapeuticResponse" name="test_emotion_analysis_with_debug" time="0.328" /><testcase classname="tests.test_text_generator_2_fix" name="test_token_count_checking_and_truncation" time="0.214" /><testcase classname="tests.test_text_generator_2_fix" name="test_conversation_history_integration" time="0.227" /><testcase classname="tests.test_text_generator_2_fix" name="test_error_handling" time="0.227" /><testcase classname="tests.test_topic_emotion_detection.TestTopicEmotionDetection" name="test_topic_detection_confidence_scores" time="0.923" /><testcase classname="tests.test_topic_emotion_detection.TestTopicEmotionDetection" name="test_emotion_detection_confidence_scores" time="0.936" /><testcase classname="tests.test_topic_emotion_detection.TestTopicEmotionDetection" name="test_subtle_topic_detection" time="0.847" /><testcase classname="tests.test_topic_emotion_detection.TestTopicEmotionDetection" name="test_database_topic_extraction" time="0.201" /><testcase classname="tests.test_topic_emotion_detection.TestTopicEmotionDetection" name="test_greeting_detection" time="1.053" /><testcase classname="tests.test_topic_emotion_detection.TestTopicEmotionDetection" name="test_ambiguous_questions_default_to_supportive_listening" time="0.942" /><testcase classname="tests.test_topic_emotion_detection.TestTopicEmotionDetection" name="test_confidence_threshold_with_priority_topics" time="0.823" /><testcase classname="tests.test_topic_emotion_detection.TestTopicEmotionDetection" name="test_analyze_question_parameters" time="0.825" /><testcase classname="tests.test_topic_emotion_detection.TestTopicEmotionDetection" name="test_topic_mapping_consistency" time="0.878" /><testcase classname="tests.test_topic_emotion_detection.TestTopicEmotionDetection" name="test_emotion_detection_accuracy" time="1.171" /><testcase classname="tests.test_utilities" name="test_detect_repetition_pattern" time="0.430" /><testcase classname="tests.test_utilities" name="test_detect_repetition_pattern_no_fixation" time="0.183" /><testcase classname="tests.test_utilities" name="test_detect_repetition_pattern_empty" time="0.176" /><testcase classname="tests.test_utilities" name="test_detect_repetition_pattern_keep_words_filtering" time="0.176" /><testcase classname="tests.test_utilities" name="test_detect_repetition_pattern_only_common_words" time="0.181" /><testcase classname="tests.test_vector_integration" name="test_database_manager_uses_vector_utils_module" time="0.179" /><testcase classname="tests.test_vector_integration" name="test_database_manager_vector_operations_error_handling" time="0.185" /><testcase classname="tests.test_vector_integration" name="test_vector_utilities_module_imported" time="0.200" /><testcase classname="tests.test_vector_utils" name="test_optimize_vector_operations_all_operations" time="0.179" /><testcase classname="tests.test_vector_utils" name="test_optimize_vector_operations_no_operations" time="0.180" /><testcase classname="tests.test_vector_utils" name="test_batch_enrich_interactions" time="0.191" /><testcase classname="tests.test_vector_utils" name="test_batch_enrich_interactions_no_data" time="0.177" /><testcase classname="tests.test_vector_utils" name="test_ensure_vector_indexes_already_exists" time="0.171" /><testcase classname="tests.test_vector_utils" name="test_ensure_vector_indexes_create_needed" time="0.199" /><testcase classname="tests.test_vector_utils" name="test_update_table_statistics_success" time="0.193" /><testcase classname="tests.test_vector_utils" name="test_update_table_statistics_error" time="0.187" /><testcase classname="tests.test_vector_utils" name="test_vector_format_validation" time="0.181" /><testcase classname="tests.test_vector_utils" name="test_find_similar_interactions_parameter_validation" time="0.192" /><testcase classname="tests.test_vector_utils" name="test_unified_vector_search" time="0.193" /><testcase classname="tests.test_vector_utils_integration.TestVectorUtilsIntegration" name="test_batch_enrich_interactions" time="0.935"><failure message="AttributeError: 'method' object has no attribute 'side_effect'">tests/test_vector_utils_integration.py:71: in setUp
    self.db_manager.supabase.rpc.side_effect = mock_side_effect
E   AttributeError: 'method' object has no attribute 'side_effect'</failure></testcase><testcase classname="tests.test_vector_utils_integration.TestVectorUtilsIntegration" name="test_format_vector_for_pgvector" time="0.903"><failure message="AttributeError: 'method' object has no attribute 'side_effect'">tests/test_vector_utils_integration.py:71: in setUp
    self.db_manager.supabase.rpc.side_effect = mock_side_effect
E   AttributeError: 'method' object has no attribute 'side_effect'</failure></testcase><testcase classname="tests.test_vector_utils_integration.TestVectorUtilsIntegration" name="test_optimize_vector_operations_integration" time="0.912"><failure message="AttributeError: 'method' object has no attribute 'side_effect'">tests/test_vector_utils_integration.py:71: in setUp
    self.db_manager.supabase.rpc.side_effect = mock_side_effect
E   AttributeError: 'method' object has no attribute 'side_effect'</failure></testcase><testcase classname="tests.test_vector_utils_integration.TestVectorUtilsIntegration" name="test_parameter_validation" time="0.850"><failure message="AttributeError: 'method' object has no attribute 'side_effect'">tests/test_vector_utils_integration.py:71: in setUp
    self.db_manager.supabase.rpc.side_effect = mock_side_effect
E   AttributeError: 'method' object has no attribute 'side_effect'</failure></testcase><testcase classname="tests.test_vector_utils_integration.TestVectorUtilsIntegration" name="test_real_db_ensure_vector_indexes" time="0.852"><failure message="AttributeError: 'method' object has no attribute 'side_effect'">tests/test_vector_utils_integration.py:71: in setUp
    self.db_manager.supabase.rpc.side_effect = mock_side_effect
E   AttributeError: 'method' object has no attribute 'side_effect'</failure></testcase><testcase classname="tests.test_vector_utils_integration.TestVectorUtilsIntegration" name="test_unified_vector_search" time="0.950"><failure message="AttributeError: 'method' object has no attribute 'side_effect'">tests/test_vector_utils_integration.py:71: in setUp
    self.db_manager.supabase.rpc.side_effect = mock_side_effect
E   AttributeError: 'method' object has no attribute 'side_effect'</failure></testcase><testcase classname="tests.test_vector_utils_integration.TestVectorUtilsIntegration" name="test_validate_vector_format" time="1.728"><failure message="AttributeError: 'method' object has no attribute 'side_effect'">tests/test_vector_utils_integration.py:71: in setUp
    self.db_manager.supabase.rpc.side_effect = mock_side_effect
E   AttributeError: 'method' object has no attribute 'side_effect'</failure></testcase></testsuite></testsuites>