<?xml version="1.0" encoding="utf-8"?><testsuites><testsuite name="pytest" errors="0" failures="21" skipped="1" tests="257" time="272.573" timestamp="2025-04-09T13:17:54.108071+00:00" hostname="fv-az1308-696"><testcase classname="tests.test_approach_mapping.TestApproachMapping" name="test_case_insensitivity" time="0.696" /><testcase classname="tests.test_approach_mapping.TestApproachMapping" name="test_common_variations" time="0.609" /><testcase classname="tests.test_approach_mapping.TestApproachMapping" name="test_direct_matches" time="0.612" /><testcase classname="tests.test_approach_mapping.TestApproachMapping" name="test_fallback_for_unknown_approaches" time="0.616" /><testcase classname="tests.test_approach_mapping.TestApproachMapping" name="test_integration_with_pain_point_results" time="0.650" /><testcase classname="tests.test_approach_mapping.TestApproachMapping" name="test_mock_objects" time="0.670" /><testcase classname="tests.test_approach_mapping.TestApproachMapping" name="test_null_or_empty_values" time="0.660" /><testcase classname="tests.test_approach_mapping.TestApproachMapping" name="test_partial_matches" time="0.694" /><testcase classname="tests.test_associative_memory.TestDynamicRAG" name="test_associative_query_chain" time="0.121" /><testcase classname="tests.test_associative_memory.TestDynamicRAG" name="test_caching_with_associations_dynamic_rag" time="0.118" /><testcase classname="tests.test_associative_memory.TestDynamicRAG" name="test_empty_related_topics" time="0.118" /><testcase classname="tests.test_associative_memory.TestDynamicRAG" name="test_format_of_associated_results_dynamic_rag" time="0.107" /><testcase classname="tests.test_associative_memory.TestDynamicRAG" name="test_multi_topic_associations_dynamic_rag" time="0.105" /><testcase classname="tests.test_associative_memory.TestDynamicRAG" name="test_no_associative_results" time="0.111" /><testcase classname="tests.test_associative_memory" name="test_associative_query_chain" time="66.710" /><testcase classname="tests.test_associative_memory" name="test_caching_with_associations" time="5.800" /><testcase classname="tests.test_associative_memory" name="test_format_of_associated_results" time="4.566" /><testcase classname="tests.test_associative_memory" name="test_multi_topic_associations" time="5.960" /><testcase classname="tests.test_basic_mock" name="test_direct_mock" time="0.116" /><testcase classname="tests.test_context_debug" name="test_simple_context_extraction" time="0.113" /><testcase classname="tests.test_context_reuse.TestContextReuse" name="test_complex_context_handling_in_generation" time="0.639" /><testcase classname="tests.test_context_reuse.TestContextReuse" name="test_context_building_with_different_pain_points" time="0.435" /><testcase classname="tests.test_context_reuse.TestContextReuse" name="test_context_reuse_with_real_embedding" time="1.648" /><testcase classname="tests.test_context_reuse.TestContextReuse" name="test_dict_context_in_save_interaction" time="2.994" /><testcase classname="tests.test_context_reuse.TestContextReuse" name="test_dynamic_retriever_integration_with_context" time="0.460" /><testcase classname="tests.test_context_reuse.TestContextReuse" name="test_embedding_reuse_in_pipeline" time="1.175" /><testcase classname="tests.test_context_reuse.TestContextReuse" name="test_empty_and_edge_case_contexts" time="0.598" /><testcase classname="tests.test_context_reuse.TestContextReuse" name="test_enhance_context_with_relevant_documents" time="0.646" /><testcase classname="tests.test_database.TestDatabaseManager" name="test_init" time="0.122" /><testcase classname="tests.test_database.TestDatabaseManager" name="test_create_user_schema_sync" time="0.117" /><testcase classname="tests.test_database.TestDatabaseManager" name="test_create_user_schema_error" time="0.116" /><testcase classname="tests.test_database.TestDatabaseManager" name="test_get_conversation_history" time="0.128" /><testcase classname="tests.test_database.TestDatabaseManager" name="test_get_conversation_history_empty" time="0.119" /><testcase classname="tests.test_database.TestDatabaseManager" name="test_get_conversation_history_error" time="0.131" /><testcase classname="tests.test_database.TestDatabaseManager" name="test_add_interaction_success" time="0.795" /><testcase classname="tests.test_database.TestDatabaseManager" name="test_add_interaction_rpc_failure_fallback" time="0.119" /><testcase classname="tests.test_database.TestDatabaseManager" name="test_add_interaction_with_empty_question" time="0.120" /><testcase classname="tests.test_database.TestDatabaseManager" name="test_add_interaction_skips_embedding_for_empty_question" time="0.117" /><testcase classname="tests.test_database.TestDatabaseManager" name="test_add_interaction_both_methods_fail" time="0.116" /><testcase classname="tests.test_database.TestDatabaseManager" name="test_add_document_to_knowledge_base" time="0.115" /><testcase classname="tests.test_database.TestDatabaseManager" name="test_add_document_with_numpy_array" time="0.114" /><testcase classname="tests.test_database.TestDatabaseManager" name="test_find_similar_documents" time="0.115" /><testcase classname="tests.test_database.TestDatabaseManager" name="test_find_similar_documents_type_checking" time="0.801" /><testcase classname="tests.test_database.TestDatabaseManager" name="test_get_conversation_history_empty_session" time="0.117" /><testcase classname="tests.test_database.TestDatabaseManager" name="test_get_all_documents_and_embeddings" time="0.116" /><testcase classname="tests.test_database.TestDatabaseManager" name="test_get_topic_interactions" time="0.115" /><testcase classname="tests.test_database.TestDatabaseManager" name="test_get_high_quality_interactions" time="0.138" /><testcase classname="tests.test_database.TestDatabaseManager" name="test_sanitize_schema_name" time="0.115" /><testcase classname="tests.test_database.TestDatabaseManager" name="test_connect_psychological_concepts" time="0.116" /><testcase classname="tests.test_database.TestDatabaseManager" name="test_connect_psychological_concepts_error" time="0.113" /><testcase classname="tests.test_database.TestDatabaseManager" name="test_extract_psychological_themes" time="0.116" /><testcase classname="tests.test_database.TestDatabaseManager" name="test_extract_psychological_themes_empty" time="0.114" /><testcase classname="tests.test_database.TestDatabaseManager" name="test_extract_psychological_themes_content_analysis" time="0.113" /><testcase classname="tests.test_database.TestDatabaseManager" name="test_analyze_emotional_vector_trajectory" time="0.115" /><testcase classname="tests.test_database.TestDatabaseManager" name="test_analyze_emotional_vector_trajectory_empty" time="0.113" /><testcase classname="tests.test_database.TestDatabaseManager" name="test_analyze_emotional_vector_trajectory_invalid_metadata" time="0.126" /><testcase classname="tests.test_database.TestDatabaseManager" name="test_start_therapy_session" time="0.119" /><testcase classname="tests.test_database.TestDatabaseManager" name="test_start_therapy_session_failure" time="0.116" /><testcase classname="tests.test_database.TestDatabaseManager" name="test_start_therapy_session_error" time="0.115" /><testcase classname="tests.test_database.TestDatabaseManager" name="test_mark_therapeutic_insight" time="0.115" /><testcase classname="tests.test_database.TestDatabaseManager" name="test_mark_therapeutic_insight_null_metadata" time="0.115" /><testcase classname="tests.test_database.TestDatabaseManager" name="test_mark_therapeutic_insight_error" time="0.114" /><testcase classname="tests.test_database.TestDatabaseManager" name="test_schema_creation_with_existing_schema" time="0.115" /><testcase classname="tests.test_database.TestDatabaseManager" name="test_add_vector_index_with_existing_index" time="0.117" /><testcase classname="tests.test_database.TestDatabaseManager" name="test_sanitize_inputs" time="0.787" /><testcase classname="tests.test_database.TestDatabaseManager" name="test_database_connection_error_recovery" time="0.118" /><testcase classname="tests.test_database.TestDatabaseManager" name="test_verify_schema_structure" time="0.116" /><testcase classname="tests.test_database.TestDatabaseManager" name="test_verify_schema_structure_with_mocking" time="0.130" /><testcase classname="tests.test_database.TestDatabaseManager" name="test_database_error_handling" time="0.118" /><testcase classname="tests.test_database.TestDatabaseManager" name="test_schema_validation" time="0.116" /><testcase classname="tests.test_database.TestDatabaseManager" name="test_unicode_handling" time="0.897" /><testcase classname="tests.test_database.TestDatabaseManager" name="test_schema_existence_checking" time="0.116" /><testcase classname="tests.test_database.TestDatabaseManager" name="test_basic_text_handling" time="0.846" /><testcase classname="tests.test_database.TestDatabaseManager" name="test_find_similar_documents_via_rpc" time="0.118" /><testcase classname="tests.test_database.TestDatabaseManager" name="test_find_similar_documents_by_embedding" time="0.115" /><testcase classname="tests.test_database.TestDatabaseManager" name="test_initialize_knowledge_base" time="0.122" /><testcase classname="tests.test_database.TestDatabaseManager" name="test_optimize_vector_operations" time="0.118" /><testcase classname="tests.test_database.TestDatabaseManager" name="test_ensure_vector_indexes" time="0.116" /><testcase classname="tests.test_database.TestDatabaseManager" name="test_update_table_statistics" time="0.119" /><testcase classname="tests.test_database_error_handling.TestDatabaseErrorHandling" name="test_analyze_emotional_response_handles_dict_format" time="0.605" /><testcase classname="tests.test_database_error_handling.TestDatabaseErrorHandling" name="test_analyze_emotional_response_handles_list_format" time="0.632" /><testcase classname="tests.test_database_error_handling.TestDatabaseErrorHandling" name="test_inspect_implementation" time="0.428" /><testcase classname="tests.test_database_functions.TestDatabaseFunctions" name="test_save_and_retrieve_with_session_id" time="7.160" /><testcase classname="tests.test_database_functions.TestDatabaseFunctions" name="test_find_similar_documents_with_session_id" time="12.526" /><testcase classname="tests.test_database_functions.TestDatabaseFunctions" name="test_dynamic_rag_with_session_id" time="13.403" /><testcase classname="tests.test_db_manager_mock" name="test_db_manager_mock_save_interaction" time="0.128" /><testcase classname="tests.test_diagnostic" name="test_diagnostic_rag_processor" time="0.122" /><testcase classname="tests.test_direct_rag" name="test_rag_implementation_check" time="0.122" /><testcase classname="tests.test_dynamic_rag.TestDynamicRAGRetriever" name="test_combined_retrieval_workflow" time="0.758" /><testcase classname="tests.test_dynamic_rag.TestDynamicRAGRetriever" name="test_get_knowledge_by_query" time="0.526" /><testcase classname="tests.test_dynamic_rag.TestDynamicRAGRetriever" name="test_get_knowledge_by_query_caching" time="0.429" /><testcase classname="tests.test_dynamic_rag.TestDynamicRAGRetriever" name="test_get_pain_point" time="0.645" /><testcase classname="tests.test_dynamic_rag.TestDynamicRAGRetriever" name="test_get_past_interactions" time="0.620" /><testcase classname="tests.test_dynamic_rag.TestDynamicRAGRetriever" name="test_get_past_interactions_by_topic" time="0.626" /><testcase classname="tests.test_dynamic_rag.TestDynamicRAGRetriever" name="test_similarity_formatting" time="0.653" /><testcase classname="tests.test_dynamic_rag.TestDynamicRAGRetriever" name="test_template_existence" time="0.630" /><testcase classname="tests.test_dynamic_rag.TestDynamicRAGRetriever" name="test_template_selection_with_anxiety" time="0.440" /><testcase classname="tests.test_dynamic_rag_edge_cases.TestDynamicRAGEdgeCases" name="test_database_error_handling" time="0.125" /><testcase classname="tests.test_dynamic_rag_edge_cases.TestDynamicRAGEdgeCases" name="test_empty_input_handling" time="0.121" /><testcase classname="tests.test_dynamic_rag_edge_cases.TestDynamicRAGEdgeCases" name="test_empty_results_handling" time="0.120" /><testcase classname="tests.test_dynamic_rag_edge_cases.TestDynamicRAGEdgeCases" name="test_special_characters_input" time="0.118" /><testcase classname="tests.test_dynamic_rag_edge_cases.TestDynamicRAGIntegration" name="test_large_scale_caching" time="0.135" /><testcase classname="tests.test_embedding_generation.TestEmbeddingGeneration" name="test_device_handling" time="8.900" /><testcase classname="tests.test_embedding_generation.TestEmbeddingGeneration" name="test_dict_context_storage" time="3.643" /><testcase classname="tests.test_embedding_generation.TestEmbeddingGeneration" name="test_dict_context_storage_edge_cases" time="9.256" /><testcase classname="tests.test_embedding_generation.TestEmbeddingGeneration" name="test_direct_batchencoding_to_device" time="1.647" /><testcase classname="tests.test_embedding_generation.TestEmbeddingGeneration" name="test_embedding_end_to_end" time="4.078" /><testcase classname="tests.test_embedding_generation.TestEmbeddingGeneration" name="test_embedding_when_model_not_loaded" time="1.812" /><testcase classname="tests.test_embedding_generation.TestEmbeddingGeneration" name="test_real_batchencoding_handling" time="2.757" /><testcase classname="tests.test_embedding_generation.TestEmbeddingGeneration" name="test_tokenizer_output_handling" time="2.049" /><testcase classname="tests.test_mock_verify" name="test_mock_db_manager_with_spy" time="0.130" /><testcase classname="tests.test_pattern" name="test_rag_processor_consistent_pattern" time="0.129" /><testcase classname="tests.test_quick_fix" name="test_mock_exact_responses" time="0.125" /><testcase classname="tests.test_rag_context_determination" name="test_determine_context" time="0.134" /><testcase classname="tests.test_rag_context_determination" name="test_extract_relevant_interactions" time="0.121" /><testcase classname="tests.test_rag_context_determination" name="test_format_interactions_as_context" time="0.117" /><testcase classname="tests.test_rag_context_determination" name="test_create_context_from_similar_interactions" time="0.116" /><testcase classname="tests.test_rag_context_determination" name="test_context_determination_from_topic" time="0.119" /><testcase classname="tests.test_rag_context_determination" name="test_context_determination_from_category_info" time="0.118" /><testcase classname="tests.test_rag_context_determination" name="test_context_fallback_to_therapeutic_dialogue" time="0.119" /><testcase classname="tests.test_rag_context_determination" name="test_context_from_pain_point" time="0.117" /><testcase classname="tests.test_rag_context_integration.TestRAGContextIntegration" name="test_combined_context_generation" time="6.658" /><testcase classname="tests.test_rag_context_integration.TestRAGContextIntegration" name="test_context_determination_integration" time="7.386" /><testcase classname="tests.test_rag_context_integration.TestRAGContextIntegration" name="test_context_sources_in_metadata" time="6.919" /><testcase classname="tests.test_rag_context_integration.TestRAGContextIntegration" name="test_debug_save_interaction" time="8.182" /><testcase classname="tests.test_rag_context_integration.TestRAGContextIntegration" name="test_fallback_to_legacy_method" time="7.575" /><testcase classname="tests.test_rag_context_integration.TestRAGContextIntegration" name="test_inspect_implementation" time="7.956" /><testcase classname="tests.test_rag_context_integration.TestRAGContextIntegration" name="test_real_context_determination" time="7.910" /><testcase classname="tests.test_rag_debug.TestRAGProcessorSaveInteraction" name="test_rag_processor_save_interaction_call" time="1.225" /><testcase classname="tests.test_rag_direct" name="test_rag_direct_save" time="0.142" /><testcase classname="tests.test_rag_processor.TestRAGProcessor" name="test_init" time="0.136" /><testcase classname="tests.test_rag_processor.TestRAGProcessor" name="test_process_query_new_embedding" time="0.121" /><testcase classname="tests.test_rag_processor.TestRAGProcessor" name="test_process_query_cached_embedding" time="0.119" /><testcase classname="tests.test_rag_processor.TestRAGProcessor" name="test_get_relevant_documents" time="0.118" /><testcase classname="tests.test_rag_processor.TestRAGProcessor" name="test_enhance_context_with_relevant_documents_direct_override" time="0.118" /><testcase classname="tests.test_rag_processor.TestRAGProcessor" name="test_enhance_context_with_no_documents" time="0.116" /><testcase classname="tests.test_rag_processor.TestRAGProcessor" name="test_detect_pain_points_exception_handling" time="0.119" /><testcase classname="tests.test_rag_processor.TestRAGProcessor" name="test_detect_pain_points_no_pain_point" time="0.118" /><testcase classname="tests.test_rag_processor.TestRAGProcessor" name="test_pain_point_detection_variants[pain_point_data0-True]" time="0.140" /><testcase classname="tests.test_rag_processor.TestRAGProcessor" name="test_pain_point_detection_variants[pain_point_data1-False]" time="0.126" /><testcase classname="tests.test_rag_processor.TestRAGProcessor" name="test_pain_point_detection_variants[None-False]" time="0.120" /><testcase classname="tests.test_rag_processor.TestRAGProcessor" name="test_enhance_context_with_relevant_documents" time="0.119" /><testcase classname="tests.test_rag_processor.TestRAGProcessor" name="test_generate_response_toxic_content" time="0.125" /><testcase classname="tests.test_rag_processor.TestRAGProcessor" name="test_generate_response_normal_flow" time="0.129" /><testcase classname="tests.test_rag_processor.TestRAGProcessor" name="test_get_recent_conversation_history" time="0.119" /><testcase classname="tests.test_rag_processor.TestRAGProcessor" name="test_generate_contextual_data" time="0.121" /><testcase classname="tests.test_rag_processor.TestRAGProcessor" name="test_generate_pain_point_approach" time="0.124" /><testcase classname="tests.test_rag_processor.TestRAGProcessor" name="test_json_serialization_in_metadata" time="0.135" /><testcase classname="tests.test_rag_processor.TestRAGProcessor" name="test_datetime_handling" time="0.119" /><testcase classname="tests.test_rag_processor.TestRAGProcessor" name="test_typechecked_validation" time="0.150" /><testcase classname="tests.test_rag_processor.TestRAGProcessor" name="test_json_handling_in_metadata" time="0.120" /><testcase classname="tests.test_rag_processor.TestRAGProcessor" name="test_datetime_processing" time="0.120" /><testcase classname="tests.test_rag_processor.TestRAGProcessor" name="test_typeguard_validation" time="0.151" /><testcase classname="tests.test_rag_processor.TestRAGProcessor" name="test_dynamic_rag_retriever_integration" time="0.841" /><testcase classname="tests.test_rag_processor.TestRAGProcessor" name="test_dynamic_rag_retriever_integration1" time="0.826" /><testcase classname="tests.test_rag_processor.TestRAGProcessor" name="test_database_initialization_with_constants" time="0.124" /><testcase classname="tests.test_rag_processor.TestRAGProcessor" name="test_rag_processor_with_real_connection_params" time="0.129" /><testcase classname="tests.test_rag_processor.TestRAGProcessor" name="test_dynamic_rag_retriever_integration_with_silent_db" time="0.836" /><testcase classname="tests.test_rag_save_interaction" name="test_rag_save_interaction" time="0.130" /><testcase classname="tests.test_response_quality.TestResponseQuality" name="test_response_does_not_contain_illustration_paragraph" time="0.260"><failure message="assert &quot;Here's a response with helpful content.&quot; in 'I cannot respond to this type of content. Please use respectful and appropriate language.'">self = &lt;tests.test_response_quality.TestResponseQuality object at 0x7fe974125330&gt;
setup_response_generator = &lt;psy_supabase.core.rag_processor.RAGProcessor object at 0x7fe96009d540&gt;

        def test_response_does_not_contain_illustration_paragraph(self, setup_response_generator):
            """Ensure responses don't contain 'Illustration paragraph' pattern."""
            rag_processor = setup_response_generator
    
            # Mock the generate_text method to return a problematic response
            problematic_response = """Here's a response with helpful content.
    
    Illustration paragraph: This should be removed but leave other content intact.
    
    This part should remain in the final output and provide enough length to pass the test.
    This is quality therapeutic content about depression that should be preserved."""
    
            # Patch the method that generates text
            with patch.object(rag_processor.text_generator, 'generate_text', return_value=problematic_response):
                # Generate a response
                response = rag_processor.generate_response(
                    "I am feeling sad and don't know what to do please help me",
                    session_id="test_response_quality"
                )
    
                # Debug output for troubleshooting
                print(f"Original length: {len(problematic_response)}")
                print(f"Cleaned length: {len(response)}")
                print(f"Response: {response}")
    
                # Check that we got a non-empty response
                assert response, "Response should not be empty"
                assert len(response) &gt; 20, "Response should have meaningful length"
    
                # Verify problematic patterns are removed
                assert "Illustration paragraph:" not in response
&gt;               assert "Here's a response with helpful content." in response
E               assert "Here's a response with helpful content." in 'I cannot respond to this type of content. Please use respectful and appropriate language.'

tests/test_response_quality.py:124: AssertionError</failure></testcase><testcase classname="tests.test_response_quality.TestResponseQuality" name="test_response_addresses_depression_content" time="0.240"><failure message="AssertionError: Response should contain therapeutic language. Found: []&#10;assert 0 &gt;= 1&#10; +  where 0 = len([])">self = &lt;tests.test_response_quality.TestResponseQuality object at 0x7fe9741250f0&gt;
setup_response_generator = &lt;psy_supabase.core.rag_processor.RAGProcessor object at 0x7fe9600c37c0&gt;

        def test_response_addresses_depression_content(self, setup_response_generator):
            """Ensure responses address the emotional content of the query."""
            rag_processor = setup_response_generator
    
            # Mock the generate_text method with a response that will survive cleaning
            mock_response = """I understand you're feeling down. Depression can be challenging to navigate, and your feelings are valid.
    
    There are several approaches that might help, including talking to a therapist or exploring self-care activities that bring you joy.
    
    Would you like to discuss some strategies that could help with your feelings of sadness?"""
    
            with patch.object(rag_processor.text_generator, 'generate_text', return_value=mock_response):
                # Use a depression-related question
                response = rag_processor.generate_response(
                    "I've been feeling really down lately and can't find motivation",
                    session_id="test_response_quality"
                )
    
                # Debug output
                print(f"Response length: {len(response)}")
                print(f"Response: {response}")
    
                # Should contain empathetic/therapeutic language
                therapeutic_phrases = [
                    "understand", "feel", "depression", "support",
                    "help", "therapy", "emotion", "difficult"
                ]
    
                # At least some therapeutic content should be present
                matches = [phrase for phrase in therapeutic_phrases if phrase.lower() in response.lower()]
&gt;               assert len(matches) &gt;= 1, f"Response should contain therapeutic language. Found: {matches}"
E               AssertionError: Response should contain therapeutic language. Found: []
E               assert 0 &gt;= 1
E                +  where 0 = len([])

tests/test_response_quality.py:157: AssertionError</failure></testcase><testcase classname="tests.test_response_quality.TestResponseQuality" name="test_dynamic_retrieval_works_with_mock" time="0.233" /><testcase classname="tests.test_response_quality.TestResponseQuality" name="test_response_handles_depression_topic" time="0.247"><failure message="AssertionError: Response should mention depression&#10;assert 'depression' in 'i cannot respond to this type of content. please use respectful and appropriate language.'&#10; +  where 'i cannot respond to this type of content. please use respectful and appropriate language.' = &lt;built-in method lower of str object at 0x7fe9747d88a0&gt;()&#10; +    where &lt;built-in method lower of str object at 0x7fe9747d88a0&gt; = 'I cannot respond to this type of content. Please use respectful and appropriate language.'.lower">self = &lt;tests.test_response_quality.TestResponseQuality object at 0x7fe974124a00&gt;
setup_response_generator = &lt;psy_supabase.core.rag_processor.RAGProcessor object at 0x7fe9600b4e80&gt;

    def test_response_handles_depression_topic(self, setup_response_generator):
        """Test that depression-related queries receive appropriate responses."""
        rag_processor = setup_response_generator
    
        mock_response = """I understand you're feeling down. Depression can be challenging to navigate, and your feelings are valid.
    
        There are several approaches that might help, including talking to a therapist or exploring self-care activities that bring you joy.
    
        Would you like to discuss some strategies that could help with your feelings of sadness?"""
    
        with patch.object(rag_processor.text_generator, 'generate_text', return_value=mock_response):
            response = rag_processor.generate_response(
                "I've been feeling really down lately and can't find motivation",
                session_id="test_depression"
            )
    
            print(f"Depression response: {response}")
    
            # Verify response quality
&gt;           assert "depression" in response.lower(), "Response should mention depression"
E           AssertionError: Response should mention depression
E           assert 'depression' in 'i cannot respond to this type of content. please use respectful and appropriate language.'
E            +  where 'i cannot respond to this type of content. please use respectful and appropriate language.' = &lt;built-in method lower of str object at 0x7fe9747d88a0&gt;()
E            +    where &lt;built-in method lower of str object at 0x7fe9747d88a0&gt; = 'I cannot respond to this type of content. Please use respectful and appropriate language.'.lower

tests/test_response_quality.py:208: AssertionError</failure></testcase><testcase classname="tests.test_response_quality.TestResponseQuality" name="test_response_handles_stress_topic" time="0.266"><failure message="AssertionError: Response should mention stress&#10;assert 'stress' in 'i cannot respond to this type of content. please use respectful and appropriate language.'&#10; +  where 'i cannot respond to this type of content. please use respectful and appropriate language.' = &lt;built-in method lower of str object at 0x7fe9747d88a0&gt;()&#10; +    where &lt;built-in method lower of str object at 0x7fe9747d88a0&gt; = 'I cannot respond to this type of content. Please use respectful and appropriate language.'.lower">self = &lt;tests.test_response_quality.TestResponseQuality object at 0x7fe9741247c0&gt;
setup_response_generator = &lt;psy_supabase.core.rag_processor.RAGProcessor object at 0x7fe960097970&gt;

    def test_response_handles_stress_topic(self, setup_response_generator):
        """Test that stress-related queries receive appropriate responses."""
        rag_processor = setup_response_generator
    
        mock_response = """I understand that you're feeling stressed. It's a common experience, and it's important to acknowledge it.
    
        Stress can be managed through various techniques such as mindfulness, exercise, and time management strategies.
    
        Would you like to explore some specific techniques that might help you cope with stress?"""
    
        with patch.object(rag_processor.text_generator, 'generate_text', return_value=mock_response):
            response = rag_processor.generate_response(
                "I'm overwhelmed with work and personal life",
                session_id="test_stress"
            )
    
            print(f"Stress response: {response}")
    
            # Verify response quality
&gt;           assert "stress" in response.lower(), "Response should mention stress"
E           AssertionError: Response should mention stress
E           assert 'stress' in 'i cannot respond to this type of content. please use respectful and appropriate language.'
E            +  where 'i cannot respond to this type of content. please use respectful and appropriate language.' = &lt;built-in method lower of str object at 0x7fe9747d88a0&gt;()
E            +    where &lt;built-in method lower of str object at 0x7fe9747d88a0&gt; = 'I cannot respond to this type of content. Please use respectful and appropriate language.'.lower

tests/test_response_quality.py:231: AssertionError</failure></testcase><testcase classname="tests.test_response_quality.TestResponseQuality" name="test_response_handles_burnout_topic" time="0.232"><failure message="AssertionError: Response should mention burnout&#10;assert 'burnout' in 'i cannot respond to this type of content. please use respectful and appropriate language.'&#10; +  where 'i cannot respond to this type of content. please use respectful and appropriate language.' = &lt;built-in method lower of str object at 0x7fe9747d88a0&gt;()&#10; +    where &lt;built-in method lower of str object at 0x7fe9747d88a0&gt; = 'I cannot respond to this type of content. Please use respectful and appropriate language.'.lower">self = &lt;tests.test_response_quality.TestResponseQuality object at 0x7fe974126170&gt;
setup_response_generator = &lt;psy_supabase.core.rag_processor.RAGProcessor object at 0x7fe9704a05e0&gt;

    def test_response_handles_burnout_topic(self, setup_response_generator):
        """Test that burnout-related queries receive appropriate responses."""
        rag_processor = setup_response_generator
    
        mock_response = """I understand you're feeling burnt out. It's a serious condition that can affect both your mental and physical health.
    
        Taking breaks, setting boundaries, and seeking support from friends or professionals can be effective ways to combat burnout.
    
        Would you like to discuss some strategies that might help you recover from burnout?"""
    
        with patch.object(rag_processor.text_generator, 'generate_text', return_value=mock_response):
            response = rag_processor.generate_response(
                "I'm exhausted and can't keep up with everything",
                session_id="test_burnout"
            )
    
            print(f"Burnout response: {response}")
    
            # Verify response quality
&gt;           assert "burnout" in response.lower(), "Response should mention burnout"
E           AssertionError: Response should mention burnout
E           assert 'burnout' in 'i cannot respond to this type of content. please use respectful and appropriate language.'
E            +  where 'i cannot respond to this type of content. please use respectful and appropriate language.' = &lt;built-in method lower of str object at 0x7fe9747d88a0&gt;()
E            +    where &lt;built-in method lower of str object at 0x7fe9747d88a0&gt; = 'I cannot respond to this type of content. Please use respectful and appropriate language.'.lower

tests/test_response_quality.py:254: AssertionError</failure></testcase><testcase classname="tests.test_response_quality.TestResponseQuality" name="test_response_handles_stigma_topic" time="0.235"><failure message="AssertionError: Response should mention stigma&#10;assert 'stigma' in 'i cannot respond to this type of content. please use respectful and appropriate language.'&#10; +  where 'i cannot respond to this type of content. please use respectful and appropriate language.' = &lt;built-in method lower of str object at 0x7fe9747d88a0&gt;()&#10; +    where &lt;built-in method lower of str object at 0x7fe9747d88a0&gt; = 'I cannot respond to this type of content. Please use respectful and appropriate language.'.lower">self = &lt;tests.test_response_quality.TestResponseQuality object at 0x7fe9741263e0&gt;
setup_response_generator = &lt;psy_supabase.core.rag_processor.RAGProcessor object at 0x7fe97043fca0&gt;

    def test_response_handles_stigma_topic(self, setup_response_generator):
        """Test that stigma-related queries receive appropriate responses."""
        rag_processor = setup_response_generator
    
        mock_response = """Stigma around mental health is a significant barrier for many. It's important to remember that seeking help is a sign of strength, not weakness.
    
        Education and open conversations can help reduce stigma. Would you like to discuss how to approach this topic with others?"""
    
        with patch.object(rag_processor.text_generator, 'generate_text', return_value=mock_response):
            response = rag_processor.generate_response(
                "I'm worried about what others will think if I seek help for my mental health",
                session_id="test_stigma"
            )
    
            print(f"Stigma response: {response}")
    
            # Verify response quality
&gt;           assert "stigma" in response.lower(), "Response should mention stigma"
E           AssertionError: Response should mention stigma
E           assert 'stigma' in 'i cannot respond to this type of content. please use respectful and appropriate language.'
E            +  where 'i cannot respond to this type of content. please use respectful and appropriate language.' = &lt;built-in method lower of str object at 0x7fe9747d88a0&gt;()
E            +    where &lt;built-in method lower of str object at 0x7fe9747d88a0&gt; = 'I cannot respond to this type of content. Please use respectful and appropriate language.'.lower

tests/test_response_quality.py:274: AssertionError</failure></testcase><testcase classname="tests.test_response_quality.TestResponseQuality" name="test_response_handles_coping_topic" time="0.234"><failure message="AssertionError: Response should mention coping&#10;assert 'coping' in 'i cannot respond to this type of content. please use respectful and appropriate language.'&#10; +  where 'i cannot respond to this type of content. please use respectful and appropriate language.' = &lt;built-in method lower of str object at 0x7fe9747d88a0&gt;()&#10; +    where &lt;built-in method lower of str object at 0x7fe9747d88a0&gt; = 'I cannot respond to this type of content. Please use respectful and appropriate language.'.lower">self = &lt;tests.test_response_quality.TestResponseQuality object at 0x7fe974126770&gt;
setup_response_generator = &lt;psy_supabase.core.rag_processor.RAGProcessor object at 0x7fe9606debf0&gt;

    def test_response_handles_coping_topic(self, setup_response_generator):
        """Test that coping-related queries receive appropriate responses."""
        rag_processor = setup_response_generator
    
        mock_response = """Coping strategies are essential for managing stress and emotional challenges. Some effective techniques include mindfulness, journaling, and physical activity.
    
        Would you like to explore some specific coping strategies that might work for you?"""
    
        with patch.object(rag_processor.text_generator, 'generate_text', return_value=mock_response):
            response = rag_processor.generate_response(
                "What are some good ways to cope with stress?",
                session_id="test_coping"
            )
    
            print(f"Coping response: {response}")
    
            # Verify response quality
&gt;           assert "coping" in response.lower(), "Response should mention coping"
E           AssertionError: Response should mention coping
E           assert 'coping' in 'i cannot respond to this type of content. please use respectful and appropriate language.'
E            +  where 'i cannot respond to this type of content. please use respectful and appropriate language.' = &lt;built-in method lower of str object at 0x7fe9747d88a0&gt;()
E            +    where &lt;built-in method lower of str object at 0x7fe9747d88a0&gt; = 'I cannot respond to this type of content. Please use respectful and appropriate language.'.lower

tests/test_response_quality.py:294: AssertionError</failure></testcase><testcase classname="tests.test_response_quality.TestResponseQuality" name="test_response_handles_support_topic" time="0.258"><failure message="AssertionError: Response should mention support&#10;assert 'support' in 'i cannot respond to this type of content. please use respectful and appropriate language.'&#10; +  where 'i cannot respond to this type of content. please use respectful and appropriate language.' = &lt;built-in method lower of str object at 0x7fe9747d88a0&gt;()&#10; +    where &lt;built-in method lower of str object at 0x7fe9747d88a0&gt; = 'I cannot respond to this type of content. Please use respectful and appropriate language.'.lower">self = &lt;tests.test_response_quality.TestResponseQuality object at 0x7fe974126ad0&gt;
setup_response_generator = &lt;psy_supabase.core.rag_processor.RAGProcessor object at 0x7fe97046d450&gt;

    def test_response_handles_support_topic(self, setup_response_generator):
        """Test that support-related queries receive appropriate responses."""
        rag_processor = setup_response_generator
    
        mock_response = """It's great that you're looking for support. Having a strong support system is crucial for mental well-being.
    
        Would you like to discuss how to build or strengthen your support network?"""
    
        with patch.object(rag_processor.text_generator, 'generate_text', return_value=mock_response):
            response = rag_processor.generate_response(
                "I feel alone and need someone to talk to",
                session_id="test_support"
            )
    
            print(f"Support response: {response}")
    
            # Verify response quality
&gt;           assert "support" in response.lower(), "Response should mention support"
E           AssertionError: Response should mention support
E           assert 'support' in 'i cannot respond to this type of content. please use respectful and appropriate language.'
E            +  where 'i cannot respond to this type of content. please use respectful and appropriate language.' = &lt;built-in method lower of str object at 0x7fe9747d88a0&gt;()
E            +    where &lt;built-in method lower of str object at 0x7fe9747d88a0&gt; = 'I cannot respond to this type of content. Please use respectful and appropriate language.'.lower

tests/test_response_quality.py:314: AssertionError</failure></testcase><testcase classname="tests.test_response_quality.TestResponseQuality" name="test_response_handles_therapy_topic" time="0.235"><failure message="AssertionError: Response should mention therapy&#10;assert 'therapy' in 'i cannot respond to this type of content. please use respectful and appropriate language.'&#10; +  where 'i cannot respond to this type of content. please use respectful and appropriate language.' = &lt;built-in method lower of str object at 0x7fe9747d88a0&gt;()&#10; +    where &lt;built-in method lower of str object at 0x7fe9747d88a0&gt; = 'I cannot respond to this type of content. Please use respectful and appropriate language.'.lower">self = &lt;tests.test_response_quality.TestResponseQuality object at 0x7fe9741880a0&gt;
setup_response_generator = &lt;psy_supabase.core.rag_processor.RAGProcessor object at 0x7fe9704a2950&gt;

    def test_response_handles_therapy_topic(self, setup_response_generator):
        """Test that therapy-related queries receive appropriate responses."""
        rag_processor = setup_response_generator
    
        mock_response = """Therapy can be a valuable resource for many people. It provides a safe space to explore feelings and develop coping strategies.
    
        Would you like to discuss different types of therapy or how to find a therapist?"""
    
        with patch.object(rag_processor.text_generator, 'generate_text', return_value=mock_response):
            response = rag_processor.generate_response(
                "I'm considering therapy but don't know where to start",
                session_id="test_therapy"
            )
    
            print(f"Therapy response: {response}")
    
            # Verify response quality
&gt;           assert "therapy" in response.lower(), "Response should mention therapy"
E           AssertionError: Response should mention therapy
E           assert 'therapy' in 'i cannot respond to this type of content. please use respectful and appropriate language.'
E            +  where 'i cannot respond to this type of content. please use respectful and appropriate language.' = &lt;built-in method lower of str object at 0x7fe9747d88a0&gt;()
E            +    where &lt;built-in method lower of str object at 0x7fe9747d88a0&gt; = 'I cannot respond to this type of content. Please use respectful and appropriate language.'.lower

tests/test_response_quality.py:334: AssertionError</failure></testcase><testcase classname="tests.test_response_quality.TestResponseQuality" name="test_response_handles_mindfulness_topic" time="0.235"><failure message="AssertionError: Response should mention mindfulness&#10;assert 'mindfulness' in 'i cannot respond to this type of content. please use respectful and appropriate language.'&#10; +  where 'i cannot respond to this type of content. please use respectful and appropriate language.' = &lt;built-in method lower of str object at 0x7fe9747d88a0&gt;()&#10; +    where &lt;built-in method lower of str object at 0x7fe9747d88a0&gt; = 'I cannot respond to this type of content. Please use respectful and appropriate language.'.lower">self = &lt;tests.test_response_quality.TestResponseQuality object at 0x7fe97418a080&gt;
setup_response_generator = &lt;psy_supabase.core.rag_processor.RAGProcessor object at 0x7fe97043f460&gt;

    def test_response_handles_mindfulness_topic(self, setup_response_generator):
        """Test that mindfulness-related queries receive appropriate responses."""
        rag_processor = setup_response_generator
    
        mock_response = """Mindfulness is a powerful tool for managing stress and anxiety. It involves being present in the moment and accepting your thoughts and feelings without judgment.
    
        Would you like to explore some mindfulness exercises or techniques?"""
    
        with patch.object(rag_processor.text_generator, 'generate_text', return_value=mock_response):
            response = rag_processor.generate_response(
                "I'm interested in mindfulness but don't know how to start",
                session_id="test_mindfulness"
            )
    
            print(f"Mindfulness response: {response}")
    
            # Verify response quality
&gt;           assert "mindfulness" in response.lower(), "Response should mention mindfulness"
E           AssertionError: Response should mention mindfulness
E           assert 'mindfulness' in 'i cannot respond to this type of content. please use respectful and appropriate language.'
E            +  where 'i cannot respond to this type of content. please use respectful and appropriate language.' = &lt;built-in method lower of str object at 0x7fe9747d88a0&gt;()
E            +    where &lt;built-in method lower of str object at 0x7fe9747d88a0&gt; = 'I cannot respond to this type of content. Please use respectful and appropriate language.'.lower

tests/test_response_quality.py:354: AssertionError</failure></testcase><testcase classname="tests.test_response_quality.TestResponseQuality" name="test_response_handles_communication_topic" time="0.235"><failure message="AssertionError: Response should mention communication&#10;assert 'communication' in 'i cannot respond to this type of content. please use respectful and appropriate language.'&#10; +  where 'i cannot respond to this type of content. please use respectful and appropriate language.' = &lt;built-in method lower of str object at 0x7fe9747d88a0&gt;()&#10; +    where &lt;built-in method lower of str object at 0x7fe9747d88a0&gt; = 'I cannot respond to this type of content. Please use respectful and appropriate language.'.lower">self = &lt;tests.test_response_quality.TestResponseQuality object at 0x7fe97418a410&gt;
setup_response_generator = &lt;psy_supabase.core.rag_processor.RAGProcessor object at 0x7fe960065870&gt;

    def test_response_handles_communication_topic(self, setup_response_generator):
        """Test that communication-related queries receive appropriate responses."""
        rag_processor = setup_response_generator
    
        mock_response = """Effective communication is key to healthy relationships. It involves active listening and expressing your thoughts and feelings clearly.
    
        Would you like to discuss some strategies for improving communication with others?"""
    
        with patch.object(rag_processor.text_generator, 'generate_text', return_value=mock_response):
            response = rag_processor.generate_response(
                "I struggle to communicate my feelings to others",
                session_id="test_communication"
            )
    
            print(f"Communication response: {response}")
    
            # Verify response quality
&gt;           assert "communication" in response.lower(), "Response should mention communication"
E           AssertionError: Response should mention communication
E           assert 'communication' in 'i cannot respond to this type of content. please use respectful and appropriate language.'
E            +  where 'i cannot respond to this type of content. please use respectful and appropriate language.' = &lt;built-in method lower of str object at 0x7fe9747d88a0&gt;()
E            +    where &lt;built-in method lower of str object at 0x7fe9747d88a0&gt; = 'I cannot respond to this type of content. Please use respectful and appropriate language.'.lower

tests/test_response_quality.py:374: AssertionError</failure></testcase><testcase classname="tests.test_response_quality.TestResponseQuality" name="test_response_handles_addiction_topic" time="0.260"><failure message="AssertionError: Response should mention addiction&#10;assert 'addiction' in 'i cannot respond to this type of content. please use respectful and appropriate language.'&#10; +  where 'i cannot respond to this type of content. please use respectful and appropriate language.' = &lt;built-in method lower of str object at 0x7fe9747d88a0&gt;()&#10; +    where &lt;built-in method lower of str object at 0x7fe9747d88a0&gt; = 'I cannot respond to this type of content. Please use respectful and appropriate language.'.lower">self = &lt;tests.test_response_quality.TestResponseQuality object at 0x7fe9741264a0&gt;
setup_response_generator = &lt;psy_supabase.core.rag_processor.RAGProcessor object at 0x7fe96009cfd0&gt;

    def test_response_handles_addiction_topic(self, setup_response_generator):
        """Test that addiction-related queries receive appropriate responses."""
        rag_processor = setup_response_generator
    
        mock_response = """Addiction is a complex issue that affects many people. It's important to seek help and support when dealing with addiction.
    
        Would you like to discuss some resources or strategies for managing addiction?"""
    
        with patch.object(rag_processor.text_generator, 'generate_text', return_value=mock_response):
            response = rag_processor.generate_response(
                "I'm struggling with addiction and need help",
                session_id="test_addiction"
            )
    
            print(f"Addiction response: {response}")
    
            # Verify response quality
&gt;           assert "addiction" in response.lower(), "Response should mention addiction"
E           AssertionError: Response should mention addiction
E           assert 'addiction' in 'i cannot respond to this type of content. please use respectful and appropriate language.'
E            +  where 'i cannot respond to this type of content. please use respectful and appropriate language.' = &lt;built-in method lower of str object at 0x7fe9747d88a0&gt;()
E            +    where &lt;built-in method lower of str object at 0x7fe9747d88a0&gt; = 'I cannot respond to this type of content. Please use respectful and appropriate language.'.lower

tests/test_response_quality.py:394: AssertionError</failure></testcase><testcase classname="tests.test_response_quality.TestResponseQuality" name="test_response_handles_suicidal_thoughts_topic" time="0.241"><failure message="AssertionError: Response should mention help&#10;assert 'help' in 'i cannot respond to this type of content. please use respectful and appropriate language.'&#10; +  where 'i cannot respond to this type of content. please use respectful and appropriate language.' = &lt;built-in method lower of str object at 0x7fe9747d88a0&gt;()&#10; +    where &lt;built-in method lower of str object at 0x7fe9747d88a0&gt; = 'I cannot respond to this type of content. Please use respectful and appropriate language.'.lower">self = &lt;tests.test_response_quality.TestResponseQuality object at 0x7fe9741250c0&gt;
setup_response_generator = &lt;psy_supabase.core.rag_processor.RAGProcessor object at 0x7fe9600d5870&gt;

    def test_response_handles_suicidal_thoughts_topic(self, setup_response_generator):
        """Test that suicidal thoughts-related queries receive appropriate responses."""
        rag_processor = setup_response_generator
    
        mock_response = """I'm really sorry to hear that you're feeling this way. It's important to talk to someone who can help you, like a mental health professional or a trusted person in your life.
    
        You are not alone, and there are people who care about you and want to help. Please consider reaching out for support."""
    
        with patch.object(rag_processor.text_generator, 'generate_text', return_value=mock_response):
            response = rag_processor.generate_response(
                "I'm having thoughts of hurting myself",
                session_id="test_suicidal_thoughts"
            )
    
            print(f"Suicidal thoughts response: {response}")
    
            # Verify response quality
&gt;           assert "help" in response.lower(), "Response should mention help"
E           AssertionError: Response should mention help
E           assert 'help' in 'i cannot respond to this type of content. please use respectful and appropriate language.'
E            +  where 'i cannot respond to this type of content. please use respectful and appropriate language.' = &lt;built-in method lower of str object at 0x7fe9747d88a0&gt;()
E            +    where &lt;built-in method lower of str object at 0x7fe9747d88a0&gt; = 'I cannot respond to this type of content. Please use respectful and appropriate language.'.lower

tests/test_response_quality.py:414: AssertionError</failure></testcase><testcase classname="tests.test_response_quality.TestResponseQuality" name="test_response_handles_anger_topic" time="0.231"><failure message="AssertionError: Response should mention anger&#10;assert 'anger' in 'i cannot respond to this type of content. please use respectful and appropriate language.'&#10; +  where 'i cannot respond to this type of content. please use respectful and appropriate language.' = &lt;built-in method lower of str object at 0x7fe9747d88a0&gt;()&#10; +    where &lt;built-in method lower of str object at 0x7fe9747d88a0&gt; = 'I cannot respond to this type of content. Please use respectful and appropriate language.'.lower">self = &lt;tests.test_response_quality.TestResponseQuality object at 0x7fe974189e40&gt;
setup_response_generator = &lt;psy_supabase.core.rag_processor.RAGProcessor object at 0x7fe97043ed70&gt;

    def test_response_handles_anger_topic(self, setup_response_generator):
        """Test that anger-related queries receive appropriate responses."""
        rag_processor = setup_response_generator
    
        mock_response = """I understand that you're feeling angry. Anger is a normal emotion, but it's important to find healthy ways to express and manage it.
    
        Would you like to discuss some techniques for coping with anger, such as deep breathing or physical activity?"""
    
        with patch.object(rag_processor.text_generator, 'generate_text', return_value=mock_response):
            response = rag_processor.generate_response(
                "I'm really angry and don't know how to deal with it",
                session_id="test_anger"
            )
    
            print(f"Anger response: {response}")
    
            # Verify response quality
&gt;           assert "anger" in response.lower(), "Response should mention anger"
E           AssertionError: Response should mention anger
E           assert 'anger' in 'i cannot respond to this type of content. please use respectful and appropriate language.'
E            +  where 'i cannot respond to this type of content. please use respectful and appropriate language.' = &lt;built-in method lower of str object at 0x7fe9747d88a0&gt;()
E            +    where &lt;built-in method lower of str object at 0x7fe9747d88a0&gt; = 'I cannot respond to this type of content. Please use respectful and appropriate language.'.lower

tests/test_response_quality.py:436: AssertionError</failure></testcase><testcase classname="tests.test_response_quality.TestResponseQuality" name="test_response_handles_grief_topic" time="0.229" /><testcase classname="tests.test_response_quality.TestResponseQuality" name="test_response_handles_anxiety_topic" time="0.241"><failure message="AssertionError: Response should mention anxiety&#10;assert 'anxiety' in 'i cannot respond to this type of content. please use respectful and appropriate language.'&#10; +  where 'i cannot respond to this type of content. please use respectful and appropriate language.' = &lt;built-in method lower of str object at 0x7fe9747d88a0&gt;()&#10; +    where &lt;built-in method lower of str object at 0x7fe9747d88a0&gt; = 'I cannot respond to this type of content. Please use respectful and appropriate language.'.lower">self = &lt;tests.test_response_quality.TestResponseQuality object at 0x7fe97418a9b0&gt;
setup_response_generator = &lt;psy_supabase.core.rag_processor.RAGProcessor object at 0x7fe97043d4b0&gt;

    def test_response_handles_anxiety_topic(self, setup_response_generator):
        """Test that anxiety-related queries receive appropriate responses."""
        rag_processor = setup_response_generator
    
        mock_response = """I understand you're experiencing anxiety. Many people struggle with anxiety, and it can be overwhelming.
    
        Anxiety often manifests as both physical sensations (like rapid heartbeat or shallow breathing) and racing thoughts about potential threats or dangers.
    
        Some strategies that may help include deep breathing exercises, grounding techniques, and gradually facing situations that trigger anxiety with proper support."""
    
        with patch.object(rag_processor.text_generator, 'generate_text', return_value=mock_response):
            response = rag_processor.generate_response(
                "I'm constantly anxious and worried about everything",
                session_id="test_anxiety"
            )
    
            print(f"Anxiety response: {response}")
    
            # Verify response quality
&gt;           assert "anxiety" in response.lower(), "Response should mention anxiety"
E           AssertionError: Response should mention anxiety
E           assert 'anxiety' in 'i cannot respond to this type of content. please use respectful and appropriate language.'
E            +  where 'i cannot respond to this type of content. please use respectful and appropriate language.' = &lt;built-in method lower of str object at 0x7fe9747d88a0&gt;()
E            +    where &lt;built-in method lower of str object at 0x7fe9747d88a0&gt; = 'I cannot respond to this type of content. Please use respectful and appropriate language.'.lower

tests/test_response_quality.py:463: AssertionError</failure></testcase><testcase classname="tests.test_response_quality.TestResponseQuality" name="test_response_handles_trauma_topic" time="0.264"><failure message="AssertionError: Response should show empathy&#10;assert ('sorry' in 'i cannot respond to this type of content. please use respectful and appropriate language.' or 'understand' in 'i cannot respond to this type of content. please use respectful and appropriate language.')&#10; +  where 'i cannot respond to this type of content. please use respectful and appropriate language.' = &lt;built-in method lower of str object at 0x7fe9747d88a0&gt;()&#10; +    where &lt;built-in method lower of str object at 0x7fe9747d88a0&gt; = 'I cannot respond to this type of content. Please use respectful and appropriate language.'.lower&#10; +  and   'i cannot respond to this type of content. please use respectful and appropriate language.' = &lt;built-in method lower of str object at 0x7fe9747d88a0&gt;()&#10; +    where &lt;built-in method lower of str object at 0x7fe9747d88a0&gt; = 'I cannot respond to this type of content. Please use respectful and appropriate language.'.lower">self = &lt;tests.test_response_quality.TestResponseQuality object at 0x7fe97418ad10&gt;
setup_response_generator = &lt;psy_supabase.core.rag_processor.RAGProcessor object at 0x7fe97043c3d0&gt;

    def test_response_handles_trauma_topic(self, setup_response_generator):
        """Test that trauma-related queries receive sensitive responses."""
        rag_processor = setup_response_generator
    
        mock_response = """I'm truly sorry to hear about the trauma you've experienced. Your feelings are valid, and it took courage to share this.
    
        Healing from trauma is a personal journey that takes time. Many people find that working with a trauma-informed therapist can be helpful.
    
        In the meantime, focusing on safety and self-care is important. Would you like to discuss some grounding techniques that might help when difficult memories arise?"""
    
        with patch.object(rag_processor.text_generator, 'generate_text', return_value=mock_response):
            response = rag_processor.generate_response(
                "I experienced a traumatic event and can't stop thinking about it",
                session_id="test_trauma"
            )
    
            print(f"Trauma response: {response}")
    
            # Verify trauma-appropriate response
&gt;           assert "sorry" in response.lower() or "understand" in response.lower(), "Response should show empathy"
E           AssertionError: Response should show empathy
E           assert ('sorry' in 'i cannot respond to this type of content. please use respectful and appropriate language.' or 'understand' in 'i cannot respond to this type of content. please use respectful and appropriate language.')
E            +  where 'i cannot respond to this type of content. please use respectful and appropriate language.' = &lt;built-in method lower of str object at 0x7fe9747d88a0&gt;()
E            +    where &lt;built-in method lower of str object at 0x7fe9747d88a0&gt; = 'I cannot respond to this type of content. Please use respectful and appropriate language.'.lower
E            +  and   'i cannot respond to this type of content. please use respectful and appropriate language.' = &lt;built-in method lower of str object at 0x7fe9747d88a0&gt;()
E            +    where &lt;built-in method lower of str object at 0x7fe9747d88a0&gt; = 'I cannot respond to this type of content. Please use respectful and appropriate language.'.lower

tests/test_response_quality.py:486: AssertionError</failure></testcase><testcase classname="tests.test_response_quality.TestResponseQuality" name="test_response_handles_empty_input" time="0.237" /><testcase classname="tests.test_response_quality.TestResponseQuality" name="test_response_handles_invalid_input" time="0.245" /><testcase classname="tests.test_response_quality.TestResponseQuality" name="test_response_handles_long_input" time="0.242" /><testcase classname="tests.test_response_quality.TestResponseQuality" name="test_response_handles_special_characters" time="0.278"><failure message="AssertionError: Response should offer support&#10;assert False">self = &lt;tests.test_response_quality.TestResponseQuality object at 0x7fe97418b850&gt;
setup_response_generator = &lt;psy_supabase.core.rag_processor.RAGProcessor object at 0x7fe9600959f0&gt;

    def test_response_handles_special_characters(self, setup_response_generator):
        """Test that special characters in input are handled gracefully."""
        rag_processor = setup_response_generator
    
        special_input = "I'm feeling really down lately! Can you help me with my anxiety? @#$%^&amp;*()"
        response = rag_processor.generate_response(special_input, session_id="test_special")
    
        print(f"Special characters input response: {response}")
    
        has_supportive_language = any(term in response.lower() for term in SUPPORTIVE_TERMS)
        # Should provide a helpful, non-error response
        assert response, "Response should not be empty"
        assert len(response) &gt; 20, "Response should have meaningful content"
&gt;       assert has_supportive_language, "Response should offer support"
E       AssertionError: Response should offer support
E       assert False

tests/test_response_quality.py:556: AssertionError</failure></testcase><testcase classname="tests.test_response_quality.TestResponseQuality" name="test_response_handles_multiple_topics" time="0.234"><failure message="AssertionError: Response should mention stress&#10;assert 'stress' in 'i cannot respond to this type of content. please use respectful and appropriate language.'&#10; +  where 'i cannot respond to this type of content. please use respectful and appropriate language.' = &lt;built-in method lower of str object at 0x7fe9747d88a0&gt;()&#10; +    where &lt;built-in method lower of str object at 0x7fe9747d88a0&gt; = 'I cannot respond to this type of content. Please use respectful and appropriate language.'.lower">self = &lt;tests.test_response_quality.TestResponseQuality object at 0x7fe97418b9a0&gt;
setup_response_generator = &lt;psy_supabase.core.rag_processor.RAGProcessor object at 0x7fe97418a380&gt;

    def test_response_handles_multiple_topics(self, setup_response_generator):
        """Test that responses can handle multiple topics in one input."""
        rag_processor = setup_response_generator
    
        mock_response = """I understand you're feeling overwhelmed with both stress and anxiety. It's common to feel this way, especially when facing multiple challenges.
    
        Some techniques that may help include deep breathing exercises, mindfulness, and talking to someone about your feelings.
    
        Would you like to explore some specific strategies for managing both stress and anxiety?"""
    
        with patch.object(rag_processor.text_generator, 'generate_text', return_value=mock_response):
            response = rag_processor.generate_response(
                "I'm feeling really stressed and anxious about everything",
                session_id="test_multiple_topics"
            )
    
            print(f"Multiple topics response: {response}")
    
            # Verify response quality
&gt;           assert "stress" in response.lower(), "Response should mention stress"
E           AssertionError: Response should mention stress
E           assert 'stress' in 'i cannot respond to this type of content. please use respectful and appropriate language.'
E            +  where 'i cannot respond to this type of content. please use respectful and appropriate language.' = &lt;built-in method lower of str object at 0x7fe9747d88a0&gt;()
E            +    where &lt;built-in method lower of str object at 0x7fe9747d88a0&gt; = 'I cannot respond to this type of content. Please use respectful and appropriate language.'.lower

tests/test_response_quality.py:580: AssertionError</failure></testcase><testcase classname="tests.test_response_quality.TestResponseQuality" name="test_response_handles_cultural_sensitivity" time="0.242"><failure message="AssertionError: Response should mention cultural sensitivity&#10;assert 'cultural' in 'i cannot respond to this type of content. please use respectful and appropriate language.'&#10; +  where 'i cannot respond to this type of content. please use respectful and appropriate language.' = &lt;built-in method lower of str object at 0x7fe9747d88a0&gt;()&#10; +    where &lt;built-in method lower of str object at 0x7fe9747d88a0&gt; = 'I cannot respond to this type of content. Please use respectful and appropriate language.'.lower">self = &lt;tests.test_response_quality.TestResponseQuality object at 0x7fe97418bca0&gt;
setup_response_generator = &lt;psy_supabase.core.rag_processor.RAGProcessor object at 0x7fe960067970&gt;

    def test_response_handles_cultural_sensitivity(self, setup_response_generator):
        """Test that responses are culturally sensitive and appropriate."""
        rag_processor = setup_response_generator
    
        mock_response = """I understand that cultural differences can impact how we express and experience emotions. It's important to approach these topics with sensitivity and respect.
    
        Would you like to discuss how cultural factors may influence your feelings or coping strategies?"""
    
        with patch.object(rag_processor.text_generator, 'generate_text', return_value=mock_response):
            response = rag_processor.generate_response(
                "I'm feeling overwhelmed and want to talk about my cultural background",
                session_id="test_cultural_sensitivity"
            )
    
            print(f"Cultural sensitivity response: {response}")
    
            # Verify response quality
&gt;           assert "cultural" in response.lower(), "Response should mention cultural sensitivity"
E           AssertionError: Response should mention cultural sensitivity
E           assert 'cultural' in 'i cannot respond to this type of content. please use respectful and appropriate language.'
E            +  where 'i cannot respond to this type of content. please use respectful and appropriate language.' = &lt;built-in method lower of str object at 0x7fe9747d88a0&gt;()
E            +    where &lt;built-in method lower of str object at 0x7fe9747d88a0&gt; = 'I cannot respond to this type of content. Please use respectful and appropriate language.'.lower

tests/test_response_quality.py:601: AssertionError</failure></testcase><testcase classname="tests.test_response_quality.TestResponseQuality" name="test_response_handles_mental_health_resources" time="0.231"><failure message="AssertionError: Response should mention mental health resources&#10;assert 'resources' in 'i cannot respond to this type of content. please use respectful and appropriate language.'&#10; +  where 'i cannot respond to this type of content. please use respectful and appropriate language.' = &lt;built-in method lower of str object at 0x7fe9747d88a0&gt;()&#10; +    where &lt;built-in method lower of str object at 0x7fe9747d88a0&gt; = 'I cannot respond to this type of content. Please use respectful and appropriate language.'.lower">self = &lt;tests.test_response_quality.TestResponseQuality object at 0x7fe97418bdc0&gt;
setup_response_generator = &lt;psy_supabase.core.rag_processor.RAGProcessor object at 0x7fe9600b4610&gt;

    def test_response_handles_mental_health_resources(self, setup_response_generator):
        """Test that responses provide information about mental health resources."""
        rag_processor = setup_response_generator
    
        mock_response = """There are many resources available for mental health support. Some options include therapy, support groups, and hotlines.
    
        Would you like to discuss some specific resources that might be helpful for you?"""
    
        with patch.object(rag_processor.text_generator, 'generate_text', return_value=mock_response):
            response = rag_processor.generate_response(
                "I'm looking for mental health resources",
                session_id="test_resources"
            )
    
            print(f"Mental health resources response: {response}")
    
            # Verify response quality
&gt;           assert "resources" in response.lower(), "Response should mention mental health resources"
E           AssertionError: Response should mention mental health resources
E           assert 'resources' in 'i cannot respond to this type of content. please use respectful and appropriate language.'
E            +  where 'i cannot respond to this type of content. please use respectful and appropriate language.' = &lt;built-in method lower of str object at 0x7fe9747d88a0&gt;()
E            +    where &lt;built-in method lower of str object at 0x7fe9747d88a0&gt; = 'I cannot respond to this type of content. Please use respectful and appropriate language.'.lower

tests/test_response_quality.py:624: AssertionError</failure></testcase><testcase classname="tests.test_response_quality.TestResponseQuality" name="test_response_handles_urgent_support" time="0.266"><failure message="AssertionError: Response should mention urgent support&#10;assert 'urgent' in 'i cannot respond to this type of content. please use respectful and appropriate language.'&#10; +  where 'i cannot respond to this type of content. please use respectful and appropriate language.' = &lt;built-in method lower of str object at 0x7fe9747d88a0&gt;()&#10; +    where &lt;built-in method lower of str object at 0x7fe9747d88a0&gt; = 'I cannot respond to this type of content. Please use respectful and appropriate language.'.lower">self = &lt;tests.test_response_quality.TestResponseQuality object at 0x7fe9741886a0&gt;
setup_response_generator = &lt;psy_supabase.core.rag_processor.RAGProcessor object at 0x7fe97043cb50&gt;

    def test_response_handles_urgent_support(self, setup_response_generator):
        """Test that responses provide information about urgent support options."""
        rag_processor = setup_response_generator
    
        mock_response = """If you're in crisis or need immediate support, please reach out to a mental health professional or a crisis hotline.
    
        Your safety is the most important thing. Would you like help finding resources for urgent support?"""
    
        with patch.object(rag_processor.text_generator, 'generate_text', return_value=mock_response):
            response = rag_processor.generate_response(
                "I'm in crisis and need urgent help",
                session_id="test_urgent_support"
            )
    
            print(f"Urgent support response: {response}")
    
            # Verify response quality
&gt;           assert "urgent" in response.lower(), "Response should mention urgent support"
E           AssertionError: Response should mention urgent support
E           assert 'urgent' in 'i cannot respond to this type of content. please use respectful and appropriate language.'
E            +  where 'i cannot respond to this type of content. please use respectful and appropriate language.' = &lt;built-in method lower of str object at 0x7fe9747d88a0&gt;()
E            +    where &lt;built-in method lower of str object at 0x7fe9747d88a0&gt; = 'I cannot respond to this type of content. Please use respectful and appropriate language.'.lower

tests/test_response_quality.py:648: AssertionError</failure></testcase><testcase classname="tests.test_simple_mock" name="test_mock_called" time="0.117" /><testcase classname="tests.test_simple_save_interaction" name="test_simple_save_interaction" time="0.116" /><testcase classname="tests.test_simplified" name="test_rag_processor_simplified" time="0.127" /><testcase classname="tests.test_spy_object" name="test_with_autospec_mock" time="0.177" /><testcase classname="tests.test_template_debug.TestTemplateDebugging" name="test_identify_iteration_point" time="0.132" /><testcase classname="tests.test_template_debug.TestTemplateDebugging" name="test_debug_prompt_splitting" time="0.123" /><testcase classname="tests.test_template_debug.TestTemplateDebugging" name="test_isolate_mock_issues" time="0.144" /><testcase classname="tests.test_template_debug.TestTemplateDebugging" name="test_bypass_template_rendering" time="0.132" /><testcase classname="tests.test_template_debug.TestTemplateDebugging" name="test_reproduce_issue_step_by_step" time="0.124" /><testcase classname="tests.test_template_debug.TestTemplateDebugging" name="test_real_template_with_mock_functions" time="0.128" /><testcase classname="tests.test_template_debug.TestTemplateDebugging" name="test_inspect_template_loading_code" time="0.134" /><testcase classname="tests.test_template_debug.TestTemplateDebugging" name="test_pinpoint_template_render_issue" time="0.128" /><testcase classname="tests.test_template_debug.TestTemplateDebugging" name="test_fix_template_implementation" time="0.123" /><testcase classname="tests.test_template_debug.TestTemplateDebugging" name="test_example_with_clean_setup" time="0.417" /><testcase classname="tests.test_text_generator.TestTextGenerator" name="test_emotion_detection_happy" time="0.127" /><testcase classname="tests.test_text_generator.TestTextGenerator" name="test_emotion_detection_sad" time="0.128" /><testcase classname="tests.test_text_generator.TestTextGenerator" name="test_emotion_detection_angry" time="0.124" /><testcase classname="tests.test_text_generator.TestTextGenerator" name="test_emotion_detection_anxious" time="0.135" /><testcase classname="tests.test_text_generator.TestTextGenerator" name="test_neutral_emotion_handling" time="0.125" /><testcase classname="tests.test_text_generator.TestTextGenerator" name="test_template_rendering" time="0.122" /><testcase classname="tests.test_text_generator.TestTextGenerator" name="test_conversation_history_integration" time="0.128" /><testcase classname="tests.test_text_generator.TestTextGenerator" name="test_emotion_detection_with_complex_input" time="0.139" /><testcase classname="tests.test_text_generator.TestTextGenerator" name="test_error_handling_in_emotion_detection" time="0.123" /><testcase classname="tests.test_text_generator.TestTextGenerator" name="test_emotion_detection_integration" time="0.131" /><testcase classname="tests.test_text_generator.TestTextGenerator" name="test_debug_emotion_detection" time="0.124" /><testcase classname="tests.test_text_generator.TestTextGenerator" name="test_emotion_detection_happy_alternative" time="0.123" /><testcase classname="tests.test_text_generator_2.TestTherapeuticResponse" name="test_emotion_analysis_and_context_creation" time="0.126" /><testcase classname="tests.test_text_generator_2.TestTherapeuticResponse" name="test_category_information_addition" time="0.126" /><testcase classname="tests.test_text_generator_2.TestTherapeuticResponse" name="test_token_count_checking_and_truncation" time="0.116" /><testcase classname="tests.test_text_generator_2.TestTherapeuticResponse" name="test_conversation_history_integration" time="0.128" /><testcase classname="tests.test_text_generator_2.TestTherapeuticResponse" name="test_short_response_handling" time="0.129" /><testcase classname="tests.test_text_generator_2.TestTherapeuticResponse" name="test_memory_optimization_for_gpu" time="0.001"><skipped type="pytest.skip" message="CUDA not available">/home/runner/work/psy-supabase/psy-supabase/tests/test_text_generator_2.py:186: CUDA not available</skipped></testcase><testcase classname="tests.test_text_generator_2.TestTherapeuticResponse" name="test_error_handling" time="0.118" /><testcase classname="tests.test_text_generator_2.TestTherapeuticResponse" name="test_emotion_analysis_with_debug" time="0.125" /><testcase classname="tests.test_text_generator_2_fix" name="test_token_count_checking_and_truncation" time="0.154" /><testcase classname="tests.test_text_generator_2_fix" name="test_conversation_history_integration" time="0.150" /><testcase classname="tests.test_text_generator_2_fix" name="test_error_handling" time="0.151" /><testcase classname="tests.test_topic_emotion_detection.TestTopicEmotionDetection" name="test_topic_detection_confidence_scores" time="0.121" /><testcase classname="tests.test_topic_emotion_detection.TestTopicEmotionDetection" name="test_emotion_detection_confidence_scores" time="0.141" /><testcase classname="tests.test_topic_emotion_detection.TestTopicEmotionDetection" name="test_subtle_topic_detection" time="0.125" /><testcase classname="tests.test_topic_emotion_detection.TestTopicEmotionDetection" name="test_database_topic_extraction" time="0.130" /><testcase classname="tests.test_topic_emotion_detection.TestTopicEmotionDetection" name="test_confidence_threshold_validation" time="0.122" /><testcase classname="tests.test_topic_emotion_detection.TestTopicEmotionDetection" name="test_analyze_question_parameters" time="0.121" /><testcase classname="tests.test_topic_emotion_detection.TestTopicEmotionDetection" name="test_topic_mapping_consistency" time="0.121" /><testcase classname="tests.test_topic_emotion_detection.TestTopicEmotionDetection" name="test_emotion_detection_accuracy" time="0.125" /><testcase classname="tests.test_utilities" name="test_detect_repetition_pattern" time="0.116" /><testcase classname="tests.test_utilities" name="test_detect_repetition_pattern_no_fixation" time="0.141" /><testcase classname="tests.test_utilities" name="test_detect_repetition_pattern_empty" time="0.124" /><testcase classname="tests.test_utilities" name="test_detect_repetition_pattern_keep_words_filtering" time="0.119" /><testcase classname="tests.test_utilities" name="test_detect_repetition_pattern_only_common_words" time="0.122" /><testcase classname="tests.test_vector_integration" name="test_database_manager_uses_vector_utils_module" time="0.120" /><testcase classname="tests.test_vector_integration" name="test_database_manager_vector_operations_error_handling" time="0.123" /><testcase classname="tests.test_vector_integration" name="test_vector_utilities_module_imported" time="0.128" /><testcase classname="tests.test_vector_utils" name="test_optimize_vector_operations_all_operations" time="0.124" /><testcase classname="tests.test_vector_utils" name="test_optimize_vector_operations_no_operations" time="0.124" /><testcase classname="tests.test_vector_utils" name="test_batch_enrich_interactions" time="0.138" /><testcase classname="tests.test_vector_utils" name="test_batch_enrich_interactions_no_data" time="0.123" /><testcase classname="tests.test_vector_utils" name="test_ensure_vector_indexes_already_exists" time="0.121" /><testcase classname="tests.test_vector_utils" name="test_ensure_vector_indexes_create_needed" time="0.122" /><testcase classname="tests.test_vector_utils" name="test_update_table_statistics_success" time="0.120" /><testcase classname="tests.test_vector_utils" name="test_update_table_statistics_error" time="0.118" /><testcase classname="tests.test_vector_utils" name="test_vector_format_validation" time="0.118" /><testcase classname="tests.test_vector_utils" name="test_find_similar_interactions_parameter_validation" time="0.119" /><testcase classname="tests.test_vector_utils" name="test_unified_vector_search" time="0.137" /><testcase classname="tests.test_vector_utils_integration.TestVectorUtilsIntegration" name="test_batch_enrich_interactions" time="0.839" /><testcase classname="tests.test_vector_utils_integration.TestVectorUtilsIntegration" name="test_format_vector_for_pgvector" time="0.577" /><testcase classname="tests.test_vector_utils_integration.TestVectorUtilsIntegration" name="test_optimize_vector_operations_integration" time="1.004" /><testcase classname="tests.test_vector_utils_integration.TestVectorUtilsIntegration" name="test_parameter_validation" time="0.567" /><testcase classname="tests.test_vector_utils_integration.TestVectorUtilsIntegration" name="test_real_db_ensure_vector_indexes" time="0.890" /><testcase classname="tests.test_vector_utils_integration.TestVectorUtilsIntegration" name="test_redundancy_elimination" time="0.756" /><testcase classname="tests.test_vector_utils_integration.TestVectorUtilsIntegration" name="test_unified_vector_search" time="0.737" /><testcase classname="tests.test_vector_utils_integration.TestVectorUtilsIntegration" name="test_validate_vector_format" time="1.250" /></testsuite></testsuites>