<?xml version="1.0" encoding="utf-8"?><testsuites><testsuite name="pytest" errors="1" failures="0" skipped="0" tests="1" time="6.832" timestamp="2025-04-09T13:17:10.221028+00:00" hostname="fv-az1118-840"><testcase classname="" name="tests.test_rag_debug" time="0.000"><error message="collection failure">ImportError while importing test module '/home/runner/work/psy-supabase/psy-supabase/tests/test_rag_debug.py'.
Hint: make sure your test modules/packages have valid Python names.
Traceback:
/opt/hostedtoolcache/Python/3.10.16/x64/lib/python3.10/importlib/__init__.py:126: in import_module
    return _bootstrap._gcd_import(name[level:], package, level)
tests/test_rag_debug.py:5: in &lt;module&gt;
    from tests.helpers.database_test_base import DatabaseTestBase, get_optimal_device_for_testing
E   ImportError: cannot import name 'get_optimal_device_for_testing' from 'tests.helpers.database_test_base' (/home/runner/work/psy-supabase/psy-supabase/tests/helpers/database_test_base.py)</error></testcase></testsuite></testsuites>